{"/home/micha/macro-tracker/app/error.tsx": {"path":"/home/micha/macro-tracker/app/error.tsx","statementMap":{"0":{"start":{"line":8,"column":24},"end":{"line":8,"column":36}},"1":{"start":{"line":3,"column":26},"end":{"line":3,"column":null}},"2":{"start":{"line":4,"column":23},"end":{"line":4,"column":null}},"3":{"start":{"line":5,"column":74},"end":{"line":5,"column":null}},"4":{"start":{"line":6,"column":47},"end":{"line":6,"column":null}},"5":{"start":{"line":15,"column":2},"end":{"line":17,"column":null}},"6":{"start":{"line":16,"column":4},"end":{"line":16,"column":null}},"7":{"start":{"line":50,"column":76},"end":{"line":50,"column":null}}},"fnMap":{"0":{"name":"GlobalError","decl":{"start":{"line":8,"column":24},"end":{"line":8,"column":36}},"loc":{"start":{"line":14,"column":1},"end":{"line":67,"column":null}}},"1":{"name":"(anonymous_2)","decl":{"start":{"line":15,"column":12},"end":{"line":15,"column":null}},"loc":{"start":{"line":15,"column":12},"end":{"line":17,"column":5}}},"2":{"name":"(anonymous_3)","decl":{"start":{"line":50,"column":70},"end":{"line":50,"column":76}},"loc":{"start":{"line":50,"column":76},"end":{"line":50,"column":null}}}},"branchMap":{"0":{"loc":{"start":{"line":36,"column":43},"end":{"line":36,"column":null}},"type":"binary-expr","locations":[{"start":{"line":36,"column":43},"end":{"line":36,"column":56}},{"start":{"line":36,"column":60},"end":{"line":36,"column":null}}]},"1":{"loc":{"start":{"line":38,"column":17},"end":{"line":38,"column":29}},"type":"binary-expr","locations":[{"start":{"line":38,"column":17},"end":{"line":38,"column":29}}]}},"s":{"0":0,"1":0,"2":0,"3":0,"4":0,"5":0,"6":0,"7":0},"f":{"0":0,"1":0,"2":0},"b":{"0":[0,0],"1":[0]}}
,"/home/micha/macro-tracker/app/layout.tsx": {"path":"/home/micha/macro-tracker/app/layout.tsx","statementMap":{"0":{"start":{"line":74,"column":24},"end":{"line":74,"column":35}},"1":{"start":{"line":10,"column":13},"end":{"line":10,"column":21}},"2":{"start":{"line":3,"column":22},"end":{"line":3,"column":null}},"3":{"start":{"line":4,"column":7},"end":{"line":4,"column":null}},"4":{"start":{"line":5,"column":29},"end":{"line":5,"column":null}},"5":{"start":{"line":6,"column":26},"end":{"line":6,"column":null}},"6":{"start":{"line":8,"column":14},"end":{"line":8,"column":null}},"7":{"start":{"line":10,"column":34},"end":{"line":72,"column":null}}},"fnMap":{"0":{"name":"RootLayout","decl":{"start":{"line":74,"column":24},"end":{"line":74,"column":35}},"loc":{"start":{"line":78,"column":2},"end":{"line":87,"column":1}}}},"branchMap":{"0":{"loc":{"start":{"line":22,"column":24},"end":{"line":22,"column":null}},"type":"binary-expr","locations":[{"start":{"line":22,"column":24},"end":{"line":22,"column":56}},{"start":{"line":22,"column":60},"end":{"line":22,"column":null}}]}},"s":{"0":0,"1":0,"2":0,"3":0,"4":0,"5":0,"6":0,"7":0},"f":{"0":0},"b":{"0":[0,0]}}
,"/home/micha/macro-tracker/app/page.tsx": {"path":"/home/micha/macro-tracker/app/page.tsx","statementMap":{"0":{"start":{"line":7,"column":24},"end":{"line":7,"column":null}},"1":{"start":{"line":3,"column":26},"end":{"line":3,"column":null}},"2":{"start":{"line":4,"column":26},"end":{"line":4,"column":null}},"3":{"start":{"line":5,"column":25},"end":{"line":5,"column":null}},"4":{"start":{"line":8,"column":17},"end":{"line":8,"column":null}},"5":{"start":{"line":10,"column":2},"end":{"line":34,"column":null}},"6":{"start":{"line":12,"column":23},"end":{"line":12,"column":null}},"7":{"start":{"line":13,"column":24},"end":{"line":13,"column":null}},"8":{"start":{"line":14,"column":25},"end":{"line":14,"column":null}},"9":{"start":{"line":16,"column":4},"end":{"line":33,"column":null}},"10":{"start":{"line":18,"column":6},"end":{"line":29,"column":null}},"11":{"start":{"line":22,"column":8},"end":{"line":28,"column":null}},"12":{"start":{"line":23,"column":10},"end":{"line":23,"column":null}},"13":{"start":{"line":24,"column":10},"end":{"line":24,"column":null}},"14":{"start":{"line":27,"column":10},"end":{"line":27,"column":null}},"15":{"start":{"line":32,"column":6},"end":{"line":32,"column":null}}},"fnMap":{"0":{"name":"Home","decl":{"start":{"line":7,"column":24},"end":{"line":7,"column":null}},"loc":{"start":{"line":7,"column":24},"end":{"line":44,"column":null}}},"1":{"name":"(anonymous_2)","decl":{"start":{"line":10,"column":12},"end":{"line":10,"column":null}},"loc":{"start":{"line":10,"column":12},"end":{"line":34,"column":5}}},"2":{"name":"(anonymous_3)","decl":{"start":{"line":21,"column":14},"end":{"line":21,"column":15}},"loc":{"start":{"line":21,"column":40},"end":{"line":29,"column":null}}}},"branchMap":{"0":{"loc":{"start":{"line":16,"column":4},"end":{"line":33,"column":null}},"type":"if","locations":[{"start":{"line":16,"column":4},"end":{"line":33,"column":null}},{"start":{"line":30,"column":11},"end":{"line":33,"column":null}}]},"1":{"loc":{"start":{"line":16,"column":8},"end":{"line":16,"column":37}},"type":"binary-expr","locations":[{"start":{"line":16,"column":8},"end":{"line":16,"column":23}},{"start":{"line":16,"column":23},"end":{"line":16,"column":37}}]},"2":{"loc":{"start":{"line":22,"column":8},"end":{"line":28,"column":null}},"type":"if","locations":[{"start":{"line":22,"column":8},"end":{"line":28,"column":null}},{"start":{"line":25,"column":15},"end":{"line":28,"column":null}}]}},"s":{"0":3,"1":1,"2":1,"3":1,"4":3,"5":3,"6":3,"7":3,"8":3,"9":3,"10":0,"11":0,"12":0,"13":0,"14":0,"15":3},"f":{"0":3,"1":3,"2":0},"b":{"0":[0,3],"1":[3,0],"2":[0,0]}}
,"/home/micha/macro-tracker/app/(auth)/error.tsx": {"path":"/home/micha/macro-tracker/app/(auth)/error.tsx","statementMap":{"0":{"start":{"line":9,"column":24},"end":{"line":9,"column":34}},"1":{"start":{"line":3,"column":26},"end":{"line":3,"column":null}},"2":{"start":{"line":4,"column":23},"end":{"line":4,"column":null}},"3":{"start":{"line":5,"column":74},"end":{"line":5,"column":null}},"4":{"start":{"line":6,"column":30},"end":{"line":6,"column":null}},"5":{"start":{"line":7,"column":17},"end":{"line":7,"column":null}},"6":{"start":{"line":16,"column":2},"end":{"line":18,"column":null}},"7":{"start":{"line":17,"column":4},"end":{"line":17,"column":null}}},"fnMap":{"0":{"name":"AuthError","decl":{"start":{"line":9,"column":24},"end":{"line":9,"column":34}},"loc":{"start":{"line":15,"column":1},"end":{"line":48,"column":null}}},"1":{"name":"(anonymous_3)","decl":{"start":{"line":16,"column":12},"end":{"line":16,"column":null}},"loc":{"start":{"line":16,"column":12},"end":{"line":18,"column":5}}}},"branchMap":{"0":{"loc":{"start":{"line":34,"column":13},"end":{"line":34,"column":null}},"type":"binary-expr","locations":[{"start":{"line":34,"column":13},"end":{"line":34,"column":26}},{"start":{"line":34,"column":30},"end":{"line":34,"column":null}}]}},"s":{"0":0,"1":0,"2":0,"3":0,"4":0,"5":0,"6":0,"7":0},"f":{"0":0,"1":0},"b":{"0":[0,0]}}
,"/home/micha/macro-tracker/app/(auth)/layout.tsx": {"path":"/home/micha/macro-tracker/app/(auth)/layout.tsx","statementMap":{"0":{"start":{"line":9,"column":24},"end":{"line":9,"column":35}},"1":{"start":{"line":5,"column":24},"end":{"line":5,"column":null}},"2":{"start":{"line":6,"column":26},"end":{"line":6,"column":null}},"3":{"start":{"line":7,"column":26},"end":{"line":7,"column":null}},"4":{"start":{"line":14,"column":30},"end":{"line":14,"column":null}},"5":{"start":{"line":15,"column":17},"end":{"line":15,"column":null}},"6":{"start":{"line":17,"column":2},"end":{"line":21,"column":null}},"7":{"start":{"line":18,"column":4},"end":{"line":20,"column":null}},"8":{"start":{"line":19,"column":6},"end":{"line":19,"column":null}},"9":{"start":{"line":24,"column":2},"end":{"line":30,"column":null}}},"fnMap":{"0":{"name":"AuthLayout","decl":{"start":{"line":9,"column":24},"end":{"line":9,"column":35}},"loc":{"start":{"line":13,"column":1},"end":{"line":33,"column":null}}},"1":{"name":"(anonymous_2)","decl":{"start":{"line":17,"column":12},"end":{"line":17,"column":null}},"loc":{"start":{"line":17,"column":12},"end":{"line":21,"column":5}}}},"branchMap":{"0":{"loc":{"start":{"line":18,"column":4},"end":{"line":20,"column":null}},"type":"if","locations":[{"start":{"line":18,"column":4},"end":{"line":20,"column":null}}]},"1":{"loc":{"start":{"line":18,"column":8},"end":{"line":18,"column":28}},"type":"binary-expr","locations":[{"start":{"line":18,"column":8},"end":{"line":18,"column":22}},{"start":{"line":18,"column":22},"end":{"line":18,"column":28}}]},"2":{"loc":{"start":{"line":24,"column":2},"end":{"line":30,"column":null}},"type":"if","locations":[{"start":{"line":24,"column":2},"end":{"line":30,"column":null}}]}},"s":{"0":3,"1":1,"2":1,"3":1,"4":3,"5":3,"6":3,"7":3,"8":1,"9":3},"f":{"0":3,"1":3},"b":{"0":[1],"1":[3,2],"2":[1]}}
,"/home/micha/macro-tracker/app/(auth)/login/loading.tsx": {"path":"/home/micha/macro-tracker/app/(auth)/login/loading.tsx","statementMap":{"0":{"start":{"line":4,"column":24},"end":{"line":4,"column":null}},"1":{"start":{"line":1,"column":46},"end":{"line":1,"column":null}},"2":{"start":{"line":2,"column":25},"end":{"line":2,"column":null}}},"fnMap":{"0":{"name":"LoginLoading","decl":{"start":{"line":4,"column":24},"end":{"line":4,"column":null}},"loc":{"start":{"line":4,"column":24},"end":{"line":32,"column":null}}}},"branchMap":{},"s":{"0":6,"1":1,"2":1},"f":{"0":6},"b":{}}
,"/home/micha/macro-tracker/app/(auth)/login/page.tsx": {"path":"/home/micha/macro-tracker/app/(auth)/login/page.tsx","statementMap":{"0":{"start":{"line":18,"column":24},"end":{"line":18,"column":null}},"1":{"start":{"line":5,"column":25},"end":{"line":5,"column":null}},"2":{"start":{"line":6,"column":26},"end":{"line":6,"column":null}},"3":{"start":{"line":7,"column":23},"end":{"line":7,"column":null}},"4":{"start":{"line":8,"column":22},"end":{"line":8,"column":null}},"5":{"start":{"line":9,"column":22},"end":{"line":9,"column":null}},"6":{"start":{"line":10,"column":86},"end":{"line":10,"column":null}},"7":{"start":{"line":11,"column":17},"end":{"line":11,"column":null}},"8":{"start":{"line":12,"column":40},"end":{"line":12,"column":null}},"9":{"start":{"line":13,"column":25},"end":{"line":13,"column":null}},"10":{"start":{"line":14,"column":25},"end":{"line":14,"column":null}},"11":{"start":{"line":15,"column":48},"end":{"line":15,"column":null}},"12":{"start":{"line":16,"column":18},"end":{"line":16,"column":null}},"13":{"start":{"line":19,"column":34},"end":{"line":22,"column":null}},"14":{"start":{"line":23,"column":36},"end":{"line":23,"column":null}},"15":{"start":{"line":24,"column":42},"end":{"line":24,"column":null}},"16":{"start":{"line":25,"column":40},"end":{"line":25,"column":null}},"17":{"start":{"line":26,"column":17},"end":{"line":26,"column":null}},"18":{"start":{"line":28,"column":28},"end":{"line":34,"column":null}},"19":{"start":{"line":29,"column":4},"end":{"line":29,"column":null}},"20":{"start":{"line":29,"column":25},"end":{"line":29,"column":null}},"21":{"start":{"line":31,"column":4},"end":{"line":33,"column":null}},"22":{"start":{"line":32,"column":6},"end":{"line":32,"column":null}},"23":{"start":{"line":32,"column":30},"end":{"line":32,"column":null}},"24":{"start":{"line":36,"column":23},"end":{"line":52,"column":null}},"25":{"start":{"line":37,"column":4},"end":{"line":51,"column":null}},"26":{"start":{"line":38,"column":6},"end":{"line":38,"column":null}},"27":{"start":{"line":39,"column":6},"end":{"line":39,"column":null}},"28":{"start":{"line":40,"column":6},"end":{"line":40,"column":null}},"29":{"start":{"line":42,"column":6},"end":{"line":49,"column":null}},"30":{"start":{"line":43,"column":69},"end":{"line":43,"column":null}},"31":{"start":{"line":44,"column":8},"end":{"line":47,"column":null}},"32":{"start":{"line":45,"column":24},"end":{"line":45,"column":35}},"33":{"start":{"line":46,"column":10},"end":{"line":46,"column":null}},"34":{"start":{"line":48,"column":8},"end":{"line":48,"column":null}},"35":{"start":{"line":50,"column":6},"end":{"line":50,"column":null}},"36":{"start":{"line":54,"column":23},"end":{"line":84,"column":null}},"37":{"start":{"line":55,"column":4},"end":{"line":55,"column":null}},"38":{"start":{"line":56,"column":4},"end":{"line":56,"column":null}},"39":{"start":{"line":57,"column":4},"end":{"line":57,"column":null}},"40":{"start":{"line":60,"column":4},"end":{"line":63,"column":null}},"41":{"start":{"line":61,"column":6},"end":{"line":61,"column":null}},"42":{"start":{"line":62,"column":6},"end":{"line":62,"column":null}},"43":{"start":{"line":65,"column":4},"end":{"line":83,"column":null}},"44":{"start":{"line":67,"column":24},"end":{"line":70,"column":null}},"45":{"start":{"line":72,"column":6},"end":{"line":74,"column":null}},"46":{"start":{"line":73,"column":8},"end":{"line":73,"column":null}},"47":{"start":{"line":77,"column":6},"end":{"line":77,"column":null}},"48":{"start":{"line":79,"column":6},"end":{"line":79,"column":null}},"49":{"start":{"line":80,"column":6},"end":{"line":80,"column":null}},"50":{"start":{"line":82,"column":6},"end":{"line":82,"column":null}},"51":{"start":{"line":115,"column":33},"end":{"line":115,"column":null}},"52":{"start":{"line":130,"column":33},"end":{"line":130,"column":null}}},"fnMap":{"0":{"name":"LoginPage","decl":{"start":{"line":18,"column":24},"end":{"line":18,"column":null}},"loc":{"start":{"line":18,"column":24},"end":{"line":157,"column":null}}},"1":{"name":"(anonymous_3)","decl":{"start":{"line":28,"column":28},"end":{"line":28,"column":29}},"loc":{"start":{"line":28,"column":57},"end":{"line":34,"column":null}}},"2":{"name":"(anonymous_4)","decl":{"start":{"line":29,"column":16},"end":{"line":29,"column":25}},"loc":{"start":{"line":29,"column":25},"end":{"line":29,"column":null}}},"3":{"name":"(anonymous_5)","decl":{"start":{"line":32,"column":21},"end":{"line":32,"column":30}},"loc":{"start":{"line":32,"column":30},"end":{"line":32,"column":null}}},"4":{"name":"(anonymous_6)","decl":{"start":{"line":36,"column":23},"end":{"line":36,"column":null}},"loc":{"start":{"line":36,"column":23},"end":{"line":52,"column":null}}},"5":{"name":"(anonymous_7)","decl":{"start":{"line":44,"column":29},"end":{"line":44,"column":30}},"loc":{"start":{"line":44,"column":30},"end":{"line":47,"column":null}}},"6":{"name":"(anonymous_8)","decl":{"start":{"line":54,"column":23},"end":{"line":54,"column":30}},"loc":{"start":{"line":54,"column":30},"end":{"line":84,"column":null}}},"7":{"name":"(anonymous_9)","decl":{"start":{"line":115,"column":26},"end":{"line":115,"column":27}},"loc":{"start":{"line":115,"column":33},"end":{"line":115,"column":null}}},"8":{"name":"(anonymous_10)","decl":{"start":{"line":130,"column":26},"end":{"line":130,"column":27}},"loc":{"start":{"line":130,"column":33},"end":{"line":130,"column":null}}}},"branchMap":{"0":{"loc":{"start":{"line":31,"column":4},"end":{"line":33,"column":null}},"type":"if","locations":[{"start":{"line":31,"column":4},"end":{"line":33,"column":null}}]},"1":{"loc":{"start":{"line":42,"column":6},"end":{"line":49,"column":null}},"type":"if","locations":[{"start":{"line":42,"column":6},"end":{"line":49,"column":null}}]},"2":{"loc":{"start":{"line":60,"column":4},"end":{"line":63,"column":null}},"type":"if","locations":[{"start":{"line":60,"column":4},"end":{"line":63,"column":null}}]},"3":{"loc":{"start":{"line":72,"column":6},"end":{"line":74,"column":null}},"type":"if","locations":[{"start":{"line":72,"column":6},"end":{"line":74,"column":null}}]},"4":{"loc":{"start":{"line":80,"column":22},"end":{"line":80,"column":null}},"type":"binary-expr","locations":[{"start":{"line":80,"column":22},"end":{"line":80,"column":35}},{"start":{"line":80,"column":39},"end":{"line":80,"column":null}}]},"5":{"loc":{"start":{"line":103,"column":13},"end":{"line":103,"column":null}},"type":"binary-expr","locations":[{"start":{"line":103,"column":13},"end":{"line":103,"column":null}}]},"6":{"loc":{"start":{"line":116,"column":27},"end":{"line":116,"column":null}},"type":"cond-expr","locations":[{"start":{"line":116,"column":47},"end":{"line":116,"column":101}},{"start":{"line":116,"column":101},"end":{"line":116,"column":null}}]},"7":{"loc":{"start":{"line":118,"column":15},"end":{"line":118,"column":32}},"type":"binary-expr","locations":[{"start":{"line":118,"column":15},"end":{"line":118,"column":32}}]},"8":{"loc":{"start":{"line":131,"column":27},"end":{"line":131,"column":null}},"type":"cond-expr","locations":[{"start":{"line":131,"column":50},"end":{"line":131,"column":104}},{"start":{"line":131,"column":104},"end":{"line":131,"column":null}}]},"9":{"loc":{"start":{"line":133,"column":15},"end":{"line":133,"column":35}},"type":"binary-expr","locations":[{"start":{"line":133,"column":15},"end":{"line":133,"column":35}}]},"10":{"loc":{"start":{"line":144,"column":15},"end":{"line":144,"column":null}},"type":"cond-expr","locations":[{"start":{"line":144,"column":27},"end":{"line":144,"column":45}},{"start":{"line":144,"column":45},"end":{"line":144,"column":null}}]}},"s":{"0":11,"1":2,"2":2,"3":2,"4":2,"5":2,"6":2,"7":2,"8":2,"9":2,"10":2,"11":2,"12":2,"13":30,"14":30,"15":30,"16":30,"17":30,"18":30,"19":10,"20":10,"21":10,"22":0,"23":0,"24":30,"25":5,"26":5,"27":4,"28":4,"29":1,"30":1,"31":1,"32":4,"33":4,"34":1,"35":1,"36":30,"37":5,"38":5,"39":5,"40":5,"41":1,"42":1,"43":4,"44":4,"45":3,"46":1,"47":2,"48":2,"49":2,"50":4,"51":5,"52":5},"f":{"0":30,"1":10,"2":10,"3":0,"4":5,"5":4,"6":5,"7":5,"8":5},"b":{"0":[0],"1":[1],"2":[1],"3":[1],"4":[2,0],"5":[30],"6":[1,29],"7":[30],"8":[1,29],"9":[30],"10":[4,26]}}
,"/home/micha/macro-tracker/app/(auth)/register/loading.tsx": {"path":"/home/micha/macro-tracker/app/(auth)/register/loading.tsx","statementMap":{"0":{"start":{"line":4,"column":24},"end":{"line":4,"column":null}},"1":{"start":{"line":1,"column":46},"end":{"line":1,"column":null}},"2":{"start":{"line":2,"column":25},"end":{"line":2,"column":null}}},"fnMap":{"0":{"name":"RegisterLoading","decl":{"start":{"line":4,"column":24},"end":{"line":4,"column":null}},"loc":{"start":{"line":4,"column":24},"end":{"line":32,"column":null}}}},"branchMap":{},"s":{"0":0,"1":0,"2":0},"f":{"0":0},"b":{}}
,"/home/micha/macro-tracker/app/(auth)/register/page.tsx": {"path":"/home/micha/macro-tracker/app/(auth)/register/page.tsx","statementMap":{"0":{"start":{"line":16,"column":24},"end":{"line":16,"column":null}},"1":{"start":{"line":3,"column":25},"end":{"line":3,"column":null}},"2":{"start":{"line":4,"column":26},"end":{"line":4,"column":null}},"3":{"start":{"line":5,"column":23},"end":{"line":5,"column":null}},"4":{"start":{"line":6,"column":22},"end":{"line":6,"column":null}},"5":{"start":{"line":7,"column":22},"end":{"line":7,"column":null}},"6":{"start":{"line":8,"column":86},"end":{"line":8,"column":null}},"7":{"start":{"line":9,"column":17},"end":{"line":9,"column":null}},"8":{"start":{"line":10,"column":40},"end":{"line":10,"column":null}},"9":{"start":{"line":11,"column":29},"end":{"line":11,"column":null}},"10":{"start":{"line":12,"column":47},"end":{"line":12,"column":null}},"11":{"start":{"line":13,"column":54},"end":{"line":13,"column":null}},"12":{"start":{"line":14,"column":18},"end":{"line":14,"column":null}},"13":{"start":{"line":17,"column":34},"end":{"line":21,"column":null}},"14":{"start":{"line":22,"column":36},"end":{"line":22,"column":null}},"15":{"start":{"line":23,"column":28},"end":{"line":29,"column":null}},"16":{"start":{"line":30,"column":40},"end":{"line":30,"column":null}},"17":{"start":{"line":31,"column":17},"end":{"line":31,"column":null}},"18":{"start":{"line":33,"column":28},"end":{"line":39,"column":null}},"19":{"start":{"line":34,"column":4},"end":{"line":34,"column":null}},"20":{"start":{"line":34,"column":25},"end":{"line":34,"column":null}},"21":{"start":{"line":36,"column":4},"end":{"line":38,"column":null}},"22":{"start":{"line":37,"column":6},"end":{"line":37,"column":null}},"23":{"start":{"line":37,"column":30},"end":{"line":37,"column":null}},"24":{"start":{"line":41,"column":23},"end":{"line":57,"column":null}},"25":{"start":{"line":42,"column":4},"end":{"line":56,"column":null}},"26":{"start":{"line":43,"column":6},"end":{"line":43,"column":null}},"27":{"start":{"line":44,"column":6},"end":{"line":44,"column":null}},"28":{"start":{"line":45,"column":6},"end":{"line":45,"column":null}},"29":{"start":{"line":47,"column":6},"end":{"line":54,"column":null}},"30":{"start":{"line":48,"column":72},"end":{"line":48,"column":null}},"31":{"start":{"line":49,"column":8},"end":{"line":52,"column":null}},"32":{"start":{"line":50,"column":24},"end":{"line":50,"column":35}},"33":{"start":{"line":51,"column":10},"end":{"line":51,"column":null}},"34":{"start":{"line":53,"column":8},"end":{"line":53,"column":null}},"35":{"start":{"line":55,"column":6},"end":{"line":55,"column":null}},"36":{"start":{"line":59,"column":23},"end":{"line":90,"column":null}},"37":{"start":{"line":60,"column":4},"end":{"line":60,"column":null}},"38":{"start":{"line":61,"column":4},"end":{"line":61,"column":null}},"39":{"start":{"line":62,"column":4},"end":{"line":62,"column":null}},"40":{"start":{"line":66,"column":4},"end":{"line":69,"column":null}},"41":{"start":{"line":67,"column":6},"end":{"line":67,"column":null}},"42":{"start":{"line":68,"column":6},"end":{"line":68,"column":null}},"43":{"start":{"line":71,"column":17},"end":{"line":71,"column":null}},"44":{"start":{"line":72,"column":4},"end":{"line":72,"column":null}},"45":{"start":{"line":73,"column":4},"end":{"line":73,"column":null}},"46":{"start":{"line":74,"column":4},"end":{"line":74,"column":null}},"47":{"start":{"line":76,"column":4},"end":{"line":89,"column":null}},"48":{"start":{"line":77,"column":6},"end":{"line":77,"column":null}},"49":{"start":{"line":78,"column":21},"end":{"line":78,"column":null}},"50":{"start":{"line":79,"column":6},"end":{"line":79,"column":null}},"51":{"start":{"line":80,"column":6},"end":{"line":80,"column":null}},"52":{"start":{"line":82,"column":6},"end":{"line":82,"column":null}},"53":{"start":{"line":83,"column":6},"end":{"line":86,"column":null}},"54":{"start":{"line":88,"column":6},"end":{"line":88,"column":null}},"55":{"start":{"line":129,"column":33},"end":{"line":129,"column":null}},"56":{"start":{"line":145,"column":33},"end":{"line":145,"column":null}},"57":{"start":{"line":160,"column":33},"end":{"line":160,"column":null}}},"fnMap":{"0":{"name":"RegisterPage","decl":{"start":{"line":16,"column":24},"end":{"line":16,"column":null}},"loc":{"start":{"line":16,"column":24},"end":{"line":217,"column":null}}},"1":{"name":"(anonymous_3)","decl":{"start":{"line":33,"column":28},"end":{"line":33,"column":29}},"loc":{"start":{"line":33,"column":60},"end":{"line":39,"column":null}}},"2":{"name":"(anonymous_4)","decl":{"start":{"line":34,"column":16},"end":{"line":34,"column":25}},"loc":{"start":{"line":34,"column":25},"end":{"line":34,"column":null}}},"3":{"name":"(anonymous_5)","decl":{"start":{"line":37,"column":21},"end":{"line":37,"column":30}},"loc":{"start":{"line":37,"column":30},"end":{"line":37,"column":null}}},"4":{"name":"(anonymous_6)","decl":{"start":{"line":41,"column":23},"end":{"line":41,"column":null}},"loc":{"start":{"line":41,"column":23},"end":{"line":57,"column":null}}},"5":{"name":"(anonymous_7)","decl":{"start":{"line":49,"column":29},"end":{"line":49,"column":30}},"loc":{"start":{"line":49,"column":30},"end":{"line":52,"column":null}}},"6":{"name":"(anonymous_8)","decl":{"start":{"line":59,"column":23},"end":{"line":59,"column":30}},"loc":{"start":{"line":59,"column":30},"end":{"line":90,"column":null}}},"7":{"name":"(anonymous_9)","decl":{"start":{"line":129,"column":26},"end":{"line":129,"column":27}},"loc":{"start":{"line":129,"column":33},"end":{"line":129,"column":null}}},"8":{"name":"(anonymous_10)","decl":{"start":{"line":145,"column":26},"end":{"line":145,"column":27}},"loc":{"start":{"line":145,"column":33},"end":{"line":145,"column":null}}},"9":{"name":"(anonymous_11)","decl":{"start":{"line":160,"column":26},"end":{"line":160,"column":27}},"loc":{"start":{"line":160,"column":33},"end":{"line":160,"column":null}}}},"branchMap":{"0":{"loc":{"start":{"line":36,"column":4},"end":{"line":38,"column":null}},"type":"if","locations":[{"start":{"line":36,"column":4},"end":{"line":38,"column":null}}]},"1":{"loc":{"start":{"line":47,"column":6},"end":{"line":54,"column":null}},"type":"if","locations":[{"start":{"line":47,"column":6},"end":{"line":54,"column":null}}]},"2":{"loc":{"start":{"line":66,"column":4},"end":{"line":69,"column":null}},"type":"if","locations":[{"start":{"line":66,"column":4},"end":{"line":69,"column":null}}]},"3":{"loc":{"start":{"line":109,"column":13},"end":{"line":109,"column":24}},"type":"binary-expr","locations":[{"start":{"line":109,"column":13},"end":{"line":109,"column":24}}]},"4":{"loc":{"start":{"line":114,"column":13},"end":{"line":114,"column":26}},"type":"binary-expr","locations":[{"start":{"line":114,"column":13},"end":{"line":114,"column":26}},{"start":{"line":114,"column":30},"end":{"line":114,"column":43}}]},"5":{"loc":{"start":{"line":130,"column":27},"end":{"line":130,"column":null}},"type":"cond-expr","locations":[{"start":{"line":130,"column":50},"end":{"line":130,"column":104}},{"start":{"line":130,"column":104},"end":{"line":130,"column":null}}]},"6":{"loc":{"start":{"line":131,"column":26},"end":{"line":131,"column":52}},"type":"binary-expr","locations":[{"start":{"line":131,"column":26},"end":{"line":131,"column":39}},{"start":{"line":131,"column":39},"end":{"line":131,"column":52}}]},"7":{"loc":{"start":{"line":133,"column":15},"end":{"line":133,"column":35}},"type":"binary-expr","locations":[{"start":{"line":133,"column":15},"end":{"line":133,"column":35}}]},"8":{"loc":{"start":{"line":146,"column":27},"end":{"line":146,"column":null}},"type":"cond-expr","locations":[{"start":{"line":146,"column":47},"end":{"line":146,"column":101}},{"start":{"line":146,"column":101},"end":{"line":146,"column":null}}]},"9":{"loc":{"start":{"line":147,"column":26},"end":{"line":147,"column":52}},"type":"binary-expr","locations":[{"start":{"line":147,"column":26},"end":{"line":147,"column":39}},{"start":{"line":147,"column":39},"end":{"line":147,"column":52}}]},"10":{"loc":{"start":{"line":149,"column":15},"end":{"line":149,"column":32}},"type":"binary-expr","locations":[{"start":{"line":149,"column":15},"end":{"line":149,"column":32}}]},"11":{"loc":{"start":{"line":161,"column":27},"end":{"line":161,"column":null}},"type":"cond-expr","locations":[{"start":{"line":161,"column":50},"end":{"line":161,"column":104}},{"start":{"line":161,"column":104},"end":{"line":161,"column":null}}]},"12":{"loc":{"start":{"line":162,"column":26},"end":{"line":162,"column":52}},"type":"binary-expr","locations":[{"start":{"line":162,"column":26},"end":{"line":162,"column":39}},{"start":{"line":162,"column":39},"end":{"line":162,"column":52}}]},"13":{"loc":{"start":{"line":164,"column":15},"end":{"line":164,"column":35}},"type":"binary-expr","locations":[{"start":{"line":164,"column":15},"end":{"line":164,"column":35}}]},"14":{"loc":{"start":{"line":172,"column":14},"end":{"line":195,"column":15}},"type":"cond-expr","locations":[{"start":{"line":172,"column":14},"end":{"line":195,"column":15}}]},"15":{"loc":{"start":{"line":178,"column":19},"end":{"line":184,"column":null}},"type":"cond-expr","locations":[{"start":{"line":179,"column":20},"end":{"line":184,"column":null}},{"start":{"line":184,"column":20},"end":{"line":184,"column":null}}]}},"s":{"0":7,"1":1,"2":1,"3":1,"4":1,"5":1,"6":1,"7":1,"8":1,"9":1,"10":1,"11":1,"12":1,"13":26,"14":26,"15":26,"16":26,"17":26,"18":26,"19":11,"20":11,"21":11,"22":0,"23":0,"24":26,"25":5,"26":5,"27":3,"28":3,"29":2,"30":2,"31":2,"32":13,"33":13,"34":2,"35":2,"36":26,"37":5,"38":5,"39":5,"40":5,"41":2,"42":2,"43":3,"44":3,"45":3,"46":3,"47":3,"48":3,"49":3,"50":3,"51":3,"52":0,"53":0,"54":3,"55":4,"56":3,"57":4},"f":{"0":26,"1":11,"2":11,"3":0,"4":5,"5":13,"6":5,"7":4,"8":3,"9":4},"b":{"0":[0],"1":[2],"2":[2],"3":[26],"4":[26,2],"5":[2,24],"6":[26,23],"7":[26],"8":[2,24],"9":[26,23],"10":[26],"11":[2,24],"12":[26,23],"13":[26],"14":[24],"15":[3,21]}}
,"/home/micha/macro-tracker/app/(protected)/error.tsx": {"path":"/home/micha/macro-tracker/app/(protected)/error.tsx","statementMap":{"0":{"start":{"line":8,"column":24},"end":{"line":8,"column":39}},"1":{"start":{"line":3,"column":26},"end":{"line":3,"column":null}},"2":{"start":{"line":4,"column":23},"end":{"line":4,"column":null}},"3":{"start":{"line":5,"column":74},"end":{"line":5,"column":null}},"4":{"start":{"line":6,"column":47},"end":{"line":6,"column":null}},"5":{"start":{"line":15,"column":2},"end":{"line":17,"column":null}},"6":{"start":{"line":16,"column":4},"end":{"line":16,"column":null}}},"fnMap":{"0":{"name":"ProtectedError","decl":{"start":{"line":8,"column":24},"end":{"line":8,"column":39}},"loc":{"start":{"line":14,"column":1},"end":{"line":67,"column":null}}},"1":{"name":"(anonymous_2)","decl":{"start":{"line":15,"column":12},"end":{"line":15,"column":null}},"loc":{"start":{"line":15,"column":12},"end":{"line":17,"column":5}}}},"branchMap":{"0":{"loc":{"start":{"line":35,"column":41},"end":{"line":35,"column":null}},"type":"binary-expr","locations":[{"start":{"line":35,"column":41},"end":{"line":35,"column":54}},{"start":{"line":35,"column":58},"end":{"line":35,"column":null}}]},"1":{"loc":{"start":{"line":37,"column":15},"end":{"line":37,"column":27}},"type":"binary-expr","locations":[{"start":{"line":37,"column":15},"end":{"line":37,"column":27}}]}},"s":{"0":0,"1":0,"2":0,"3":0,"4":0,"5":0,"6":0},"f":{"0":0,"1":0},"b":{"0":[0,0],"1":[0]}}
,"/home/micha/macro-tracker/app/(protected)/layout.tsx": {"path":"/home/micha/macro-tracker/app/(protected)/layout.tsx","statementMap":{"0":{"start":{"line":12,"column":24},"end":{"line":12,"column":40}},"1":{"start":{"line":4,"column":24},"end":{"line":4,"column":null}},"2":{"start":{"line":5,"column":26},"end":{"line":5,"column":null}},"3":{"start":{"line":6,"column":26},"end":{"line":6,"column":null}},"4":{"start":{"line":7,"column":26},"end":{"line":7,"column":null}},"5":{"start":{"line":8,"column":27},"end":{"line":8,"column":null}},"6":{"start":{"line":9,"column":46},"end":{"line":9,"column":null}},"7":{"start":{"line":10,"column":31},"end":{"line":10,"column":null}},"8":{"start":{"line":17,"column":30},"end":{"line":17,"column":null}},"9":{"start":{"line":18,"column":17},"end":{"line":18,"column":null}},"10":{"start":{"line":20,"column":2},"end":{"line":24,"column":null}},"11":{"start":{"line":21,"column":4},"end":{"line":23,"column":null}},"12":{"start":{"line":22,"column":6},"end":{"line":22,"column":null}},"13":{"start":{"line":27,"column":2},"end":{"line":33,"column":null}},"14":{"start":{"line":36,"column":2},"end":{"line":38,"column":null}},"15":{"start":{"line":37,"column":4},"end":{"line":37,"column":null}}},"fnMap":{"0":{"name":"ProtectedLayout","decl":{"start":{"line":12,"column":24},"end":{"line":12,"column":40}},"loc":{"start":{"line":16,"column":1},"end":{"line":53,"column":null}}},"1":{"name":"(anonymous_2)","decl":{"start":{"line":20,"column":12},"end":{"line":20,"column":null}},"loc":{"start":{"line":20,"column":12},"end":{"line":24,"column":5}}}},"branchMap":{"0":{"loc":{"start":{"line":21,"column":4},"end":{"line":23,"column":null}},"type":"if","locations":[{"start":{"line":21,"column":4},"end":{"line":23,"column":null}}]},"1":{"loc":{"start":{"line":21,"column":8},"end":{"line":21,"column":29}},"type":"binary-expr","locations":[{"start":{"line":21,"column":8},"end":{"line":21,"column":22}},{"start":{"line":21,"column":22},"end":{"line":21,"column":29}}]},"2":{"loc":{"start":{"line":27,"column":2},"end":{"line":33,"column":null}},"type":"if","locations":[{"start":{"line":27,"column":2},"end":{"line":33,"column":null}}]},"3":{"loc":{"start":{"line":36,"column":2},"end":{"line":38,"column":null}},"type":"if","locations":[{"start":{"line":36,"column":2},"end":{"line":38,"column":null}}]}},"s":{"0":7,"1":1,"2":1,"3":1,"4":1,"5":1,"6":1,"7":1,"8":7,"9":7,"10":7,"11":7,"12":1,"13":7,"14":5,"15":1},"f":{"0":7,"1":7},"b":{"0":[1],"1":[7,5],"2":[2],"3":[1]}}
,"/home/micha/macro-tracker/app/(protected)/add-food/error.tsx": {"path":"/home/micha/macro-tracker/app/(protected)/add-food/error.tsx","statementMap":{"0":{"start":{"line":8,"column":24},"end":{"line":8,"column":37}},"1":{"start":{"line":3,"column":26},"end":{"line":3,"column":null}},"2":{"start":{"line":4,"column":23},"end":{"line":4,"column":null}},"3":{"start":{"line":5,"column":74},"end":{"line":5,"column":null}},"4":{"start":{"line":6,"column":47},"end":{"line":6,"column":null}},"5":{"start":{"line":15,"column":2},"end":{"line":17,"column":null}},"6":{"start":{"line":16,"column":4},"end":{"line":16,"column":null}}},"fnMap":{"0":{"name":"AddFoodError","decl":{"start":{"line":8,"column":24},"end":{"line":8,"column":37}},"loc":{"start":{"line":14,"column":1},"end":{"line":56,"column":null}}},"1":{"name":"(anonymous_2)","decl":{"start":{"line":15,"column":12},"end":{"line":15,"column":null}},"loc":{"start":{"line":15,"column":12},"end":{"line":17,"column":5}}}},"branchMap":{"0":{"loc":{"start":{"line":35,"column":17},"end":{"line":35,"column":null}},"type":"binary-expr","locations":[{"start":{"line":35,"column":17},"end":{"line":35,"column":30}},{"start":{"line":35,"column":34},"end":{"line":35,"column":null}}]}},"s":{"0":0,"1":0,"2":0,"3":0,"4":0,"5":0,"6":0},"f":{"0":0,"1":0},"b":{"0":[0,0]}}
,"/home/micha/macro-tracker/app/(protected)/add-food/loading.tsx": {"path":"/home/micha/macro-tracker/app/(protected)/add-food/loading.tsx","statementMap":{"0":{"start":{"line":3,"column":24},"end":{"line":3,"column":null}},"1":{"start":{"line":1,"column":28},"end":{"line":1,"column":null}},"2":{"start":{"line":4,"column":2},"end":{"line":4,"column":null}}},"fnMap":{"0":{"name":"Loading","decl":{"start":{"line":3,"column":24},"end":{"line":3,"column":null}},"loc":{"start":{"line":3,"column":24},"end":{"line":5,"column":null}}}},"branchMap":{},"s":{"0":0,"1":0,"2":0},"f":{"0":0},"b":{}}
,"/home/micha/macro-tracker/app/(protected)/add-food/page.tsx": {"path":"/home/micha/macro-tracker/app/(protected)/add-food/page.tsx","statementMap":{"0":{"start":{"line":50,"column":24},"end":{"line":50,"column":null}},"1":{"start":{"line":5,"column":44},"end":{"line":5,"column":null}},"2":{"start":{"line":6,"column":26},"end":{"line":6,"column":null}},"3":{"start":{"line":7,"column":25},"end":{"line":7,"column":null}},"4":{"start":{"line":8,"column":24},"end":{"line":8,"column":null}},"5":{"start":{"line":10,"column":86},"end":{"line":10,"column":null}},"6":{"start":{"line":11,"column":23},"end":{"line":11,"column":null}},"7":{"start":{"line":12,"column":22},"end":{"line":12,"column":null}},"8":{"start":{"line":13,"column":22},"end":{"line":13,"column":null}},"9":{"start":{"line":14,"column":25},"end":{"line":14,"column":null}},"10":{"start":{"line":15,"column":23},"end":{"line":15,"column":null}},"11":{"start":{"line":16,"column":25},"end":{"line":16,"column":null}},"12":{"start":{"line":17,"column":56},"end":{"line":17,"column":null}},"13":{"start":{"line":31,"column":7},"end":{"line":31,"column":null}},"14":{"start":{"line":32,"column":31},"end":{"line":32,"column":null}},"15":{"start":{"line":33,"column":52},"end":{"line":33,"column":null}},"16":{"start":{"line":34,"column":57},"end":{"line":34,"column":null}},"17":{"start":{"line":35,"column":26},"end":{"line":35,"column":null}},"18":{"start":{"line":36,"column":22},"end":{"line":36,"column":null}},"19":{"start":{"line":37,"column":27},"end":{"line":37,"column":null}},"20":{"start":{"line":38,"column":18},"end":{"line":38,"column":null}},"21":{"start":{"line":41,"column":31},"end":{"line":41,"column":null}},"22":{"start":{"line":51,"column":19},"end":{"line":51,"column":null}},"23":{"start":{"line":52,"column":34},"end":{"line":52,"column":null}},"24":{"start":{"line":53,"column":26},"end":{"line":53,"column":null}},"25":{"start":{"line":54,"column":40},"end":{"line":54,"column":null}},"26":{"start":{"line":55,"column":34},"end":{"line":55,"column":null}},"27":{"start":{"line":56,"column":44},"end":{"line":56,"column":null}},"28":{"start":{"line":57,"column":28},"end":{"line":57,"column":null}},"29":{"start":{"line":58,"column":20},"end":{"line":58,"column":null}},"30":{"start":{"line":59,"column":17},"end":{"line":59,"column":null}},"31":{"start":{"line":62,"column":28},"end":{"line":62,"column":null}},"32":{"start":{"line":63,"column":42},"end":{"line":63,"column":null}},"33":{"start":{"line":64,"column":40},"end":{"line":64,"column":null}},"34":{"start":{"line":65,"column":36},"end":{"line":65,"column":null}},"35":{"start":{"line":66,"column":23},"end":{"line":66,"column":null}},"36":{"start":{"line":69,"column":40},"end":{"line":69,"column":null}},"37":{"start":{"line":70,"column":48},"end":{"line":70,"column":null}},"38":{"start":{"line":73,"column":52},"end":{"line":73,"column":null}},"39":{"start":{"line":74,"column":56},"end":{"line":74,"column":null}},"40":{"start":{"line":75,"column":46},"end":{"line":75,"column":null}},"41":{"start":{"line":76,"column":54},"end":{"line":76,"column":null}},"42":{"start":{"line":79,"column":2},"end":{"line":186,"column":null}},"43":{"start":{"line":80,"column":4},"end":{"line":80,"column":null}},"44":{"start":{"line":80,"column":15},"end":{"line":80,"column":null}},"45":{"start":{"line":82,"column":29},"end":{"line":183,"column":null}},"46":{"start":{"line":83,"column":6},"end":{"line":83,"column":null}},"47":{"start":{"line":84,"column":6},"end":{"line":182,"column":null}},"48":{"start":{"line":86,"column":30},"end":{"line":86,"column":null}},"49":{"start":{"line":87,"column":8},"end":{"line":87,"column":null}},"50":{"start":{"line":89,"column":41},"end":{"line":94,"column":null}},"51":{"start":{"line":96,"column":8},"end":{"line":96,"column":null}},"52":{"start":{"line":96,"column":19},"end":{"line":96,"column":null}},"53":{"start":{"line":99,"column":27},"end":{"line":99,"column":null}},"54":{"start":{"line":101,"column":8},"end":{"line":107,"column":null}},"55":{"start":{"line":102,"column":22},"end":{"line":102,"column":null}},"56":{"start":{"line":103,"column":10},"end":{"line":105,"column":null}},"57":{"start":{"line":104,"column":12},"end":{"line":104,"column":null}},"58":{"start":{"line":106,"column":10},"end":{"line":106,"column":null}},"59":{"start":{"line":110,"column":51},"end":{"line":110,"column":53}},"60":{"start":{"line":111,"column":28},"end":{"line":111,"column":null}},"61":{"start":{"line":112,"column":27},"end":{"line":112,"column":47}},"62":{"start":{"line":115,"column":29},"end":{"line":115,"column":null}},"63":{"start":{"line":115,"column":84},"end":{"line":115,"column":92}},"64":{"start":{"line":117,"column":8},"end":{"line":172,"column":null}},"65":{"start":{"line":118,"column":29},"end":{"line":118,"column":39}},"66":{"start":{"line":119,"column":28},"end":{"line":119,"column":42}},"67":{"start":{"line":122,"column":29},"end":{"line":135,"column":null}},"68":{"start":{"line":123,"column":30},"end":{"line":123,"column":null}},"69":{"start":{"line":124,"column":30},"end":{"line":124,"column":null}},"70":{"start":{"line":125,"column":29},"end":{"line":125,"column":null}},"71":{"start":{"line":128,"column":29},"end":{"line":128,"column":null}},"72":{"start":{"line":129,"column":30},"end":{"line":129,"column":61}},"73":{"start":{"line":132,"column":29},"end":{"line":132,"column":null}},"74":{"start":{"line":134,"column":12},"end":{"line":134,"column":null}},"75":{"start":{"line":137,"column":31},"end":{"line":137,"column":88}},"76":{"start":{"line":137,"column":59},"end":{"line":137,"column":66}},"77":{"start":{"line":140,"column":37},"end":{"line":140,"column":null}},"78":{"start":{"line":141,"column":31},"end":{"line":141,"column":71}},"79":{"start":{"line":144,"column":33},"end":{"line":144,"column":null}},"80":{"start":{"line":148,"column":33},"end":{"line":148,"column":null}},"81":{"start":{"line":153,"column":29},"end":{"line":153,"column":null}},"82":{"start":{"line":156,"column":23},"end":{"line":156,"column":null}},"83":{"start":{"line":157,"column":10},"end":{"line":163,"column":null}},"84":{"start":{"line":158,"column":12},"end":{"line":158,"column":null}},"85":{"start":{"line":159,"column":17},"end":{"line":163,"column":null}},"86":{"start":{"line":160,"column":12},"end":{"line":160,"column":null}},"87":{"start":{"line":161,"column":17},"end":{"line":163,"column":null}},"88":{"start":{"line":162,"column":12},"end":{"line":162,"column":null}},"89":{"start":{"line":165,"column":10},"end":{"line":171,"column":null}},"90":{"start":{"line":175,"column":34},"end":{"line":175,"column":null}},"91":{"start":{"line":175,"column":61},"end":{"line":175,"column":78}},"92":{"start":{"line":177,"column":8},"end":{"line":177,"column":null}},"93":{"start":{"line":179,"column":8},"end":{"line":179,"column":null}},"94":{"start":{"line":181,"column":8},"end":{"line":181,"column":null}},"95":{"start":{"line":185,"column":4},"end":{"line":185,"column":null}},"96":{"start":{"line":189,"column":2},"end":{"line":245,"column":null}},"97":{"start":{"line":190,"column":4},"end":{"line":195,"column":null}},"98":{"start":{"line":192,"column":6},"end":{"line":192,"column":null}},"99":{"start":{"line":193,"column":6},"end":{"line":193,"column":null}},"100":{"start":{"line":194,"column":6},"end":{"line":194,"column":null}},"101":{"start":{"line":197,"column":32},"end":{"line":240,"column":null}},"102":{"start":{"line":198,"column":6},"end":{"line":198,"column":null}},"103":{"start":{"line":199,"column":6},"end":{"line":239,"column":null}},"104":{"start":{"line":201,"column":41},"end":{"line":205,"column":null}},"105":{"start":{"line":207,"column":8},"end":{"line":207,"column":null}},"106":{"start":{"line":207,"column":19},"end":{"line":207,"column":null}},"107":{"start":{"line":210,"column":27},"end":{"line":210,"column":null}},"108":{"start":{"line":211,"column":8},"end":{"line":217,"column":null}},"109":{"start":{"line":212,"column":22},"end":{"line":212,"column":null}},"110":{"start":{"line":213,"column":10},"end":{"line":215,"column":null}},"111":{"start":{"line":214,"column":12},"end":{"line":214,"column":null}},"112":{"start":{"line":216,"column":10},"end":{"line":216,"column":null}},"113":{"start":{"line":220,"column":48},"end":{"line":220,"column":50}},"114":{"start":{"line":221,"column":8},"end":{"line":232,"column":null}},"115":{"start":{"line":222,"column":29},"end":{"line":222,"column":39}},"116":{"start":{"line":223,"column":28},"end":{"line":223,"column":42}},"117":{"start":{"line":225,"column":10},"end":{"line":231,"column":null}},"118":{"start":{"line":234,"column":8},"end":{"line":234,"column":null}},"119":{"start":{"line":236,"column":8},"end":{"line":236,"column":null}},"120":{"start":{"line":238,"column":8},"end":{"line":238,"column":null}},"121":{"start":{"line":243,"column":22},"end":{"line":243,"column":null}},"122":{"start":{"line":244,"column":4},"end":{"line":244,"column":null}},"123":{"start":{"line":244,"column":17},"end":{"line":244,"column":null}},"124":{"start":{"line":248,"column":2},"end":{"line":282,"column":null}},"125":{"start":{"line":249,"column":4},"end":{"line":252,"column":null}},"126":{"start":{"line":250,"column":6},"end":{"line":250,"column":null}},"127":{"start":{"line":251,"column":6},"end":{"line":251,"column":null}},"128":{"start":{"line":254,"column":23},"end":{"line":254,"column":null}},"129":{"start":{"line":255,"column":26},"end":{"line":255,"column":null}},"130":{"start":{"line":258,"column":21},"end":{"line":261,"column":null}},"131":{"start":{"line":260,"column":8},"end":{"line":261,"column":null}},"132":{"start":{"line":265,"column":19},"end":{"line":278,"column":null}},"133":{"start":{"line":266,"column":18},"end":{"line":266,"column":32}},"134":{"start":{"line":269,"column":6},"end":{"line":275,"column":null}},"135":{"start":{"line":270,"column":8},"end":{"line":270,"column":null}},"136":{"start":{"line":273,"column":11},"end":{"line":275,"column":null}},"137":{"start":{"line":274,"column":8},"end":{"line":274,"column":null}},"138":{"start":{"line":277,"column":6},"end":{"line":277,"column":null}},"139":{"start":{"line":281,"column":4},"end":{"line":281,"column":null}},"140":{"start":{"line":281,"column":49},"end":{"line":281,"column":66}},"141":{"start":{"line":284,"column":23},"end":{"line":338,"column":null}},"142":{"start":{"line":285,"column":4},"end":{"line":292,"column":null}},"143":{"start":{"line":286,"column":6},"end":{"line":290,"column":null}},"144":{"start":{"line":291,"column":6},"end":{"line":291,"column":null}},"145":{"start":{"line":294,"column":4},"end":{"line":294,"column":null}},"146":{"start":{"line":295,"column":4},"end":{"line":295,"column":null}},"147":{"start":{"line":296,"column":4},"end":{"line":296,"column":null}},"148":{"start":{"line":298,"column":4},"end":{"line":337,"column":null}},"149":{"start":{"line":300,"column":22},"end":{"line":302,"column":null}},"150":{"start":{"line":305,"column":36},"end":{"line":305,"column":null}},"151":{"start":{"line":307,"column":6},"end":{"line":309,"column":null}},"152":{"start":{"line":308,"column":8},"end":{"line":308,"column":null}},"153":{"start":{"line":311,"column":23},"end":{"line":318,"column":null}},"154":{"start":{"line":320,"column":6},"end":{"line":323,"column":null}},"155":{"start":{"line":321,"column":26},"end":{"line":321,"column":null}},"156":{"start":{"line":322,"column":8},"end":{"line":322,"column":null}},"157":{"start":{"line":325,"column":19},"end":{"line":325,"column":null}},"158":{"start":{"line":326,"column":6},"end":{"line":326,"column":null}},"159":{"start":{"line":328,"column":6},"end":{"line":328,"column":null}},"160":{"start":{"line":329,"column":6},"end":{"line":329,"column":null}},"161":{"start":{"line":330,"column":6},"end":{"line":334,"column":null}},"162":{"start":{"line":336,"column":6},"end":{"line":336,"column":null}},"163":{"start":{"line":340,"column":28},"end":{"line":372,"column":null}},"164":{"start":{"line":341,"column":17},"end":{"line":341,"column":36}},"165":{"start":{"line":342,"column":4},"end":{"line":342,"column":null}},"166":{"start":{"line":342,"column":15},"end":{"line":342,"column":null}},"167":{"start":{"line":345,"column":4},"end":{"line":352,"column":null}},"168":{"start":{"line":346,"column":6},"end":{"line":350,"column":null}},"169":{"start":{"line":351,"column":6},"end":{"line":351,"column":null}},"170":{"start":{"line":355,"column":4},"end":{"line":362,"column":null}},"171":{"start":{"line":356,"column":6},"end":{"line":360,"column":null}},"172":{"start":{"line":361,"column":6},"end":{"line":361,"column":null}},"173":{"start":{"line":364,"column":4},"end":{"line":364,"column":null}},"174":{"start":{"line":367,"column":19},"end":{"line":367,"column":null}},"175":{"start":{"line":368,"column":4},"end":{"line":370,"column":null}},"176":{"start":{"line":369,"column":6},"end":{"line":369,"column":null}},"177":{"start":{"line":371,"column":4},"end":{"line":371,"column":null}},"178":{"start":{"line":374,"column":21},"end":{"line":380,"column":null}},"179":{"start":{"line":375,"column":4},"end":{"line":375,"column":null}},"180":{"start":{"line":376,"column":4},"end":{"line":376,"column":null}},"181":{"start":{"line":377,"column":4},"end":{"line":379,"column":null}},"182":{"start":{"line":378,"column":6},"end":{"line":378,"column":null}},"183":{"start":{"line":382,"column":23},"end":{"line":437,"column":null}},"184":{"start":{"line":383,"column":4},"end":{"line":390,"column":null}},"185":{"start":{"line":384,"column":6},"end":{"line":388,"column":null}},"186":{"start":{"line":389,"column":6},"end":{"line":389,"column":null}},"187":{"start":{"line":392,"column":4},"end":{"line":392,"column":null}},"188":{"start":{"line":393,"column":4},"end":{"line":393,"column":null}},"189":{"start":{"line":394,"column":4},"end":{"line":394,"column":null}},"190":{"start":{"line":396,"column":4},"end":{"line":436,"column":null}},"191":{"start":{"line":398,"column":23},"end":{"line":398,"column":null}},"192":{"start":{"line":399,"column":6},"end":{"line":399,"column":null}},"193":{"start":{"line":402,"column":36},"end":{"line":402,"column":null}},"194":{"start":{"line":404,"column":6},"end":{"line":406,"column":null}},"195":{"start":{"line":405,"column":8},"end":{"line":405,"column":null}},"196":{"start":{"line":408,"column":23},"end":{"line":414,"column":null}},"197":{"start":{"line":416,"column":6},"end":{"line":419,"column":null}},"198":{"start":{"line":417,"column":26},"end":{"line":417,"column":null}},"199":{"start":{"line":418,"column":8},"end":{"line":418,"column":null}},"200":{"start":{"line":421,"column":19},"end":{"line":421,"column":null}},"201":{"start":{"line":422,"column":6},"end":{"line":422,"column":null}},"202":{"start":{"line":425,"column":6},"end":{"line":425,"column":null}},"203":{"start":{"line":427,"column":6},"end":{"line":427,"column":null}},"204":{"start":{"line":428,"column":6},"end":{"line":428,"column":null}},"205":{"start":{"line":429,"column":6},"end":{"line":433,"column":null}},"206":{"start":{"line":435,"column":6},"end":{"line":435,"column":null}},"207":{"start":{"line":439,"column":21},"end":{"line":485,"column":null}},"208":{"start":{"line":440,"column":4},"end":{"line":440,"column":null}},"209":{"start":{"line":440,"column":24},"end":{"line":440,"column":null}},"210":{"start":{"line":442,"column":4},"end":{"line":442,"column":null}},"211":{"start":{"line":444,"column":4},"end":{"line":484,"column":null}},"212":{"start":{"line":448,"column":10},"end":{"line":448,"column":null}},"213":{"start":{"line":450,"column":6},"end":{"line":452,"column":null}},"214":{"start":{"line":451,"column":8},"end":{"line":451,"column":null}},"215":{"start":{"line":454,"column":24},"end":{"line":466,"column":null}},"216":{"start":{"line":468,"column":6},"end":{"line":468,"column":null}},"217":{"start":{"line":468,"column":17},"end":{"line":468,"column":null}},"218":{"start":{"line":470,"column":6},"end":{"line":473,"column":null}},"219":{"start":{"line":475,"column":6},"end":{"line":475,"column":null}},"220":{"start":{"line":477,"column":6},"end":{"line":481,"column":null}},"221":{"start":{"line":483,"column":6},"end":{"line":483,"column":null}},"222":{"start":{"line":487,"column":30},"end":{"line":530,"column":null}},"223":{"start":{"line":488,"column":4},"end":{"line":488,"column":null}},"224":{"start":{"line":490,"column":4},"end":{"line":529,"column":null}},"225":{"start":{"line":493,"column":10},"end":{"line":493,"column":null}},"226":{"start":{"line":495,"column":6},"end":{"line":497,"column":null}},"227":{"start":{"line":496,"column":8},"end":{"line":496,"column":null}},"228":{"start":{"line":499,"column":24},"end":{"line":511,"column":null}},"229":{"start":{"line":513,"column":6},"end":{"line":513,"column":null}},"230":{"start":{"line":513,"column":17},"end":{"line":513,"column":null}},"231":{"start":{"line":515,"column":6},"end":{"line":518,"column":null}},"232":{"start":{"line":520,"column":6},"end":{"line":520,"column":null}},"233":{"start":{"line":522,"column":6},"end":{"line":526,"column":null}},"234":{"start":{"line":528,"column":6},"end":{"line":528,"column":null}},"235":{"start":{"line":533,"column":40},"end":{"line":539,"column":null}},"236":{"start":{"line":541,"column":27},"end":{"line":594,"column":null}},"237":{"start":{"line":542,"column":4},"end":{"line":549,"column":null}},"238":{"start":{"line":543,"column":6},"end":{"line":547,"column":null}},"239":{"start":{"line":548,"column":6},"end":{"line":548,"column":null}},"240":{"start":{"line":551,"column":4},"end":{"line":551,"column":null}},"241":{"start":{"line":553,"column":4},"end":{"line":593,"column":null}},"242":{"start":{"line":557,"column":10},"end":{"line":557,"column":null}},"243":{"start":{"line":559,"column":6},"end":{"line":561,"column":null}},"244":{"start":{"line":560,"column":8},"end":{"line":560,"column":null}},"245":{"start":{"line":563,"column":24},"end":{"line":575,"column":null}},"246":{"start":{"line":577,"column":6},"end":{"line":577,"column":null}},"247":{"start":{"line":577,"column":17},"end":{"line":577,"column":null}},"248":{"start":{"line":579,"column":6},"end":{"line":582,"column":null}},"249":{"start":{"line":584,"column":6},"end":{"line":584,"column":null}},"250":{"start":{"line":586,"column":6},"end":{"line":590,"column":null}},"251":{"start":{"line":592,"column":6},"end":{"line":592,"column":null}},"252":{"start":{"line":597,"column":26},"end":{"line":602,"column":null}},"253":{"start":{"line":598,"column":4},"end":{"line":598,"column":null}},"254":{"start":{"line":600,"column":4},"end":{"line":600,"column":null}},"255":{"start":{"line":601,"column":4},"end":{"line":601,"column":null}},"256":{"start":{"line":608,"column":102},"end":{"line":608,"column":null}},"257":{"start":{"line":626,"column":74},"end":{"line":626,"column":97}},"258":{"start":{"line":693,"column":41},"end":{"line":693,"column":null}},"259":{"start":{"line":705,"column":43},"end":{"line":705,"column":null}},"260":{"start":{"line":722,"column":82},"end":{"line":722,"column":106}},"261":{"start":{"line":730,"column":28},"end":{"line":731,"column":null}},"262":{"start":{"line":804,"column":55},"end":{"line":804,"column":82}},"263":{"start":{"line":839,"column":39},"end":{"line":839,"column":null}},"264":{"start":{"line":842,"column":24},"end":{"line":845,"column":null}},"265":{"start":{"line":843,"column":26},"end":{"line":843,"column":null}},"266":{"start":{"line":844,"column":26},"end":{"line":844,"column":null}},"267":{"start":{"line":900,"column":37},"end":{"line":900,"column":null}},"268":{"start":{"line":966,"column":41},"end":{"line":966,"column":null}},"269":{"start":{"line":976,"column":41},"end":{"line":976,"column":null}},"270":{"start":{"line":989,"column":41},"end":{"line":989,"column":null}},"271":{"start":{"line":999,"column":41},"end":{"line":999,"column":null}},"272":{"start":{"line":1009,"column":41},"end":{"line":1009,"column":null}}},"fnMap":{"0":{"name":"AddFoodPage","decl":{"start":{"line":50,"column":24},"end":{"line":50,"column":null}},"loc":{"start":{"line":50,"column":24},"end":{"line":1152,"column":null}}},"1":{"name":"(anonymous_3)","decl":{"start":{"line":79,"column":12},"end":{"line":79,"column":null}},"loc":{"start":{"line":79,"column":12},"end":{"line":186,"column":5}}},"2":{"name":"(anonymous_4)","decl":{"start":{"line":82,"column":29},"end":{"line":82,"column":null}},"loc":{"start":{"line":82,"column":29},"end":{"line":183,"column":null}}},"3":{"name":"(anonymous_5)","decl":{"start":{"line":101,"column":25},"end":{"line":101,"column":26}},"loc":{"start":{"line":101,"column":26},"end":{"line":107,"column":null}}},"4":{"name":"(anonymous_6)","decl":{"start":{"line":115,"column":77},"end":{"line":115,"column":78}},"loc":{"start":{"line":115,"column":84},"end":{"line":115,"column":92}}},"5":{"name":"(anonymous_7)","decl":{"start":{"line":117,"column":27},"end":{"line":117,"column":28}},"loc":{"start":{"line":117,"column":37},"end":{"line":172,"column":null}}},"6":{"name":"(anonymous_8)","decl":{"start":{"line":122,"column":41},"end":{"line":122,"column":42}},"loc":{"start":{"line":122,"column":42},"end":{"line":135,"column":null}}},"7":{"name":"(anonymous_9)","decl":{"start":{"line":137,"column":49},"end":{"line":137,"column":50}},"loc":{"start":{"line":137,"column":59},"end":{"line":137,"column":66}}},"8":{"name":"(anonymous_10)","decl":{"start":{"line":175,"column":51},"end":{"line":175,"column":52}},"loc":{"start":{"line":175,"column":61},"end":{"line":175,"column":78}}},"9":{"name":"(anonymous_11)","decl":{"start":{"line":189,"column":12},"end":{"line":189,"column":null}},"loc":{"start":{"line":189,"column":12},"end":{"line":245,"column":5}}},"10":{"name":"(anonymous_12)","decl":{"start":{"line":197,"column":32},"end":{"line":197,"column":null}},"loc":{"start":{"line":197,"column":32},"end":{"line":240,"column":null}}},"11":{"name":"(anonymous_13)","decl":{"start":{"line":211,"column":25},"end":{"line":211,"column":26}},"loc":{"start":{"line":211,"column":26},"end":{"line":217,"column":null}}},"12":{"name":"(anonymous_14)","decl":{"start":{"line":221,"column":27},"end":{"line":221,"column":28}},"loc":{"start":{"line":221,"column":37},"end":{"line":232,"column":null}}},"13":{"name":"(anonymous_15)","decl":{"start":{"line":244,"column":11},"end":{"line":244,"column":17}},"loc":{"start":{"line":244,"column":17},"end":{"line":244,"column":null}}},"14":{"name":"(anonymous_16)","decl":{"start":{"line":248,"column":12},"end":{"line":248,"column":null}},"loc":{"start":{"line":248,"column":12},"end":{"line":282,"column":5}}},"15":{"name":"(anonymous_17)","decl":{"start":{"line":259,"column":6},"end":{"line":259,"column":7}},"loc":{"start":{"line":260,"column":8},"end":{"line":261,"column":null}}},"16":{"name":"(anonymous_18)","decl":{"start":{"line":265,"column":32},"end":{"line":265,"column":33}},"loc":{"start":{"line":265,"column":33},"end":{"line":278,"column":null}}},"17":{"name":"(anonymous_19)","decl":{"start":{"line":281,"column":39},"end":{"line":281,"column":40}},"loc":{"start":{"line":281,"column":49},"end":{"line":281,"column":66}}},"18":{"name":"(anonymous_20)","decl":{"start":{"line":284,"column":23},"end":{"line":284,"column":null}},"loc":{"start":{"line":284,"column":23},"end":{"line":338,"column":null}}},"19":{"name":"(anonymous_21)","decl":{"start":{"line":340,"column":28},"end":{"line":340,"column":29}},"loc":{"start":{"line":340,"column":29},"end":{"line":372,"column":null}}},"20":{"name":"(anonymous_22)","decl":{"start":{"line":368,"column":23},"end":{"line":368,"column":null}},"loc":{"start":{"line":368,"column":23},"end":{"line":370,"column":null}}},"21":{"name":"(anonymous_23)","decl":{"start":{"line":374,"column":21},"end":{"line":374,"column":null}},"loc":{"start":{"line":374,"column":21},"end":{"line":380,"column":null}}},"22":{"name":"(anonymous_24)","decl":{"start":{"line":382,"column":23},"end":{"line":382,"column":null}},"loc":{"start":{"line":382,"column":23},"end":{"line":437,"column":null}}},"23":{"name":"(anonymous_25)","decl":{"start":{"line":439,"column":21},"end":{"line":439,"column":null}},"loc":{"start":{"line":439,"column":21},"end":{"line":485,"column":null}}},"24":{"name":"(anonymous_26)","decl":{"start":{"line":487,"column":30},"end":{"line":487,"column":37}},"loc":{"start":{"line":487,"column":37},"end":{"line":530,"column":null}}},"25":{"name":"(anonymous_27)","decl":{"start":{"line":541,"column":27},"end":{"line":541,"column":null}},"loc":{"start":{"line":541,"column":27},"end":{"line":594,"column":null}}},"26":{"name":"(anonymous_28)","decl":{"start":{"line":597,"column":26},"end":{"line":597,"column":27}},"loc":{"start":{"line":597,"column":27},"end":{"line":602,"column":null}}},"27":{"name":"(anonymous_29)","decl":{"start":{"line":608,"column":96},"end":{"line":608,"column":102}},"loc":{"start":{"line":608,"column":102},"end":{"line":608,"column":null}}},"28":{"name":"(anonymous_30)","decl":{"start":{"line":626,"column":64},"end":{"line":626,"column":65}},"loc":{"start":{"line":626,"column":74},"end":{"line":626,"column":97}}},"29":{"name":"(anonymous_31)","decl":{"start":{"line":693,"column":34},"end":{"line":693,"column":35}},"loc":{"start":{"line":693,"column":41},"end":{"line":693,"column":null}}},"30":{"name":"(anonymous_32)","decl":{"start":{"line":705,"column":37},"end":{"line":705,"column":43}},"loc":{"start":{"line":705,"column":43},"end":{"line":705,"column":null}}},"31":{"name":"(anonymous_33)","decl":{"start":{"line":722,"column":76},"end":{"line":722,"column":82}},"loc":{"start":{"line":722,"column":82},"end":{"line":722,"column":106}}},"32":{"name":"(anonymous_34)","decl":{"start":{"line":729,"column":51},"end":{"line":729,"column":52}},"loc":{"start":{"line":730,"column":28},"end":{"line":731,"column":null}}},"33":{"name":"(anonymous_35)","decl":{"start":{"line":804,"column":49},"end":{"line":804,"column":55}},"loc":{"start":{"line":804,"column":55},"end":{"line":804,"column":82}}},"34":{"name":"(anonymous_36)","decl":{"start":{"line":839,"column":32},"end":{"line":839,"column":33}},"loc":{"start":{"line":839,"column":39},"end":{"line":839,"column":null}}},"35":{"name":"(anonymous_37)","decl":{"start":{"line":841,"column":33},"end":{"line":841,"column":34}},"loc":{"start":{"line":841,"column":34},"end":{"line":846,"column":null}}},"36":{"name":"(anonymous_38)","decl":{"start":{"line":900,"column":31},"end":{"line":900,"column":37}},"loc":{"start":{"line":900,"column":37},"end":{"line":900,"column":null}}},"37":{"name":"(anonymous_39)","decl":{"start":{"line":966,"column":34},"end":{"line":966,"column":35}},"loc":{"start":{"line":966,"column":41},"end":{"line":966,"column":null}}},"38":{"name":"(anonymous_40)","decl":{"start":{"line":976,"column":34},"end":{"line":976,"column":35}},"loc":{"start":{"line":976,"column":41},"end":{"line":976,"column":null}}},"39":{"name":"(anonymous_41)","decl":{"start":{"line":989,"column":34},"end":{"line":989,"column":35}},"loc":{"start":{"line":989,"column":41},"end":{"line":989,"column":null}}},"40":{"name":"(anonymous_42)","decl":{"start":{"line":999,"column":34},"end":{"line":999,"column":35}},"loc":{"start":{"line":999,"column":41},"end":{"line":999,"column":null}}},"41":{"name":"(anonymous_43)","decl":{"start":{"line":1009,"column":34},"end":{"line":1009,"column":35}},"loc":{"start":{"line":1009,"column":41},"end":{"line":1009,"column":null}}}},"branchMap":{"0":{"loc":{"start":{"line":80,"column":4},"end":{"line":80,"column":null}},"type":"if","locations":[{"start":{"line":80,"column":4},"end":{"line":80,"column":null}}]},"1":{"loc":{"start":{"line":96,"column":8},"end":{"line":96,"column":null}},"type":"if","locations":[{"start":{"line":96,"column":8},"end":{"line":96,"column":null}}]},"2":{"loc":{"start":{"line":103,"column":10},"end":{"line":105,"column":null}},"type":"if","locations":[{"start":{"line":103,"column":10},"end":{"line":105,"column":null}}]},"3":{"loc":{"start":{"line":132,"column":29},"end":{"line":132,"column":null}},"type":"cond-expr","locations":[{"start":{"line":132,"column":55},"end":{"line":132,"column":61}},{"start":{"line":132,"column":61},"end":{"line":132,"column":null}}]},"4":{"loc":{"start":{"line":157,"column":10},"end":{"line":163,"column":null}},"type":"if","locations":[{"start":{"line":157,"column":10},"end":{"line":163,"column":null}},{"start":{"line":159,"column":17},"end":{"line":163,"column":null}}]},"5":{"loc":{"start":{"line":159,"column":17},"end":{"line":163,"column":null}},"type":"if","locations":[{"start":{"line":159,"column":17},"end":{"line":163,"column":null}},{"start":{"line":161,"column":17},"end":{"line":163,"column":null}}]},"6":{"loc":{"start":{"line":161,"column":17},"end":{"line":163,"column":null}},"type":"if","locations":[{"start":{"line":161,"column":17},"end":{"line":163,"column":null}}]},"7":{"loc":{"start":{"line":190,"column":4},"end":{"line":195,"column":null}},"type":"if","locations":[{"start":{"line":190,"column":4},"end":{"line":195,"column":null}}]},"8":{"loc":{"start":{"line":190,"column":8},"end":{"line":190,"column":44}},"type":"binary-expr","locations":[{"start":{"line":190,"column":8},"end":{"line":190,"column":17}},{"start":{"line":190,"column":17},"end":{"line":190,"column":44}}]},"9":{"loc":{"start":{"line":207,"column":8},"end":{"line":207,"column":null}},"type":"if","locations":[{"start":{"line":207,"column":8},"end":{"line":207,"column":null}}]},"10":{"loc":{"start":{"line":213,"column":10},"end":{"line":215,"column":null}},"type":"if","locations":[{"start":{"line":213,"column":10},"end":{"line":215,"column":null}}]},"11":{"loc":{"start":{"line":228,"column":46},"end":{"line":228,"column":72}},"type":"cond-expr","locations":[{"start":{"line":228,"column":62},"end":{"line":228,"column":68}},{"start":{"line":228,"column":68},"end":{"line":228,"column":72}}]},"12":{"loc":{"start":{"line":249,"column":4},"end":{"line":252,"column":null}},"type":"if","locations":[{"start":{"line":249,"column":4},"end":{"line":252,"column":null}}]},"13":{"loc":{"start":{"line":255,"column":26},"end":{"line":255,"column":null}},"type":"cond-expr","locations":[{"start":{"line":255,"column":54},"end":{"line":255,"column":71}},{"start":{"line":255,"column":71},"end":{"line":255,"column":null}}]},"14":{"loc":{"start":{"line":260,"column":8},"end":{"line":261,"column":null}},"type":"binary-expr","locations":[{"start":{"line":260,"column":8},"end":{"line":260,"column":null}},{"start":{"line":261,"column":9},"end":{"line":261,"column":25}},{"start":{"line":261,"column":29},"end":{"line":261,"column":null}}]},"15":{"loc":{"start":{"line":269,"column":6},"end":{"line":275,"column":null}},"type":"if","locations":[{"start":{"line":269,"column":6},"end":{"line":275,"column":null}},{"start":{"line":273,"column":11},"end":{"line":275,"column":null}}]},"16":{"loc":{"start":{"line":273,"column":11},"end":{"line":275,"column":null}},"type":"if","locations":[{"start":{"line":273,"column":11},"end":{"line":275,"column":null}}]},"17":{"loc":{"start":{"line":285,"column":4},"end":{"line":292,"column":null}},"type":"if","locations":[{"start":{"line":285,"column":4},"end":{"line":292,"column":null}}]},"18":{"loc":{"start":{"line":307,"column":6},"end":{"line":309,"column":null}},"type":"if","locations":[{"start":{"line":307,"column":6},"end":{"line":309,"column":null}}]},"19":{"loc":{"start":{"line":320,"column":6},"end":{"line":323,"column":null}},"type":"if","locations":[{"start":{"line":320,"column":6},"end":{"line":323,"column":null}}]},"20":{"loc":{"start":{"line":322,"column":24},"end":{"line":322,"column":null}},"type":"binary-expr","locations":[{"start":{"line":322,"column":24},"end":{"line":322,"column":39}},{"start":{"line":322,"column":43},"end":{"line":322,"column":null}}]},"21":{"loc":{"start":{"line":329,"column":15},"end":{"line":329,"column":null}},"type":"binary-expr","locations":[{"start":{"line":329,"column":15},"end":{"line":329,"column":28}},{"start":{"line":329,"column":32},"end":{"line":329,"column":null}}]},"22":{"loc":{"start":{"line":332,"column":21},"end":{"line":332,"column":null}},"type":"binary-expr","locations":[{"start":{"line":332,"column":21},"end":{"line":332,"column":34}},{"start":{"line":332,"column":38},"end":{"line":332,"column":null}}]},"23":{"loc":{"start":{"line":342,"column":4},"end":{"line":342,"column":null}},"type":"if","locations":[{"start":{"line":342,"column":4},"end":{"line":342,"column":null}}]},"24":{"loc":{"start":{"line":345,"column":4},"end":{"line":352,"column":null}},"type":"if","locations":[{"start":{"line":345,"column":4},"end":{"line":352,"column":null}}]},"25":{"loc":{"start":{"line":355,"column":4},"end":{"line":362,"column":null}},"type":"if","locations":[{"start":{"line":355,"column":4},"end":{"line":362,"column":null}}]},"26":{"loc":{"start":{"line":377,"column":4},"end":{"line":379,"column":null}},"type":"if","locations":[{"start":{"line":377,"column":4},"end":{"line":379,"column":null}}]},"27":{"loc":{"start":{"line":383,"column":4},"end":{"line":390,"column":null}},"type":"if","locations":[{"start":{"line":383,"column":4},"end":{"line":390,"column":null}}]},"28":{"loc":{"start":{"line":404,"column":6},"end":{"line":406,"column":null}},"type":"if","locations":[{"start":{"line":404,"column":6},"end":{"line":406,"column":null}}]},"29":{"loc":{"start":{"line":416,"column":6},"end":{"line":419,"column":null}},"type":"if","locations":[{"start":{"line":416,"column":6},"end":{"line":419,"column":null}}]},"30":{"loc":{"start":{"line":418,"column":24},"end":{"line":418,"column":null}},"type":"binary-expr","locations":[{"start":{"line":418,"column":24},"end":{"line":418,"column":39}},{"start":{"line":418,"column":43},"end":{"line":418,"column":null}}]},"31":{"loc":{"start":{"line":428,"column":15},"end":{"line":428,"column":null}},"type":"binary-expr","locations":[{"start":{"line":428,"column":15},"end":{"line":428,"column":28}},{"start":{"line":428,"column":32},"end":{"line":428,"column":null}}]},"32":{"loc":{"start":{"line":431,"column":21},"end":{"line":431,"column":null}},"type":"binary-expr","locations":[{"start":{"line":431,"column":21},"end":{"line":431,"column":34}},{"start":{"line":431,"column":38},"end":{"line":431,"column":null}}]},"33":{"loc":{"start":{"line":440,"column":4},"end":{"line":440,"column":null}},"type":"if","locations":[{"start":{"line":440,"column":4},"end":{"line":440,"column":null}}]},"34":{"loc":{"start":{"line":450,"column":6},"end":{"line":452,"column":null}},"type":"if","locations":[{"start":{"line":450,"column":6},"end":{"line":452,"column":null}}]},"35":{"loc":{"start":{"line":468,"column":6},"end":{"line":468,"column":null}},"type":"if","locations":[{"start":{"line":468,"column":6},"end":{"line":468,"column":null}}]},"36":{"loc":{"start":{"line":479,"column":21},"end":{"line":479,"column":null}},"type":"binary-expr","locations":[{"start":{"line":479,"column":21},"end":{"line":479,"column":34}},{"start":{"line":479,"column":38},"end":{"line":479,"column":null}}]},"37":{"loc":{"start":{"line":495,"column":6},"end":{"line":497,"column":null}},"type":"if","locations":[{"start":{"line":495,"column":6},"end":{"line":497,"column":null}}]},"38":{"loc":{"start":{"line":513,"column":6},"end":{"line":513,"column":null}},"type":"if","locations":[{"start":{"line":513,"column":6},"end":{"line":513,"column":null}}]},"39":{"loc":{"start":{"line":524,"column":21},"end":{"line":524,"column":null}},"type":"binary-expr","locations":[{"start":{"line":524,"column":21},"end":{"line":524,"column":34}},{"start":{"line":524,"column":38},"end":{"line":524,"column":null}}]},"40":{"loc":{"start":{"line":542,"column":4},"end":{"line":549,"column":null}},"type":"if","locations":[{"start":{"line":542,"column":4},"end":{"line":549,"column":null}}]},"41":{"loc":{"start":{"line":559,"column":6},"end":{"line":561,"column":null}},"type":"if","locations":[{"start":{"line":559,"column":6},"end":{"line":561,"column":null}}]},"42":{"loc":{"start":{"line":568,"column":18},"end":{"line":568,"column":null}},"type":"binary-expr","locations":[{"start":{"line":568,"column":18},"end":{"line":568,"column":50}},{"start":{"line":568,"column":50},"end":{"line":568,"column":null}}]},"43":{"loc":{"start":{"line":569,"column":23},"end":{"line":569,"column":null}},"type":"binary-expr","locations":[{"start":{"line":569,"column":23},"end":{"line":569,"column":54}},{"start":{"line":569,"column":54},"end":{"line":569,"column":null}}]},"44":{"loc":{"start":{"line":570,"column":27},"end":{"line":570,"column":null}},"type":"binary-expr","locations":[{"start":{"line":570,"column":27},"end":{"line":570,"column":56}},{"start":{"line":570,"column":56},"end":{"line":570,"column":null}}]},"45":{"loc":{"start":{"line":573,"column":25},"end":{"line":573,"column":null}},"type":"binary-expr","locations":[{"start":{"line":573,"column":25},"end":{"line":573,"column":52}},{"start":{"line":573,"column":52},"end":{"line":573,"column":null}}]},"46":{"loc":{"start":{"line":577,"column":6},"end":{"line":577,"column":null}},"type":"if","locations":[{"start":{"line":577,"column":6},"end":{"line":577,"column":null}}]},"47":{"loc":{"start":{"line":588,"column":21},"end":{"line":588,"column":null}},"type":"binary-expr","locations":[{"start":{"line":588,"column":21},"end":{"line":588,"column":34}},{"start":{"line":588,"column":38},"end":{"line":588,"column":null}}]},"48":{"loc":{"start":{"line":626,"column":74},"end":{"line":626,"column":97}},"type":"binary-expr","locations":[{"start":{"line":626,"column":74},"end":{"line":626,"column":82}},{"start":{"line":626,"column":82},"end":{"line":626,"column":97}}]},"49":{"loc":{"start":{"line":633,"column":7},"end":{"line":1035,"column":null}},"type":"cond-expr","locations":[{"start":{"line":634,"column":8},"end":{"line":1035,"column":null}},{"start":{"line":1035,"column":10},"end":{"line":1035,"column":null}}]},"50":{"loc":{"start":{"line":663,"column":19},"end":{"line":663,"column":null}},"type":"cond-expr","locations":[{"start":{"line":663,"column":39},"end":{"line":663,"column":58}},{"start":{"line":663,"column":58},"end":{"line":663,"column":null}}]},"51":{"loc":{"start":{"line":666,"column":19},"end":{"line":668,"column":null}},"type":"cond-expr","locations":[{"start":{"line":667,"column":22},"end":{"line":667,"column":82}},{"start":{"line":668,"column":22},"end":{"line":668,"column":null}}]},"52":{"loc":{"start":{"line":673,"column":18},"end":{"line":676,"column":32}},"type":"cond-expr","locations":[{"start":{"line":673,"column":18},"end":{"line":676,"column":32}}]},"53":{"loc":{"start":{"line":677,"column":18},"end":{"line":687,"column":null}},"type":"cond-expr","locations":[{"start":{"line":677,"column":18},"end":{"line":687,"column":null}}]},"54":{"loc":{"start":{"line":696,"column":23},"end":{"line":696,"column":null}},"type":"binary-expr","locations":[{"start":{"line":696,"column":23},"end":{"line":696,"column":null}}]},"55":{"loc":{"start":{"line":698,"column":27},"end":{"line":698,"column":null}},"type":"binary-expr","locations":[{"start":{"line":698,"column":27},"end":{"line":698,"column":null}}]},"56":{"loc":{"start":{"line":714,"column":22},"end":{"line":727,"column":23}},"type":"cond-expr","locations":[{"start":{"line":714,"column":22},"end":{"line":727,"column":23}}]},"57":{"loc":{"start":{"line":713,"column":21},"end":{"line":713,"column":null}},"type":"binary-expr","locations":[{"start":{"line":713,"column":21},"end":{"line":713,"column":57}},{"start":{"line":713,"column":57},"end":{"line":713,"column":null}}]},"58":{"loc":{"start":{"line":737,"column":37},"end":{"line":740,"column":47}},"type":"cond-expr","locations":[{"start":{"line":738,"column":38},"end":{"line":740,"column":43}},{"start":{"line":740,"column":38},"end":{"line":740,"column":47}}]},"59":{"loc":{"start":{"line":743,"column":35},"end":{"line":743,"column":null}},"type":"binary-expr","locations":[{"start":{"line":743,"column":35},"end":{"line":743,"column":null}}]},"60":{"loc":{"start":{"line":754,"column":35},"end":{"line":766,"column":52}},"type":"cond-expr","locations":[{"start":{"line":755,"column":36},"end":{"line":761,"column":79}},{"start":{"line":763,"column":38},"end":{"line":766,"column":52}}]},"61":{"loc":{"start":{"line":754,"column":35},"end":{"line":754,"column":null}},"type":"binary-expr","locations":[{"start":{"line":754,"column":35},"end":{"line":754,"column":51}},{"start":{"line":754,"column":55},"end":{"line":754,"column":null}}]},"62":{"loc":{"start":{"line":755,"column":36},"end":{"line":761,"column":79}},"type":"cond-expr","locations":[{"start":{"line":756,"column":38},"end":{"line":761,"column":41}},{"start":{"line":761,"column":38},"end":{"line":761,"column":79}}]},"63":{"loc":{"start":{"line":763,"column":38},"end":{"line":766,"column":52}},"type":"cond-expr","locations":[{"start":{"line":764,"column":36},"end":{"line":766,"column":41}},{"start":{"line":766,"column":36},"end":{"line":766,"column":52}}]},"64":{"loc":{"start":{"line":764,"column":58},"end":{"line":764,"column":82}},"type":"binary-expr","locations":[{"start":{"line":764,"column":58},"end":{"line":764,"column":74}},{"start":{"line":764,"column":78},"end":{"line":764,"column":82}}]},"65":{"loc":{"start":{"line":806,"column":36},"end":{"line":808,"column":null}},"type":"cond-expr","locations":[{"start":{"line":806,"column":36},"end":{"line":808,"column":null}}]},"66":{"loc":{"start":{"line":842,"column":24},"end":{"line":845,"column":null}},"type":"if","locations":[{"start":{"line":842,"column":24},"end":{"line":845,"column":null}}]},"67":{"loc":{"start":{"line":850,"column":21},"end":{"line":856,"column":null}},"type":"cond-expr","locations":[{"start":{"line":851,"column":22},"end":{"line":856,"column":null}},{"start":{"line":856,"column":22},"end":{"line":856,"column":null}}]},"68":{"loc":{"start":{"line":861,"column":17},"end":{"line":861,"column":null}},"type":"binary-expr","locations":[{"start":{"line":861,"column":17},"end":{"line":861,"column":null}}]},"69":{"loc":{"start":{"line":880,"column":20},"end":{"line":899,"column":21}},"type":"cond-expr","locations":[{"start":{"line":880,"column":20},"end":{"line":899,"column":21}}]},"70":{"loc":{"start":{"line":883,"column":31},"end":{"line":883,"column":null}},"type":"binary-expr","locations":[{"start":{"line":883,"column":31},"end":{"line":883,"column":47}},{"start":{"line":883,"column":47},"end":{"line":883,"column":null}}]},"71":{"loc":{"start":{"line":925,"column":19},"end":{"line":925,"column":null}},"type":"binary-expr","locations":[{"start":{"line":925,"column":19},"end":{"line":925,"column":null}}]},"72":{"loc":{"start":{"line":928,"column":24},"end":{"line":933,"column":null}},"type":"cond-expr","locations":[{"start":{"line":928,"column":24},"end":{"line":933,"column":null}}]},"73":{"loc":{"start":{"line":941,"column":19},"end":{"line":941,"column":null}},"type":"binary-expr","locations":[{"start":{"line":941,"column":19},"end":{"line":941,"column":null}}]},"74":{"loc":{"start":{"line":1018,"column":24},"end":{"line":1023,"column":null}},"type":"cond-expr","locations":[{"start":{"line":1018,"column":24},"end":{"line":1023,"column":null}}]},"75":{"loc":{"start":{"line":1037,"column":7},"end":{"line":1037,"column":25}},"type":"binary-expr","locations":[{"start":{"line":1037,"column":7},"end":{"line":1037,"column":25}},{"start":{"line":1037,"column":25},"end":{"line":1037,"column":41}},{"start":{"line":1037,"column":41},"end":{"line":1037,"column":57}},{"start":{"line":1037,"column":57},"end":{"line":1037,"column":67}},{"start":{"line":1037,"column":67},"end":{"line":1037,"column":null}}]},"76":{"loc":{"start":{"line":1050,"column":7},"end":{"line":1050,"column":null}},"type":"binary-expr","locations":[{"start":{"line":1050,"column":7},"end":{"line":1050,"column":null}}]},"77":{"loc":{"start":{"line":1136,"column":16},"end":{"line":1141,"column":null}},"type":"cond-expr","locations":[{"start":{"line":1136,"column":16},"end":{"line":1141,"column":null}}]}},"s":{"0":21,"1":2,"2":2,"3":2,"4":2,"5":2,"6":2,"7":2,"8":2,"9":2,"10":2,"11":2,"12":2,"13":2,"14":2,"15":2,"16":2,"17":2,"18":2,"19":2,"20":2,"21":2,"22":126,"23":126,"24":126,"25":126,"26":126,"27":126,"28":126,"29":126,"30":126,"31":126,"32":126,"33":126,"34":126,"35":126,"36":126,"37":126,"38":126,"39":126,"40":126,"41":126,"42":126,"43":21,"44":0,"45":21,"46":21,"47":21,"48":21,"49":21,"50":21,"51":21,"52":0,"53":21,"54":21,"55":1,"56":1,"57":1,"58":1,"59":21,"60":21,"61":21,"62":21,"63":1,"64":21,"65":1,"66":1,"67":1,"68":1,"69":1,"70":1,"71":1,"72":1,"73":1,"74":1,"75":1,"76":1,"77":1,"78":1,"79":1,"80":1,"81":1,"82":1,"83":1,"84":1,"85":0,"86":0,"87":0,"88":0,"89":1,"90":21,"91":0,"92":21,"93":0,"94":21,"95":21,"96":126,"97":42,"98":42,"99":42,"100":42,"101":0,"102":0,"103":0,"104":0,"105":0,"106":0,"107":0,"108":0,"109":0,"110":0,"111":0,"112":0,"113":0,"114":0,"115":0,"116":0,"117":0,"118":0,"119":0,"120":0,"121":0,"122":0,"123":0,"124":126,"125":84,"126":84,"127":84,"128":0,"129":0,"130":0,"131":0,"132":0,"133":0,"134":0,"135":0,"136":0,"137":0,"138":0,"139":0,"140":0,"141":126,"142":0,"143":0,"144":0,"145":0,"146":0,"147":0,"148":0,"149":0,"150":0,"151":0,"152":0,"153":0,"154":0,"155":0,"156":0,"157":0,"158":0,"159":0,"160":0,"161":0,"162":0,"163":126,"164":0,"165":0,"166":0,"167":0,"168":0,"169":0,"170":0,"171":0,"172":0,"173":0,"174":0,"175":0,"176":0,"177":0,"178":126,"179":0,"180":0,"181":0,"182":0,"183":126,"184":0,"185":0,"186":0,"187":0,"188":0,"189":0,"190":0,"191":0,"192":0,"193":0,"194":0,"195":0,"196":0,"197":0,"198":0,"199":0,"200":0,"201":0,"202":0,"203":0,"204":0,"205":0,"206":0,"207":126,"208":0,"209":0,"210":0,"211":0,"212":0,"213":0,"214":0,"215":0,"216":0,"217":0,"218":0,"219":0,"220":0,"221":0,"222":126,"223":0,"224":0,"225":0,"226":0,"227":0,"228":0,"229":0,"230":0,"231":0,"232":0,"233":0,"234":0,"235":126,"236":126,"237":0,"238":0,"239":0,"240":0,"241":0,"242":0,"243":0,"244":0,"245":0,"246":0,"247":0,"248":0,"249":0,"250":0,"
[...]
:18},"end":{"line":72,"column":null}},"15":{"start":{"line":67,"column":4},"end":{"line":67,"column":null}},"16":{"start":{"line":68,"column":4},"end":{"line":71,"column":null}},"17":{"start":{"line":74,"column":2},"end":{"line":74,"column":null}},"18":{"start":{"line":77,"column":23},"end":{"line":130,"column":null}},"19":{"start":{"line":78,"column":2},"end":{"line":129,"column":null}},"20":{"start":{"line":80,"column":6},"end":{"line":83,"column":null}},"21":{"start":{"line":86,"column":6},"end":{"line":91,"column":null}},"22":{"start":{"line":89,"column":10},"end":{"line":89,"column":null}},"23":{"start":{"line":94,"column":26},"end":{"line":94,"column":null}},"24":{"start":{"line":98,"column":6},"end":{"line":104,"column":null}},"25":{"start":{"line":99,"column":8},"end":{"line":99,"column":null}},"26":{"start":{"line":101,"column":8},"end":{"line":103,"column":null}},"27":{"start":{"line":102,"column":10},"end":{"line":102,"column":null}},"28":{"start":{"line":106,"column":6},"end":{"line":116,"column":null}},"29":{"start":{"line":109,"column":10},"end":{"line":114,"column":null}},"30":{"start":{"line":119,"column":6},"end":{"line":124,"column":null}},"31":{"start":{"line":120,"column":8},"end":{"line":123,"column":null}},"32":{"start":{"line":125,"column":6},"end":{"line":128,"column":null}},"33":{"start":{"line":127,"column":43},"end":{"line":127,"column":66}},"34":{"start":{"line":132,"column":49},"end":{"line":132,"column":51}},"35":{"start":{"line":134,"column":25},"end":{"line":134,"column":null}},"36":{"start":{"line":137,"column":2},"end":{"line":137,"column":null}},"37":{"start":{"line":138,"column":2},"end":{"line":140,"column":null}},"38":{"start":{"line":139,"column":4},"end":{"line":139,"column":null}},"39":{"start":{"line":146,"column":13},"end":{"line":146,"column":null}},"40":{"start":{"line":148,"column":17},"end":{"line":152,"column":null}},"41":{"start":{"line":149,"column":4},"end":{"line":152,"column":null}},"42":{"start":{"line":153,"column":18},"end":{"line":153,"column":null}},"43":{"start":{"line":153,"column":24},"end":{"line":153,"column":null}},"44":{"start":{"line":155,"column":2},"end":{"line":165,"column":null}},"45":{"start":{"line":162,"column":8},"end":{"line":162,"column":null}},"46":{"start":{"line":162,"column":19},"end":{"line":162,"column":null}},"47":{"start":{"line":167,"column":2},"end":{"line":171,"column":null}},"48":{"start":{"line":175,"column":28},"end":{"line":175,"column":null}},"49":{"start":{"line":177,"column":2},"end":{"line":185,"column":null}},"50":{"start":{"line":178,"column":4},"end":{"line":178,"column":null}},"51":{"start":{"line":179,"column":4},"end":{"line":184,"column":null}},"52":{"start":{"line":180,"column":20},"end":{"line":180,"column":null}},"53":{"start":{"line":181,"column":6},"end":{"line":183,"column":null}},"54":{"start":{"line":182,"column":8},"end":{"line":182,"column":null}},"55":{"start":{"line":187,"column":2},"end":{"line":191,"column":null}},"56":{"start":{"line":190,"column":35},"end":{"line":190,"column":null}}},"fnMap":{"0":{"name":"genId","decl":{"start":{"line":30,"column":9},"end":{"line":30,"column":null}},"loc":{"start":{"line":30,"column":9},"end":{"line":33,"column":null}}},"1":{"name":"(anonymous_8)","decl":{"start":{"line":61,"column":25},"end":{"line":61,"column":26}},"loc":{"start":{"line":61,"column":26},"end":{"line":75,"column":null}}},"2":{"name":"(anonymous_9)","decl":{"start":{"line":66,"column":29},"end":{"line":66,"column":null}},"loc":{"start":{"line":66,"column":29},"end":{"line":72,"column":5}}},"3":{"name":"(anonymous_10)","decl":{"start":{"line":77,"column":23},"end":{"line":77,"column":24}},"loc":{"start":{"line":77,"column":38},"end":{"line":130,"column":null}}},"4":{"name":"(anonymous_11)","decl":{"start":{"line":88,"column":33},"end":{"line":88,"column":34}},"loc":{"start":{"line":89,"column":10},"end":{"line":89,"column":null}}},"5":{"name":"(anonymous_12)","decl":{"start":{"line":101,"column":29},"end":{"line":101,"column":30}},"loc":{"start":{"line":101,"column":30},"end":{"line":103,"column":null}}},"6":{"name":"(anonymous_13)","decl":{"start":{"line":108,"column":33},"end":{"line":108,"column":34}},"loc":{"start":{"line":109,"column":10},"end":{"line":114,"column":null}}},"7":{"name":"(anonymous_14)","decl":{"start":{"line":127,"column":36},"end":{"line":127,"column":37}},"loc":{"start":{"line":127,"column":43},"end":{"line":127,"column":66}}},"8":{"name":"dispatch","decl":{"start":{"line":136,"column":9},"end":{"line":136,"column":18}},"loc":{"start":{"line":136,"column":32},"end":{"line":141,"column":null}}},"9":{"name":"(anonymous_16)","decl":{"start":{"line":138,"column":20},"end":{"line":138,"column":21}},"loc":{"start":{"line":138,"column":21},"end":{"line":140,"column":null}}},"10":{"name":"toast","decl":{"start":{"line":145,"column":9},"end":{"line":145,"column":15}},"loc":{"start":{"line":145,"column":34},"end":{"line":172,"column":null}}},"11":{"name":"(anonymous_18)","decl":{"start":{"line":148,"column":17},"end":{"line":148,"column":18}},"loc":{"start":{"line":149,"column":4},"end":{"line":152,"column":null}}},"12":{"name":"(anonymous_19)","decl":{"start":{"line":153,"column":18},"end":{"line":153,"column":24}},"loc":{"start":{"line":153,"column":24},"end":{"line":153,"column":null}}},"13":{"name":"(anonymous_20)","decl":{"start":{"line":161,"column":20},"end":{"line":161,"column":21}},"loc":{"start":{"line":161,"column":21},"end":{"line":163,"column":null}}},"14":{"name":"useToast","decl":{"start":{"line":174,"column":9},"end":{"line":174,"column":null}},"loc":{"start":{"line":174,"column":9},"end":{"line":192,"column":null}}},"15":{"name":"(anonymous_22)","decl":{"start":{"line":177,"column":18},"end":{"line":177,"column":null}},"loc":{"start":{"line":177,"column":18},"end":{"line":185,"column":5}}},"16":{"name":"(anonymous_23)","decl":{"start":{"line":179,"column":11},"end":{"line":179,"column":null}},"loc":{"start":{"line":179,"column":11},"end":{"line":184,"column":null}}},"17":{"name":"(anonymous_24)","decl":{"start":{"line":190,"column":13},"end":{"line":190,"column":14}},"loc":{"start":{"line":190,"column":35},"end":{"line":190,"column":null}}}},"branchMap":{"0":{"loc":{"start":{"line":62,"column":2},"end":{"line":64,"column":null}},"type":"if","locations":[{"start":{"line":62,"column":2},"end":{"line":64,"column":null}}]},"1":{"loc":{"start":{"line":78,"column":2},"end":{"line":129,"column":null}},"type":"switch","locations":[{"start":{"line":79,"column":4},"end":{"line":83,"column":null}},{"start":{"line":85,"column":4},"end":{"line":91,"column":null}},{"start":{"line":93,"column":4},"end":{"line":117,"column":null}},{"start":{"line":118,"column":4},"end":{"line":128,"column":null}}]},"2":{"loc":{"start":{"line":89,"column":10},"end":{"line":89,"column":null}},"type":"cond-expr","locations":[{"start":{"line":89,"column":37},"end":{"line":89,"column":65}},{"start":{"line":89,"column":65},"end":{"line":89,"column":null}}]},"3":{"loc":{"start":{"line":98,"column":6},"end":{"line":104,"column":null}},"type":"if","locations":[{"start":{"line":98,"column":6},"end":{"line":104,"column":null}},{"start":{"line":100,"column":13},"end":{"line":104,"column":null}}]},"4":{"loc":{"start":{"line":109,"column":10},"end":{"line":114,"column":null}},"type":"cond-expr","locations":[{"start":{"line":110,"column":14},"end":{"line":113,"column":null}},{"start":{"line":114,"column":14},"end":{"line":114,"column":null}}]},"5":{"loc":{"start":{"line":109,"column":10},"end":{"line":109,"column":null}},"type":"binary-expr","locations":[{"start":{"line":109,"column":10},"end":{"line":109,"column":30}},{"start":{"line":109,"column":30},"end":{"line":109,"column":null}}]},"6":{"loc":{"start":{"line":119,"column":6},"end":{"line":124,"column":null}},"type":"if","locations":[{"start":{"line":119,"column":6},"end":{"line":124,"column":null}}]},"7":{"loc":{"start":{"line":162,"column":8},"end":{"line":162,"column":null}},"type":"if","locations":[{"start":{"line":162,"column":8},"end":{"line":162,"column":null}}]},"8":{"loc":{"start":{"line":181,"column":6},"end":{"line":183,"column":null}},"type":"if","locations":[{"start":{"line":181,"column":6},"end":{"line":183,"column":null}}]}},"s":{"0":0,"1":0,"2":207,"3":6,"4":6,"5":6,"6":6,"7":6,"8":9,"9":9,"10":6,"11":6,"12":0,"13":0,"14":0,"15":0,"16":0,"17":0,"18":6,"19":9,"20":9,"21":0,"22":0,"23":0,"24":0,"25":0,"26":0,"27":0,"28":0,"29":0,"30":0,"31":0,"32":0,"33":0,"34":6,"35":6,"36":9,"37":9,"38":9,"39":9,"40":9,"41":0,"42":9,"43":0,"44":9,"45":0,"46":0,"47":9,"48":207,"49":207,"50":68,"51":68,"52":68,"53":68,"54":68,"55":207,"56":0},"f":{"0":9,"1":0,"2":0,"3":9,"4":0,"5":0,"6":0,"7":0,"8":9,"9":9,"10":9,"11":0,"12":0,"13":0,"14":207,"15":68,"16":68,"17":0},"b":{"0":[0],"1":[9,0,0,0],"2":[0,0],"3":[0,0],"4":[0,0],"5":[0,0],"6":[0],"7":[0],"8":[68]}}
,"/home/micha/macro-tracker/lib/auth-api.ts": {"path":"/home/micha/macro-tracker/lib/auth-api.ts","statementMap":{"0":{"start":{"line":4,"column":22},"end":{"line":4,"column":41}},"1":{"start":{"line":53,"column":16},"end":{"line":53,"column":36}},"2":{"start":{"line":1,"column":42},"end":{"line":1,"column":null}},"3":{"start":{"line":2,"column":29},"end":{"line":2,"column":null}},"4":{"start":{"line":5,"column":2},"end":{"line":50,"column":null}},"5":{"start":{"line":6,"column":23},"end":{"line":6,"column":null}},"6":{"start":{"line":8,"column":4},"end":{"line":13,"column":null}},"7":{"start":{"line":9,"column":6},"end":{"line":12,"column":null}},"8":{"start":{"line":15,"column":18},"end":{"line":15,"column":null}},"9":{"start":{"line":17,"column":21},"end":{"line":29,"column":null}},"10":{"start":{"line":32,"column":38},"end":{"line":32,"column":null}},"11":{"start":{"line":34,"column":4},"end":{"line":39,"column":null}},"12":{"start":{"line":35,"column":6},"end":{"line":38,"column":null}},"13":{"start":{"line":41,"column":4},"end":{"line":44,"column":null}},"14":{"start":{"line":46,"column":4},"end":{"line":49,"column":null}},"15":{"start":{"line":54,"column":2},"end":{"line":56,"column":null}}},"fnMap":{"0":{"name":"authenticateRequest","decl":{"start":{"line":4,"column":22},"end":{"line":4,"column":41}},"loc":{"start":{"line":4,"column":62},"end":{"line":51,"column":null}}},"1":{"name":"unauthorizedResponse","decl":{"start":{"line":53,"column":16},"end":{"line":53,"column":36}},"loc":{"start":{"line":53,"column":69},"end":{"line":58,"column":null}}}},"branchMap":{"0":{"loc":{"start":{"line":8,"column":4},"end":{"line":13,"column":null}},"type":"if","locations":[{"start":{"line":8,"column":4},"end":{"line":13,"column":null}}]},"1":{"loc":{"start":{"line":8,"column":8},"end":{"line":8,"column":58}},"type":"binary-expr","locations":[{"start":{"line":8,"column":8},"end":{"line":8,"column":23}},{"start":{"line":8,"column":23},"end":{"line":8,"column":58}}]},"2":{"loc":{"start":{"line":34,"column":4},"end":{"line":39,"column":null}},"type":"if","locations":[{"start":{"line":34,"column":4},"end":{"line":39,"column":null}}]},"3":{"loc":{"start":{"line":34,"column":8},"end":{"line":34,"column":24}},"type":"binary-expr","locations":[{"start":{"line":34,"column":8},"end":{"line":34,"column":17}},{"start":{"line":34,"column":17},"end":{"line":34,"column":24}}]},"4":{"loc":{"start":{"line":37,"column":15},"end":{"line":37,"column":null}},"type":"binary-expr","locations":[{"start":{"line":37,"column":15},"end":{"line":37,"column":33}},{"start":{"line":37,"column":33},"end":{"line":37,"column":null}}]},"5":{"loc":{"start":{"line":53,"column":37},"end":{"line":53,"column":69}},"type":"default-arg","locations":[{"start":{"line":53,"column":55},"end":{"line":53,"column":69}}]}},"s":{"0":0,"1":0,"2":0,"3":0,"4":0,"5":0,"6":0,"7":0,"8":0,"9":0,"10":0,"11":0,"12":0,"13":0,"14":0,"15":0},"f":{"0":0,"1":0},"b":{"0":[0],"1":[0,0],"2":[0],"3":[0,0],"4":[0,0],"5":[0]}}
,"/home/micha/macro-tracker/lib/supabase.ts": {"path":"/home/micha/macro-tracker/lib/supabase.ts","statementMap":{"0":{"start":{"line":18,"column":13},"end":{"line":18,"column":31}},"1":{"start":{"line":4,"column":13},"end":{"line":4,"column":21}},"2":{"start":{"line":1,"column":29},"end":{"line":1,"column":null}},"3":{"start":{"line":4,"column":24},"end":{"line":14,"column":null}},"4":{"start":{"line":5,"column":22},"end":{"line":5,"column":58}},"5":{"start":{"line":6,"column":26},"end":{"line":6,"column":67}},"6":{"start":{"line":8,"column":2},"end":{"line":11,"column":null}},"7":{"start":{"line":10,"column":4},"end":{"line":10,"column":null}},"8":{"start":{"line":13,"column":2},"end":{"line":13,"column":null}},"9":{"start":{"line":18,"column":34},"end":{"line":31,"column":null}},"10":{"start":{"line":19,"column":22},"end":{"line":19,"column":58}},"11":{"start":{"line":20,"column":26},"end":{"line":20,"column":67}},"12":{"start":{"line":22,"column":2},"end":{"line":24,"column":null}},"13":{"start":{"line":23,"column":4},"end":{"line":23,"column":null}},"14":{"start":{"line":26,"column":2},"end":{"line":30,"column":null}}},"fnMap":{"0":{"name":"(anonymous_3)","decl":{"start":{"line":4,"column":25},"end":{"line":4,"column":null}},"loc":{"start":{"line":4,"column":25},"end":{"line":14,"column":null}}},"1":{"name":"(anonymous_4)","decl":{"start":{"line":18,"column":34},"end":{"line":18,"column":null}},"loc":{"start":{"line":18,"column":34},"end":{"line":31,"column":null}}}},"branchMap":{"0":{"loc":{"start":{"line":8,"column":2},"end":{"line":11,"column":null}},"type":"if","locations":[{"start":{"line":8,"column":2},"end":{"line":11,"column":null}}]},"1":{"loc":{"start":{"line":8,"column":6},"end":{"line":8,"column":87}},"type":"binary-expr","locations":[{"start":{"line":8,"column":6},"end":{"line":8,"column":22}},{"start":{"line":8,"column":22},"end":{"line":8,"column":42}},{"start":{"line":8,"column":42},"end":{"line":8,"column":87}}]},"2":{"loc":{"start":{"line":22,"column":2},"end":{"line":24,"column":null}},"type":"if","locations":[{"start":{"line":22,"column":2},"end":{"line":24,"column":null}}]},"3":{"loc":{"start":{"line":22,"column":6},"end":{"line":22,"column":87}},"type":"binary-expr","locations":[{"start":{"line":22,"column":6},"end":{"line":22,"column":22}},{"start":{"line":22,"column":22},"end":{"line":22,"column":42}},{"start":{"line":22,"column":42},"end":{"line":22,"column":87}}]}},"s":{"0":0,"1":0,"2":0,"3":0,"4":0,"5":0,"6":0,"7":0,"8":0,"9":0,"10":0,"11":0,"12":0,"13":0,"14":0},"f":{"0":0,"1":0},"b":{"0":[0],"1":[0,0,0],"2":[0],"3":[0,0,0]}}
,"/home/micha/macro-tracker/lib/utils.ts": {"path":"/home/micha/macro-tracker/lib/utils.ts","statementMap":{"0":{"start":{"line":4,"column":16},"end":{"line":4,"column":19}},"1":{"start":{"line":1,"column":38},"end":{"line":1,"column":null}},"2":{"start":{"line":2,"column":24},"end":{"line":2,"column":null}},"3":{"start":{"line":5,"column":2},"end":{"line":5,"column":null}}},"fnMap":{"0":{"name":"cn","decl":{"start":{"line":4,"column":16},"end":{"line":4,"column":19}},"loc":{"start":{"line":4,"column":42},"end":{"line":6,"column":null}}}},"branchMap":{},"s":{"0":4121,"1":14,"2":14,"3":4121},"f":{"0":4121},"b":{}}
,"/home/micha/macro-tracker/lib/validations.ts": {"path":"/home/micha/macro-tracker/lib/validations.ts","statementMap":{"0":{"start":{"line":72,"column":13},"end":{"line":72,"column":29}},"1":{"start":{"line":196,"column":13},"end":{"line":196,"column":30}},"2":{"start":{"line":4,"column":13},"end":{"line":4,"column":24}},"3":{"start":{"line":164,"column":13},"end":{"line":164,"column":28}},"4":{"start":{"line":81,"column":13},"end":{"line":81,"column":34}},"5":{"start":{"line":16,"column":13},"end":{"line":16,"column":27}},"6":{"start":{"line":41,"column":13},"end":{"line":41,"column":38}},"7":{"start":{"line":1,"column":18},"end":{"line":1,"column":null}},"8":{"start":{"line":4,"column":27},"end":{"line":13,"column":null}},"9":{"start":{"line":16,"column":30},"end":{"line":38,"column":null}},"10":{"start":{"line":41,"column":41},"end":{"line":69,"column":null}},"11":{"start":{"line":66,"column":20},"end":{"line":66,"column":58}},"12":{"start":{"line":72,"column":32},"end":{"line":79,"column":null}},"13":{"start":{"line":81,"column":37},"end":{"line":160,"column":null}},"14":{"start":{"line":128,"column":6},"end":{"line":130,"column":null}},"15":{"start":{"line":129,"column":8},"end":{"line":129,"column":null}},"16":{"start":{"line":131,"column":6},"end":{"line":131,"column":null}},"17":{"start":{"line":140,"column":6},"end":{"line":142,"column":null}},"18":{"start":{"line":141,"column":8},"end":{"line":141,"column":null}},"19":{"start":{"line":143,"column":6},"end":{"line":143,"column":null}},"20":{"start":{"line":152,"column":6},"end":{"line":154,"column":null}},"21":{"start":{"line":153,"column":8},"end":{"line":153,"column":null}},"22":{"start":{"line":155,"column":6},"end":{"line":155,"column":null}},"23":{"start":{"line":164,"column":31},"end":{"line":192,"column":null}},"24":{"start":{"line":186,"column":20},"end":{"line":186,"column":89}},"25":{"start":{"line":196,"column":33},"end":{"line":204,"column":null}},"26":{"start":{"line":199,"column":22},"end":{"line":199,"column":52}},"27":{"start":{"line":201,"column":16},"end":{"line":201,"column":null}}},"fnMap":{"0":{"name":"(anonymous_8)","decl":{"start":{"line":66,"column":10},"end":{"line":66,"column":11}},"loc":{"start":{"line":66,"column":20},"end":{"line":66,"column":58}}},"1":{"name":"(anonymous_9)","decl":{"start":{"line":127,"column":4},"end":{"line":127,"column":5}},"loc":{"start":{"line":127,"column":5},"end":{"line":132,"column":null}}},"2":{"name":"(anonymous_10)","decl":{"start":{"line":139,"column":4},"end":{"line":139,"column":5}},"loc":{"start":{"line":139,"column":5},"end":{"line":144,"column":null}}},"3":{"name":"(anonymous_11)","decl":{"start":{"line":151,"column":4},"end":{"line":151,"column":5}},"loc":{"start":{"line":151,"column":5},"end":{"line":156,"column":null}}},"4":{"name":"(anonymous_12)","decl":{"start":{"line":185,"column":4},"end":{"line":185,"column":5}},"loc":{"start":{"line":185,"column":5},"end":{"line":188,"column":null}}},"5":{"name":"(anonymous_13)","decl":{"start":{"line":199,"column":12},"end":{"line":199,"column":13}},"loc":{"start":{"line":199,"column":22},"end":{"line":199,"column":52}}},"6":{"name":"(anonymous_14)","decl":{"start":{"line":201,"column":6},"end":{"line":201,"column":7}},"loc":{"start":{"line":201,"column":16},"end":{"line":201,"column":null}}}},"branchMap":{"0":{"loc":{"start":{"line":128,"column":6},"end":{"line":130,"column":null}},"type":"if","locations":[{"start":{"line":128,"column":6},"end":{"line":130,"column":null}}]},"1":{"loc":{"start":{"line":128,"column":10},"end":{"line":128,"column":91}},"type":"binary-expr","locations":[{"start":{"line":128,"column":10},"end":{"line":128,"column":44}},{"start":{"line":128,"column":44},"end":{"line":128,"column":91}}]},"2":{"loc":{"start":{"line":140,"column":6},"end":{"line":142,"column":null}},"type":"if","locations":[{"start":{"line":140,"column":6},"end":{"line":142,"column":null}}]},"3":{"loc":{"start":{"line":140,"column":10},"end":{"line":140,"column":91}},"type":"binary-expr","locations":[{"start":{"line":140,"column":10},"end":{"line":140,"column":44}},{"start":{"line":140,"column":44},"end":{"line":140,"column":91}}]},"4":{"loc":{"start":{"line":152,"column":6},"end":{"line":154,"column":null}},"type":"if","locations":[{"start":{"line":152,"column":6},"end":{"line":154,"column":null}}]},"5":{"loc":{"start":{"line":152,"column":10},"end":{"line":152,"column":93}},"type":"binary-expr","locations":[{"start":{"line":152,"column":10},"end":{"line":152,"column":46}},{"start":{"line":152,"column":46},"end":{"line":152,"column":93}}]}},"s":{"0":5,"1":6,"2":10,"3":8,"4":9,"5":12,"6":3,"7":4,"8":4,"9":4,"10":4,"11":3,"12":4,"13":4,"14":9,"15":1,"16":8,"17":9,"18":1,"19":8,"20":9,"21":1,"22":8,"23":4,"24":8,"25":4,"26":6,"27":6},"f":{"0":3,"1":9,"2":9,"3":9,"4":8,"5":6,"6":6},"b":{"0":[1],"1":[9,2],"2":[1],"3":[9,2],"4":[1],"5":[9,2]}}
}
