TN:
SF:app/error.tsx
FN:8,GlobalError
FN:15,(anonymous_2)
FN:50,(anonymous_3)
FNF:3
FNH:0
FNDA:0,GlobalError
FNDA:0,(anonymous_2)
FNDA:0,(anonymous_3)
DA:3,0
DA:4,0
DA:5,0
DA:6,0
DA:8,0
DA:15,0
DA:16,0
DA:50,0
LF:8
LH:0
BRDA:36,0,0,0
BRDA:36,0,1,0
BRDA:38,1,0,0
BRF:3
BRH:0
end_of_record
TN:
SF:app/layout.tsx
FN:74,RootLayout
FNF:1
FNH:0
FNDA:0,RootLayout
DA:3,0
DA:4,0
DA:5,0
DA:6,0
DA:8,0
DA:10,0
DA:74,0
LF:7
LH:0
BRDA:22,0,0,0
BRDA:22,0,1,0
BRF:2
BRH:0
end_of_record
TN:
SF:app/page.tsx
FN:7,Home
FN:10,(anonymous_2)
FN:21,(anonymous_3)
FNF:3
FNH:2
FNDA:3,Home
FNDA:3,(anonymous_2)
FNDA:0,(anonymous_3)
DA:3,1
DA:4,1
DA:5,1
DA:7,3
DA:8,3
DA:10,3
DA:12,3
DA:13,3
DA:14,3
DA:16,3
DA:18,0
DA:22,0
DA:23,0
DA:24,0
DA:27,0
DA:32,3
LF:16
LH:11
BRDA:16,0,0,0
BRDA:16,0,1,3
BRDA:16,1,0,3
BRDA:16,1,1,0
BRDA:22,2,0,0
BRDA:22,2,1,0
BRF:6
BRH:2
end_of_record
TN:
SF:app/(auth)/error.tsx
FN:9,AuthError
FN:16,(anonymous_3)
FNF:2
FNH:0
FNDA:0,AuthError
FNDA:0,(anonymous_3)
DA:3,0
DA:4,0
DA:5,0
DA:6,0
DA:7,0
DA:9,0
DA:16,0
DA:17,0
LF:8
LH:0
BRDA:34,0,0,0
BRDA:34,0,1,0
BRF:2
BRH:0
end_of_record
TN:
SF:app/(auth)/layout.tsx
FN:9,AuthLayout
FN:17,(anonymous_2)
FNF:2
FNH:2
FNDA:3,AuthLayout
FNDA:3,(anonymous_2)
DA:5,1
DA:6,1
DA:7,1
DA:9,3
DA:14,3
DA:15,3
DA:17,3
DA:18,3
DA:19,1
DA:24,3
LF:10
LH:10
BRDA:18,0,0,1
BRDA:18,1,0,3
BRDA:18,1,1,2
BRDA:24,2,0,1
BRF:4
BRH:4
end_of_record
TN:
SF:app/(auth)/login/loading.tsx
FN:4,LoginLoading
FNF:1
FNH:1
FNDA:6,LoginLoading
DA:1,1
DA:2,1
DA:4,6
LF:3
LH:3
BRF:0
BRH:0
end_of_record
TN:
SF:app/(auth)/login/page.tsx
FN:18,LoginPage
FN:28,(anonymous_3)
FN:29,(anonymous_4)
FN:32,(anonymous_5)
FN:36,(anonymous_6)
FN:44,(anonymous_7)
FN:54,(anonymous_8)
FN:115,(anonymous_9)
FN:130,(anonymous_10)
FNF:9
FNH:8
FNDA:30,LoginPage
FNDA:10,(anonymous_3)
FNDA:10,(anonymous_4)
FNDA:0,(anonymous_5)
FNDA:5,(anonymous_6)
FNDA:4,(anonymous_7)
FNDA:5,(anonymous_8)
FNDA:5,(anonymous_9)
FNDA:5,(anonymous_10)
DA:5,2
DA:6,2
DA:7,2
DA:8,2
DA:9,2
DA:10,2
DA:11,2
DA:12,2
DA:13,2
DA:14,2
DA:15,2
DA:16,2
DA:18,11
DA:19,30
DA:23,30
DA:24,30
DA:25,30
DA:26,30
DA:28,30
DA:29,10
DA:31,10
DA:32,0
DA:36,30
DA:37,5
DA:38,5
DA:39,4
DA:40,4
DA:42,1
DA:43,1
DA:44,1
DA:45,4
DA:46,4
DA:48,1
DA:50,1
DA:54,30
DA:55,5
DA:56,5
DA:57,5
DA:60,5
DA:61,1
DA:62,1
DA:65,4
DA:67,4
DA:72,3
DA:73,1
DA:77,2
DA:79,2
DA:80,2
DA:82,4
DA:115,5
DA:130,5
LF:51
LH:50
BRDA:31,0,0,0
BRDA:42,1,0,1
BRDA:60,2,0,1
BRDA:72,3,0,1
BRDA:80,4,0,2
BRDA:80,4,1,0
BRDA:103,5,0,30
BRDA:116,6,0,1
BRDA:116,6,1,29
BRDA:118,7,0,30
BRDA:131,8,0,1
BRDA:131,8,1,29
BRDA:133,9,0,30
BRDA:144,10,0,4
BRDA:144,10,1,26
BRF:15
BRH:13
end_of_record
TN:
SF:app/(auth)/register/loading.tsx
FN:4,RegisterLoading
FNF:1
FNH:0
FNDA:0,RegisterLoading
DA:1,0
DA:2,0
DA:4,0
LF:3
LH:0
BRF:0
BRH:0
end_of_record
TN:
SF:app/(auth)/register/page.tsx
FN:16,RegisterPage
FN:33,(anonymous_3)
FN:34,(anonymous_4)
FN:37,(anonymous_5)
FN:41,(anonymous_6)
FN:49,(anonymous_7)
FN:59,(anonymous_8)
FN:129,(anonymous_9)
FN:145,(anonymous_10)
FN:160,(anonymous_11)
FNF:10
FNH:9
FNDA:26,RegisterPage
FNDA:11,(anonymous_3)
FNDA:11,(anonymous_4)
FNDA:0,(anonymous_5)
FNDA:5,(anonymous_6)
FNDA:13,(anonymous_7)
FNDA:5,(anonymous_8)
FNDA:4,(anonymous_9)
FNDA:3,(anonymous_10)
FNDA:4,(anonymous_11)
DA:3,1
DA:4,1
DA:5,1
DA:6,1
DA:7,1
DA:8,1
DA:9,1
DA:10,1
DA:11,1
DA:12,1
DA:13,1
DA:14,1
DA:16,7
DA:17,26
DA:22,26
DA:23,26
DA:30,26
DA:31,26
DA:33,26
DA:34,11
DA:36,11
DA:37,0
DA:41,26
DA:42,5
DA:43,5
DA:44,3
DA:45,3
DA:47,2
DA:48,2
DA:49,2
DA:50,13
DA:51,13
DA:53,2
DA:55,2
DA:59,26
DA:60,5
DA:61,5
DA:62,5
DA:66,5
DA:67,2
DA:68,2
DA:71,3
DA:72,3
DA:73,3
DA:74,3
DA:76,3
DA:77,3
DA:78,3
DA:79,3
DA:80,3
DA:82,0
DA:83,0
DA:88,3
DA:129,4
DA:145,3
DA:160,4
LF:56
LH:53
BRDA:36,0,0,0
BRDA:47,1,0,2
BRDA:66,2,0,2
BRDA:109,3,0,26
BRDA:114,4,0,26
BRDA:114,4,1,2
BRDA:130,5,0,2
BRDA:130,5,1,24
BRDA:131,6,0,26
BRDA:131,6,1,23
BRDA:133,7,0,26
BRDA:146,8,0,2
BRDA:146,8,1,24
BRDA:147,9,0,26
BRDA:147,9,1,23
BRDA:149,10,0,26
BRDA:161,11,0,2
BRDA:161,11,1,24
BRDA:162,12,0,26
BRDA:162,12,1,23
BRDA:164,13,0,26
BRDA:172,14,0,24
BRDA:178,15,0,3
BRDA:178,15,1,21
BRF:24
BRH:23
end_of_record
TN:
SF:app/(protected)/error.tsx
FN:8,ProtectedError
FN:15,(anonymous_2)
FNF:2
FNH:0
FNDA:0,ProtectedError
FNDA:0,(anonymous_2)
DA:3,0
DA:4,0
DA:5,0
DA:6,0
DA:8,0
DA:15,0
DA:16,0
LF:7
LH:0
BRDA:35,0,0,0
BRDA:35,0,1,0
BRDA:37,1,0,0
BRF:3
BRH:0
end_of_record
TN:
SF:app/(protected)/layout.tsx
FN:12,ProtectedLayout
FN:20,(anonymous_2)
FNF:2
FNH:2
FNDA:7,ProtectedLayout
FNDA:7,(anonymous_2)
DA:4,1
DA:5,1
DA:6,1
DA:7,1
DA:8,1
DA:9,1
DA:10,1
DA:12,7
DA:17,7
DA:18,7
DA:20,7
DA:21,7
DA:22,1
DA:27,7
DA:36,5
DA:37,1
LF:16
LH:16
BRDA:21,0,0,1
BRDA:21,1,0,7
BRDA:21,1,1,5
BRDA:27,2,0,2
BRDA:36,3,0,1
BRF:5
BRH:5
end_of_record
TN:
SF:app/(protected)/add-food/error.tsx
FN:8,AddFoodError
FN:15,(anonymous_2)
FNF:2
FNH:0
FNDA:0,AddFoodError
FNDA:0,(anonymous_2)
DA:3,0
DA:4,0
DA:5,0
DA:6,0
DA:8,0
DA:15,0
DA:16,0
LF:7
LH:0
BRDA:35,0,0,0
BRDA:35,0,1,0
BRF:2
BRH:0
end_of_record
TN:
SF:app/(protected)/add-food/loading.tsx
FN:3,Loading
FNF:1
FNH:0
FNDA:0,Loading
DA:1,0
DA:3,0
DA:4,0
LF:3
LH:0
BRF:0
BRH:0
end_of_record
TN:
SF:app/(protected)/add-food/page.tsx
FN:50,AddFoodPage
FN:79,(anonymous_3)
FN:82,(anonymous_4)
FN:101,(anonymous_5)
FN:115,(anonymous_6)
FN:117,(anonymous_7)
FN:122,(anonymous_8)
FN:137,(anonymous_9)
FN:175,(anonymous_10)
FN:189,(anonymous_11)
FN:197,(anonymous_12)
FN:211,(anonymous_13)
FN:221,(anonymous_14)
FN:244,(anonymous_15)
FN:248,(anonymous_16)
FN:259,(anonymous_17)
FN:265,(anonymous_18)
FN:281,(anonymous_19)
FN:284,(anonymous_20)
FN:340,(anonymous_21)
FN:368,(anonymous_22)
FN:374,(anonymous_23)
FN:382,(anonymous_24)
FN:439,(anonymous_25)
FN:487,(anonymous_26)
FN:541,(anonymous_27)
FN:597,(anonymous_28)
FN:608,(anonymous_29)
FN:626,(anonymous_30)
FN:693,(anonymous_31)
FN:705,(anonymous_32)
FN:722,(anonymous_33)
FN:729,(anonymous_34)
FN:804,(anonymous_35)
FN:839,(anonymous_36)
FN:841,(anonymous_37)
FN:900,(anonymous_38)
FN:966,(anonymous_39)
FN:976,(anonymous_40)
FN:989,(anonymous_41)
FN:999,(anonymous_42)
FN:1009,(anonymous_43)
FNF:42
FNH:11
FNDA:126,AddFoodPage
FNDA:21,(anonymous_3)
FNDA:21,(anonymous_4)
FNDA:1,(anonymous_5)
FNDA:1,(anonymous_6)
FNDA:1,(anonymous_7)
FNDA:1,(anonymous_8)
FNDA:1,(anonymous_9)
FNDA:0,(anonymous_10)
FNDA:42,(anonymous_11)
FNDA:0,(anonymous_12)
FNDA:0,(anonymous_13)
FNDA:0,(anonymous_14)
FNDA:0,(anonymous_15)
FNDA:84,(anonymous_16)
FNDA:0,(anonymous_17)
FNDA:0,(anonymous_18)
FNDA:0,(anonymous_19)
FNDA:0,(anonymous_20)
FNDA:0,(anonymous_21)
FNDA:0,(anonymous_22)
FNDA:0,(anonymous_23)
FNDA:0,(anonymous_24)
FNDA:0,(anonymous_25)
FNDA:0,(anonymous_26)
FNDA:0,(anonymous_27)
FNDA:0,(anonymous_28)
FNDA:0,(anonymous_29)
FNDA:0,(anonymous_30)
FNDA:0,(anonymous_31)
FNDA:0,(anonymous_32)
FNDA:0,(anonymous_33)
FNDA:2,(anonymous_34)
FNDA:0,(anonymous_35)
FNDA:0,(anonymous_36)
FNDA:0,(anonymous_37)
FNDA:0,(anonymous_38)
FNDA:0,(anonymous_39)
FNDA:0,(anonymous_40)
FNDA:0,(anonymous_41)
FNDA:0,(anonymous_42)
FNDA:0,(anonymous_43)
DA:5,2
DA:6,2
DA:7,2
DA:8,2
DA:10,2
DA:11,2
DA:12,2
DA:13,2
DA:14,2
DA:15,2
DA:16,2
DA:17,2
DA:31,2
DA:32,2
DA:33,2
DA:34,2
DA:35,2
DA:36,2
DA:37,2
DA:38,2
DA:41,2
DA:50,21
DA:51,126
DA:52,126
DA:53,126
DA:54,126
DA:55,126
DA:56,126
DA:57,126
DA:58,126
DA:59,126
DA:62,126
DA:63,126
DA:64,126
DA:65,126
DA:66,126
DA:69,126
DA:70,126
DA:73,126
DA:74,126
DA:75,126
DA:76,126
DA:79,126
DA:80,21
DA:82,21
DA:83,21
DA:84,21
DA:86,21
DA:87,21
DA:89,21
DA:96,21
DA:99,21
DA:101,21
DA:102,1
DA:103,1
DA:104,1
DA:106,1
DA:110,21
DA:111,21
DA:112,21
DA:115,21
DA:117,21
DA:118,1
DA:119,1
DA:122,1
DA:123,1
DA:124,1
DA:125,1
DA:128,1
DA:129,1
DA:132,1
DA:134,1
DA:137,1
DA:140,1
DA:141,1
DA:144,1
DA:148,1
DA:153,1
DA:156,1
DA:157,1
DA:158,1
DA:159,0
DA:160,0
DA:161,0
DA:162,0
DA:165,1
DA:175,21
DA:177,21
DA:179,0
DA:181,21
DA:185,21
DA:189,126
DA:190,42
DA:192,42
DA:193,42
DA:194,42
DA:197,0
DA:198,0
DA:199,0
DA:201,0
DA:207,0
DA:210,0
DA:211,0
DA:212,0
DA:213,0
DA:214,0
DA:216,0
DA:220,0
DA:221,0
DA:222,0
DA:223,0
DA:225,0
DA:234,0
DA:236,0
DA:238,0
DA:243,0
DA:244,0
DA:248,126
DA:249,84
DA:250,84
DA:251,84
DA:254,0
DA:255,0
DA:258,0
DA:260,0
DA:265,0
DA:266,0
DA:269,0
DA:270,0
DA:273,0
DA:274,0
DA:277,0
DA:281,0
DA:284,126
DA:285,0
DA:286,0
DA:291,0
DA:294,0
DA:295,0
DA:296,0
DA:298,0
DA:300,0
DA:305,0
DA:307,0
DA:308,0
DA:311,0
DA:320,0
DA:321,0
DA:322,0
DA:325,0
DA:326,0
DA:328,0
DA:329,0
DA:330,0
DA:336,0
DA:340,126
DA:341,0
DA:342,0
DA:345,0
DA:346,0
DA:351,0
DA:355,0
DA:356,0
DA:361,0
DA:364,0
DA:367,0
DA:368,0
DA:369,0
DA:371,0
DA:374,126
DA:375,0
DA:376,0
DA:377,0
DA:378,0
DA:382,126
DA:383,0
DA:384,0
DA:389,0
DA:392,0
DA:393,0
DA:394,0
DA:396,0
DA:398,0
DA:399,0
DA:402,0
DA:404,0
DA:405,0
DA:408,0
DA:416,0
DA:417,0
DA:418,0
DA:421,0
DA:422,0
DA:425,0
DA:427,0
DA:428,0
DA:429,0
DA:435,0
DA:439,126
DA:440,0
DA:442,0
DA:444,0
DA:448,0
DA:450,0
DA:451,0
DA:454,0
DA:468,0
DA:470,0
DA:475,0
DA:477,0
DA:483,0
DA:487,126
DA:488,0
DA:490,0
DA:493,0
DA:495,0
DA:496,0
DA:499,0
DA:513,0
DA:515,0
DA:520,0
DA:522,0
DA:528,0
DA:533,126
DA:541,126
DA:542,0
DA:543,0
DA:548,0
DA:551,0
DA:553,0
DA:557,0
DA:559,0
DA:560,0
DA:563,0
DA:577,0
DA:579,0
DA:584,0
DA:586,0
DA:592,0
DA:597,126
DA:598,0
DA:600,0
DA:601,0
DA:608,0
DA:626,0
DA:693,0
DA:705,0
DA:722,0
DA:730,2
DA:804,0
DA:839,0
DA:842,0
DA:843,0
DA:844,0
DA:900,0
DA:966,0
DA:976,0
DA:989,0
DA:999,0
DA:1009,0
LF:260
LH:105
BRDA:80,0,0,0
BRDA:96,1,0,0
BRDA:103,2,0,1
BRDA:132,3,0,1
BRDA:132,3,1,0
BRDA:157,4,0,1
BRDA:157,4,1,0
BRDA:159,5,0,0
BRDA:159,5,1,0
BRDA:161,6,0,0
BRDA:190,7,0,42
BRDA:190,8,0,42
BRDA:190,8,1,42
BRDA:207,9,0,0
BRDA:213,10,0,0
BRDA:228,11,0,0
BRDA:228,11,1,0
BRDA:249,12,0,84
BRDA:255,13,0,0
BRDA:255,13,1,0
BRDA:260,14,0,0
BRDA:260,14,1,0
BRDA:260,14,2,0
BRDA:269,15,0,0
BRDA:269,15,1,0
BRDA:273,16,0,0
BRDA:285,17,0,0
BRDA:307,18,0,0
BRDA:320,19,0,0
BRDA:322,20,0,0
BRDA:322,20,1,0
BRDA:329,21,0,0
BRDA:329,21,1,0
BRDA:332,22,0,0
BRDA:332,22,1,0
BRDA:342,23,0,0
BRDA:345,24,0,0
BRDA:355,25,0,0
BRDA:377,26,0,0
BRDA:383,27,0,0
BRDA:404,28,0,0
BRDA:416,29,0,0
BRDA:418,30,0,0
BRDA:418,30,1,0
BRDA:428,31,0,0
BRDA:428,31,1,0
BRDA:431,32,0,0
BRDA:431,32,1,0
BRDA:440,33,0,0
BRDA:450,34,0,0
BRDA:468,35,0,0
BRDA:479,36,0,0
BRDA:479,36,1,0
BRDA:495,37,0,0
BRDA:513,38,0,0
BRDA:524,39,0,0
BRDA:524,39,1,0
BRDA:542,40,0,0
BRDA:559,41,0,0
BRDA:568,42,0,0
BRDA:568,42,1,0
BRDA:569,43,0,0
BRDA:569,43,1,0
BRDA:570,44,0,0
BRDA:570,44,1,0
BRDA:573,45,0,0
BRDA:573,45,1,0
BRDA:577,46,0,0
BRDA:588,47,0,0
BRDA:588,47,1,0
BRDA:626,48,0,0
BRDA:626,48,1,0
BRDA:633,49,0,126
BRDA:633,49,1,0
BRDA:663,50,0,0
BRDA:663,50,1,126
BRDA:666,51,0,0
BRDA:666,51,1,126
BRDA:673,52,0,42
BRDA:677,53,0,81
BRDA:696,54,0,3
BRDA:698,55,0,0
BRDA:714,56,0,0
BRDA:713,57,0,3
BRDA:713,57,1,1
BRDA:737,58,0,0
BRDA:737,58,1,2
BRDA:743,59,0,2
BRDA:754,60,0,0
BRDA:754,60,1,2
BRDA:754,61,0,2
BRDA:754,61,1,0
BRDA:755,62,0,0
BRDA:755,62,1,0
BRDA:763,63,0,0
BRDA:763,63,1,2
BRDA:764,64,0,0
BRDA:764,64,1,0
BRDA:806,65,0,0
BRDA:842,66,0,0
BRDA:850,67,0,0
BRDA:850,67,1,126
BRDA:861,68,0,126
BRDA:880,69,0,0
BRDA:883,70,0,0
BRDA:883,70,1,0
BRDA:925,71,0,126
BRDA:928,72,0,0
BRDA:941,73,0,126
BRDA:1018,74,0,0
BRDA:1037,75,0,126
BRDA:1037,75,1,126
BRDA:1037,75,2,126
BRDA:1037,75,3,126
BRDA:1037,75,4,126
BRDA:1050,76,0,126
BRDA:1136,77,0,0
BRF:117
BRH:30
end_of_record
TN:
SF:app/(protected)/brand/loading.tsx
FN:3,BrandLoading
FN:13,(anonymous_2)
FN:26,(anonymous_3)
FNF:3
FNH:0
FNDA:0,BrandLoading
FNDA:0,(anonymous_2)
FNDA:0,(anonymous_3)
DA:1,0
DA:3,0
DA:14,0
DA:27,0
LF:4
LH:0
BRF:0
BRH:0
end_of_record
TN:
SF:app/(protected)/brand/page.tsx
FN:3,BrandPage
FNF:1
FNH:0
FNDA:0,BrandPage
DA:1,0
DA:3,0
LF:2
LH:0
BRF:0
BRH:0
end_of_record
TN:
SF:app/(protected)/dashboard/error.tsx
FN:8,DashboardError
FN:15,(anonymous_2)
FNF:2
FNH:0
FNDA:0,DashboardError
FNDA:0,(anonymous_2)
DA:3,0
DA:4,0
DA:5,0
DA:6,0
DA:8,0
DA:15,0
DA:16,0
LF:7
LH:0
BRDA:35,0,0,0
BRDA:35,0,1,0
BRF:2
BRH:0
end_of_record
TN:
SF:app/(protected)/dashboard/loading.tsx
FN:3,Loading
FNF:1
FNH:1
FNDA:3,Loading
DA:1,1
DA:3,3
DA:4,3
LF:3
LH:3
BRF:0
BRH:0
end_of_record
TN:
SF:app/(protected)/dashboard/page.tsx
FN:24,DashboardPage
FN:43,(anonymous_2)
FN:46,(anonymous_3)
FN:104,(anonymous_4)
FN:107,(anonymous_5)
FN:147,(anonymous_6)
FN:151,(anonymous_7)
FN:166,(anonymous_8)
FN:169,(anonymous_9)
FN:190,(anonymous_10)
FN:196,(anonymous_11)
FN:210,(anonymous_12)
FN:215,(anonymous_13)
FN:217,(anonymous_14)
FN:220,(anonymous_15)
FN:254,(anonymous_16)
FN:290,(anonymous_17)
FN:291,(anonymous_18)
FN:292,(anonymous_19)
FN:293,(anonymous_20)
FN:308,(anonymous_21)
FN:317,(anonymous_22)
FN:341,(anonymous_23)
FN:345,(anonymous_24)
FN:363,(anonymous_25)
FN:471,(anonymous_26)
FN:480,(anonymous_27)
FN:497,(anonymous_28)
FN:504,(anonymous_29)
FN:550,(anonymous_30)
FN:577,(anonymous_31)
FN:601,(anonymous_32)
FN:641,(anonymous_33)
FN:642,(anonymous_34)
FN:645,(anonymous_35)
FN:697,(anonymous_36)
FN:743,(anonymous_37)
FN:754,(anonymous_38)
FNF:38
FNH:15
FNDA:19,DashboardPage
FNDA:10,(anonymous_2)
FNDA:9,(anonymous_3)
FNDA:10,(anonymous_4)
FNDA:9,(anonymous_5)
FNDA:0,(anonymous_6)
FNDA:56,(anonymous_7)
FNDA:14,(anonymous_8)
FNDA:98,(anonymous_9)
FNDA:0,(anonymous_10)
FNDA:0,(anonymous_11)
FNDA:0,(anonymous_12)
FNDA:0,(anonymous_13)
FNDA:0,(anonymous_14)
FNDA:0,(anonymous_15)
FNDA:0,(anonymous_16)
FNDA:12,(anonymous_17)
FNDA:12,(anonymous_18)
FNDA:12,(anonymous_19)
FNDA:12,(anonymous_20)
FNDA:12,(anonymous_21)
FNDA:56,(anonymous_22)
FNDA:0,(anonymous_23)
FNDA:0,(anonymous_24)
FNDA:0,(anonymous_25)
FNDA:0,(anonymous_26)
FNDA:0,(anonymous_27)
FNDA:0,(anonymous_28)
FNDA:12,(anonymous_29)
FNDA:0,(anonymous_30)
FNDA:0,(anonymous_31)
FNDA:0,(anonymous_32)
FNDA:0,(anonymous_33)
FNDA:0,(anonymous_34)
FNDA:0,(anonymous_35)
FNDA:0,(anonymous_36)
FNDA:0,(anonymous_37)
FNDA:0,(anonymous_38)
DA:3,1
DA:4,1
DA:5,1
DA:7,1
DA:8,1
DA:9,1
DA:10,1
DA:11,1
DA:12,1
DA:13,1
DA:14,1
DA:15,1
DA:16,1
DA:17,1
DA:18,1
DA:19,1
DA:20,1
DA:21,1
DA:22,1
DA:24,10
DA:25,19
DA:26,19
DA:27,19
DA:28,19
DA:29,19
DA:30,19
DA:31,19
DA:32,19
DA:33,19
DA:36,19
DA:37,19
DA:40,19
DA:41,19
DA:43,19
DA:44,10
DA:46,9
DA:47,9
DA:48,9
DA:50,9
DA:58,9
DA:59,1
DA:61,8
DA:65,9
DA:66,9
DA:73,9
DA:74,1
DA:76,9
DA:79,9
DA:80,7
DA:87,7
DA:88,1
DA:90,6
DA:96,9
DA:100,9
DA:104,19
DA:105,10
DA:107,9
DA:108,9
DA:109,9
DA:110,9
DA:111,9
DA:114,9
DA:115,9
DA:118,9
DA:125,9
DA:126,1
DA:127,1
DA:131,8
DA:138,8
DA:139,0
DA:143,8
DA:146,8
DA:147,0
DA:151,8
DA:152,56
DA:153,56
DA:165,8
DA:166,8
DA:167,14
DA:168,14
DA:169,98
DA:172,14
DA:173,0
DA:174,0
DA:175,0
DA:176,0
DA:181,8
DA:183,9
DA:187,9
DA:190,19
DA:191,0
DA:192,0
DA:194,0
DA:196,0
DA:197,0
DA:202,0
DA:210,19
DA:211,0
DA:212,0
DA:215,19
DA:217,0
DA:220,19
DA:221,0
DA:223,0
DA:224,0
DA:225,0
DA:235,0
DA:237,0
DA:239,0
DA:241,0
DA:246,0
DA:254,19
DA:255,0
DA:257,0
DA:258,0
DA:260,0
DA:262,0
DA:264,0
DA:265,0
DA:272,0
DA:273,0
DA:276,0
DA:281,0
DA:290,19
DA:291,19
DA:292,19
DA:293,19
DA:296,19
DA:299,19
DA:300,19
DA:301,19
DA:303,19
DA:304,19
DA:305,19
DA:308,19
DA:309,12
DA:310,12
DA:312,0
DA:317,56
DA:341,0
DA:345,0
DA:363,0
DA:471,0
DA:480,0
DA:497,0
DA:505,12
DA:550,0
DA:577,0
DA:601,0
DA:641,0
DA:642,0
DA:646,0
DA:647,0
DA:648,0
DA:668,0
DA:698,0
DA:699,0
DA:701,0
DA:702,0
DA:703,0
DA:705,0
DA:706,0
DA:707,0
DA:708,0
DA:709,0
DA:710,0
DA:726,0
DA:744,0
DA:745,0
DA:754,0
LF:170
LH:104
BRDA:44,0,0,1
BRDA:58,1,0,1
BRDA:58,1,1,8
BRDA:58,2,0,9
BRDA:58,2,1,1
BRDA:61,3,0,8
BRDA:61,3,1,1
BRDA:73,4,0,1
BRDA:73,5,0,9
BRDA:73,5,1,7
BRDA:76,6,0,9
BRDA:76,6,1,7
BRDA:79,7,0,7
BRDA:79,7,1,2
BRDA:87,8,0,1
BRDA:87,8,1,6
BRDA:90,9,0,6
BRDA:90,9,1,0
BRDA:105,10,0,1
BRDA:125,11,0,1
BRDA:138,12,0,0
BRDA:147,13,0,8
BRDA:147,13,1,0
BRDA:165,14,0,8
BRDA:172,15,0,0
BRDA:194,16,0,0
BRDA:204,17,0,0
BRDA:204,17,1,0
BRDA:217,18,0,0
BRDA:217,18,1,0
BRDA:221,19,0,0
BRDA:230,20,0,0
BRDA:230,20,1,0
BRDA:235,21,0,0
BRDA:248,22,0,0
BRDA:248,22,1,0
BRDA:255,23,0,0
BRDA:255,24,0,0
BRDA:255,24,1,0
BRDA:260,25,0,0
BRDA:272,26,0,0
BRDA:273,27,0,0
BRDA:273,27,1,0
BRDA:283,28,0,0
BRDA:283,28,1,0
BRDA:296,29,0,7
BRDA:296,29,1,12
BRDA:299,30,0,7
BRDA:299,30,1,12
BRDA:300,31,0,7
BRDA:300,31,1,12
BRDA:301,32,0,7
BRDA:301,32,1,12
BRDA:303,33,0,0
BRDA:303,33,1,19
BRDA:304,34,0,0
BRDA:304,34,1,19
BRDA:305,35,0,0
BRDA:305,35,1,19
BRDA:319,36,0,0
BRDA:319,36,1,56
BRDA:319,37,0,56
BRDA:319,37,1,56
BRDA:320,38,0,0
BRDA:320,38,1,56
BRDA:320,39,0,0
BRDA:320,39,1,0
BRDA:321,40,0,56
BRDA:321,40,1,56
BRDA:322,41,0,56
BRDA:322,41,1,56
BRDA:341,42,0,0
BRDA:341,42,1,0
BRDA:344,43,0,19
BRDA:353,44,0,2
BRDA:352,45,0,19
BRDA:352,45,1,12
BRDA:370,46,0,1
BRDA:399,47,0,6
BRDA:399,47,1,10
BRDA:469,48,0,16
BRDA:487,49,0,10
BRDA:491,50,0,0
BRDA:515,51,0,0
BRDA:515,51,1,12
BRDA:515,52,0,12
BRDA:515,52,1,0
BRDA:609,53,0,10
BRDA:646,54,0,0
BRDA:646,55,0,0
BRDA:646,55,1,0
BRDA:646,55,2,0
BRDA:648,56,0,0
BRDA:672,57,0,6
BRDA:672,57,1,6
BRDA:699,58,0,0
BRDA:707,59,0,0
BRDA:707,59,1,0
BRF:98
BRH:54
end_of_record
TN:
SF:app/(protected)/goals/error.tsx
FN:8,GoalsError
FN:15,(anonymous_2)
FNF:2
FNH:0
FNDA:0,GoalsError
FNDA:0,(anonymous_2)
DA:3,0
DA:4,0
DA:5,0
DA:6,0
DA:8,0
DA:15,0
DA:16,0
LF:7
LH:0
BRDA:35,0,0,0
BRDA:35,0,1,0
BRF:2
BRH:0
end_of_record
TN:
SF:app/(protected)/goals/loading.tsx
FN:3,Loading
FNF:1
FNH:0
FNDA:0,Loading
DA:1,0
DA:3,0
DA:4,0
LF:3
LH:0
BRF:0
BRH:0
end_of_record
TN:
SF:app/(protected)/goals/page.tsx
FN:18,GoalsPage
FN:32,(anonymous_2)
FN:35,(anonymous_3)
FN:63,(anonymous_4)
FN:75,(anonymous_5)
FN:87,(anonymous_6)
FN:99,(anonymous_7)
FN:153,(anonymous_8)
FN:181,(anonymous_9)
FN:191,(anonymous_10)
FN:198,(anonymous_11)
FN:208,(anonymous_12)
FNF:12
FNH:5
FNDA:30,GoalsPage
FNDA:10,(anonymous_2)
FNDA:9,(anonymous_3)
FNDA:0,(anonymous_4)
FNDA:0,(anonymous_5)
FNDA:0,(anonymous_6)
FNDA:4,(anonymous_7)
FNDA:0,(anonymous_8)
FNDA:0,(anonymous_9)
FNDA:0,(anonymous_10)
FNDA:0,(anonymous_11)
FNDA:3,(anonymous_12)
DA:5,1
DA:6,1
DA:7,1
DA:9,1
DA:10,1
DA:11,1
DA:12,1
DA:13,1
DA:14,1
DA:15,1
DA:16,1
DA:18,10
DA:19,30
DA:20,30
DA:21,30
DA:22,30
DA:23,30
DA:24,30
DA:27,30
DA:28,30
DA:29,30
DA:30,30
DA:32,30
DA:33,10
DA:35,9
DA:36,9
DA:37,9
DA:38,9
DA:46,9
DA:47,1
DA:48,8
DA:49,2
DA:50,2
DA:51,2
DA:52,2
DA:53,2
DA:56,9
DA:60,9
DA:63,30
DA:64,0
DA:65,0
DA:68,0
DA:69,0
DA:71,0
DA:72,0
DA:75,30
DA:76,0
DA:77,0
DA:80,0
DA:81,0
DA:83,0
DA:84,0
DA:87,30
DA:88,0
DA:89,0
DA:92,0
DA:93,0
DA:95,0
DA:96,0
DA:99,30
DA:100,4
DA:102,4
DA:105,4
DA:106,4
DA:107,0
DA:112,0
DA:115,4
DA:117,4
DA:118,4
DA:126,4
DA:128,4
DA:133,4
DA:135,0
DA:141,4
DA:146,30
DA:147,30
DA:148,30
DA:153,0
DA:181,0
DA:191,0
DA:198,0
DA:208,3
LF:82
LH:57
BRDA:33,0,0,1
BRDA:46,1,0,1
BRDA:46,1,1,8
BRDA:46,2,0,9
BRDA:46,2,1,1
BRDA:48,3,0,2
BRDA:102,4,0,0
BRDA:106,5,0,0
BRDA:126,6,0,0
BRDA:137,7,0,0
BRDA:137,7,1,0
BRDA:281,8,0,4
BRF:12
BRH:7
end_of_record
TN:
SF:app/(protected)/trends/error.tsx
FN:8,TrendsError
FN:15,(anonymous_2)
FNF:2
FNH:0
FNDA:0,TrendsError
FNDA:0,(anonymous_2)
DA:3,0
DA:4,0
DA:5,0
DA:6,0
DA:8,0
DA:15,0
DA:16,0
LF:7
LH:0
BRDA:35,0,0,0
BRDA:35,0,1,0
BRF:2
BRH:0
end_of_record
TN:
SF:app/(protected)/trends/loading.tsx
FN:3,Loading
FNF:1
FNH:0
FNDA:0,Loading
DA:1,0
DA:3,0
DA:4,0
LF:3
LH:0
BRF:0
BRH:0
end_of_record
TN:
SF:app/(protected)/trends/page.tsx
FN:18,TrendsPage
FN:35,(anonymous_2)
FN:38,(anonymous_3)
FN:80,(anonymous_4)
FN:92,(anonymous_5)
FN:146,(anonymous_6)
FN:154,(anonymous_7)
FN:205,(anonymous_8)
FN:213,(anonymous_9)
FN:264,(anonymous_10)
FN:272,(anonymous_11)
FN:323,(anonymous_12)
FN:331,(anonymous_13)
FNF:13
FNH:3
FNDA:13,TrendsPage
FNDA:8,(anonymous_2)
FNDA:5,(anonymous_3)
FNDA:0,(anonymous_4)
FNDA:0,(anonymous_5)
FNDA:0,(anonymous_6)
FNDA:0,(anonymous_7)
FNDA:0,(anonymous_8)
FNDA:0,(anonymous_9)
FNDA:0,(anonymous_10)
FNDA:0,(anonymous_11)
FNDA:0,(anonymous_12)
FNDA:0,(anonymous_13)
DA:3,2
DA:4,2
DA:5,2
DA:6,2
DA:7,2
DA:8,2
DA:9,2
DA:10,2
DA:11,2
DA:12,2
DA:13,2
DA:14,2
DA:16,2
DA:18,8
DA:19,13
DA:20,13
DA:27,13
DA:28,13
DA:29,13
DA:30,13
DA:31,13
DA:32,13
DA:35,13
DA:36,8
DA:38,5
DA:39,5
DA:40,5
DA:41,5
DA:42,0
DA:43,0
DA:44,0
DA:46,5
DA:47,5
DA:53,5
DA:57,5
DA:81,0
DA:82,0
DA:92,0
DA:146,0
DA:155,0
DA:205,0
DA:214,0
DA:264,0
DA:273,0
DA:323,0
DA:332,0
LF:46
LH:32
BRDA:36,0,0,3
BRDA:81,1,0,0
BRDA:81,2,0,0
BRDA:81,2,1,0
BRDA:122,3,0,8
BRDA:126,4,0,5
BRDA:181,5,0,8
BRDA:185,6,0,5
BRDA:240,7,0,8
BRDA:244,8,0,5
BRDA:299,9,0,8
BRDA:303,10,0,5
BRDA:358,11,0,8
BRDA:362,12,0,0
BRDA:458,13,0,8
BRDA:462,14,0,0
BRDA:461,15,0,5
BRDA:461,15,1,0
BRDA:522,16,0,5
BRDA:522,16,1,0
BRF:20
BRH:13
end_of_record
TN:
SF:app/__tests__/layout.test.tsx
FN:5,(anonymous_0)
FN:10,(anonymous_2)
FN:16,(anonymous_5)
FN:17,(anonymous_6)
FN:29,(anonymous_7)
FN:43,(anonymous_8)
FNF:6
FNH:0
FNDA:0,(anonymous_0)
FNDA:0,(anonymous_2)
FNDA:0,(anonymous_5)
FNDA:0,(anonymous_6)
FNDA:0,(anonymous_7)
FNDA:0,(anonymous_8)
DA:1,0
DA:2,0
DA:5,0
DA:10,0
DA:16,0
DA:17,0
DA:24,0
DA:25,0
DA:26,0
DA:29,0
DA:36,0
DA:37,0
DA:39,0
DA:40,0
DA:43,0
DA:51,0
DA:54,0
LF:17
LH:0
BRF:0
BRH:0
end_of_record
TN:
SF:app/actions/auth.ts
FN:5,registerUser
FNF:1
FNH:1
FNDA:10,registerUser
DA:3,1
DA:5,10
DA:6,10
DA:7,10
DA:8,10
DA:9,10
DA:11,10
DA:12,3
DA:19,7
DA:20,1
DA:27,6
DA:30,6
DA:40,4
DA:41,1
DA:47,3
DA:48,1
DA:57,2
DA:62,2
DA:63,2
LF:19
LH:19
BRDA:11,0,0,3
BRDA:11,1,0,10
BRDA:11,1,1,9
BRDA:11,1,2,8
BRDA:19,2,0,1
BRDA:40,3,0,1
BRDA:47,4,0,1
BRDA:65,5,0,2
BRDA:65,5,1,1
BRF:9
BRH:9
end_of_record
TN:
SF:app/actions/trends.ts
FN:31,getTrendData
FN:70,(anonymous_2)
FN:80,(anonymous_3)
FN:83,(anonymous_4)
FN:96,(anonymous_5)
FN:101,(anonymous_6)
FN:104,(anonymous_7)
FN:107,(anonymous_8)
FN:109,(anonymous_9)
FN:143,(anonymous_10)
FNF:10
FNH:1
FNDA:5,getTrendData
FNDA:0,(anonymous_2)
FNDA:0,(anonymous_3)
FNDA:0,(anonymous_4)
FNDA:0,(anonymous_5)
FNDA:0,(anonymous_6)
FNDA:0,(anonymous_7)
FNDA:0,(anonymous_8)
FNDA:0,(anonymous_9)
FNDA:0,(anonymous_10)
DA:3,2
DA:5,2
DA:31,5
DA:33,5
DA:36,5
DA:37,5
DA:40,5
DA:48,0
DA:49,0
DA:50,0
DA:54,0
DA:62,0
DA:63,0
DA:67,0
DA:70,0
DA:79,0
DA:80,0
DA:81,0
DA:82,0
DA:83,0
DA:86,0
DA:87,0
DA:88,0
DA:89,0
DA:90,0
DA:96,0
DA:97,0
DA:99,0
DA:101,0
DA:104,0
DA:107,0
DA:109,0
DA:121,0
DA:122,0
DA:123,0
DA:124,0
DA:125,0
DA:127,0
DA:128,0
DA:129,0
DA:133,0
DA:134,0
DA:135,0
DA:136,0
DA:138,0
DA:139,0
DA:140,0
DA:141,0
DA:143,0
DA:144,0
DA:145,0
DA:146,0
DA:147,0
DA:150,0
DA:151,0
DA:152,0
DA:153,0
DA:156,0
LF:58
LH:7
BRDA:48,0,0,0
BRDA:62,1,0,0
BRDA:62,2,0,0
BRDA:62,2,1,0
BRDA:79,3,0,0
BRDA:79,4,0,0
BRDA:79,4,1,0
BRDA:86,5,0,0
BRDA:97,6,0,0
BRDA:97,6,1,0
BRDA:121,7,0,0
BRDA:133,8,0,0
BRDA:144,9,0,0
BRDA:145,10,0,0
BRDA:146,11,0,0
BRDA:147,12,0,0
BRF:16
BRH:0
end_of_record
TN:
SF:app/api/create-test-user/route.ts
FN:3,GET
FNF:1
FNH:0
FNDA:0,GET
DA:1,0
DA:3,0
LF:2
LH:0
BRF:0
BRH:0
end_of_record
TN:
SF:app/api/nutrition/route.ts
FN:8,POST
FN:29,(anonymous_3)
FN:100,(anonymous_4)
FNF:3
FNH:0
FNDA:0,POST
FNDA:0,(anonymous_3)
FNDA:0,(anonymous_4)
DA:2,0
DA:3,0
DA:4,0
DA:5,0
DA:6,0
DA:8,0
DA:9,0
DA:11,0
DA:14,0
DA:15,0
DA:22,0
DA:24,0
DA:25,0
DA:29,0
DA:30,0
DA:32,0
DA:33,0
DA:37,0
DA:38,0
DA:41,0
DA:42,0
DA:43,0
DA:46,0
DA:51,0
DA:100,0
DA:101,0
DA:102,0
DA:103,0
DA:104,0
DA:106,0
DA:107,0
DA:110,0
DA:111,0
DA:114,0
DA:115,0
LF:35
LH:0
BRDA:14,0,0,0
BRDA:24,1,0,0
BRDA:24,2,0,0
BRDA:24,2,1,0
BRDA:25,3,0,0
BRDA:25,3,1,0
BRDA:30,4,0,0
BRDA:30,4,1,0
BRDA:32,5,0,0
BRDA:101,6,0,0
BRDA:101,6,1,0
BRDA:115,7,0,0
BRDA:115,7,1,0
BRF:13
BRH:0
end_of_record
TN:
SF:app/api/nutrition/__tests__/route.test.ts
FN:18,(anonymous_1)
FN:22,(anonymous_2)
FN:35,(anonymous_3)
FN:51,(anonymous_4)
FN:55,(anonymous_5)
FN:65,(anonymous_6)
FN:78,(anonymous_7)
FN:91,(anonymous_8)
FN:106,(anonymous_9)
FN:121,(anonymous_10)
FN:185,(anonymous_11)
FN:206,(anonymous_12)
FN:232,(anonymous_13)
FN:234,(anonymous_14)
FN:254,(anonymous_15)
FNF:15
FNH:0
FNDA:0,(anonymous_1)
FNDA:0,(anonymous_2)
FNDA:0,(anonymous_3)
FNDA:0,(anonymous_4)
FNDA:0,(anonymous_5)
FNDA:0,(anonymous_6)
FNDA:0,(anonymous_7)
FNDA:0,(anonymous_8)
FNDA:0,(anonymous_9)
FNDA:0,(anonymous_10)
FNDA:0,(anonymous_11)
FNDA:0,(anonymous_12)
FNDA:0,(anonymous_13)
FNDA:0,(anonymous_14)
FNDA:0,(anonymous_15)
DA:1,0
DA:3,0
DA:4,0
DA:7,0
DA:8,0
DA:10,0
DA:11,0
DA:12,0
DA:13,0
DA:15,0
DA:16,0
DA:18,0
DA:22,0
DA:23,0
DA:25,0
DA:29,0
DA:35,0
DA:38,0
DA:39,0
DA:41,0
DA:45,0
DA:48,0
DA:51,0
DA:52,0
DA:55,0
DA:56,0
DA:58,0
DA:59,0
DA:61,0
DA:62,0
DA:65,0
DA:66,0
DA:71,0
DA:72,0
DA:74,0
DA:75,0
DA:78,0
DA:79,0
DA:84,0
DA:85,0
DA:87,0
DA:88,0
DA:91,0
DA:92,0
DA:97,0
DA:99,0
DA:100,0
DA:102,0
DA:103,0
DA:106,0
DA:107,0
DA:112,0
DA:114,0
DA:115,0
DA:117,0
DA:118,0
DA:121,0
DA:122,0
DA:127,0
DA:131,0
DA:144,0
DA:153,0
DA:154,0
DA:156,0
DA:157,0
DA:158,0
DA:185,0
DA:186,0
DA:191,0
DA:195,0
DA:199,0
DA:200,0
DA:202,0
DA:203,0
DA:206,0
DA:207,0
DA:212,0
DA:216,0
DA:225,0
DA:226,0
DA:228,0
DA:229,0
DA:232,0
DA:233,0
DA:234,0
DA:235,0
DA:238,0
DA:243,0
DA:247,0
DA:248,0
DA:250,0
DA:251,0
DA:254,0
DA:255,0
DA:256,0
DA:260,0
DA:265,0
DA:269,0
DA:270,0
DA:272,0
DA:273,0
LF:101
LH:0
BRF:0
BRH:0
end_of_record
TN:
SF:app/api/nutrition/image/route.ts
FN:8,POST
FN:107,(anonymous_3)
FNF:2
FNH:0
FNDA:0,POST
FNDA:0,(anonymous_3)
DA:2,0
DA:3,0
DA:4,0
DA:5,0
DA:6,0
DA:8,0
DA:9,0
DA:11,0
DA:14,0
DA:15,0
DA:22,0
DA:24,0
DA:25,0
DA:29,0
DA:30,0
DA:32,0
DA:33,0
DA:37,0
DA:38,0
DA:41,0
DA:42,0
DA:43,0
DA:46,0
DA:47,0
DA:48,0
DA:49,0
DA:52,0
DA:57,0
DA:107,0
DA:108,0
DA:109,0
DA:110,0
DA:111,0
DA:113,0
DA:114,0
DA:117,0
DA:118,0
DA:121,0
DA:122,0
LF:39
LH:0
BRDA:14,0,0,0
BRDA:24,1,0,0
BRDA:24,2,0,0
BRDA:24,2,1,0
BRDA:25,3,0,0
BRDA:25,3,1,0
BRDA:32,4,0,0
BRDA:49,5,0,0
BRDA:49,5,1,0
BRDA:108,6,0,0
BRDA:108,6,1,0
BRDA:122,7,0,0
BRDA:122,7,1,0
BRF:13
BRH:0
end_of_record
TN:
SF:app/auth/callback/route.ts
FN:4,GET
FNF:1
FNH:0
FNDA:0,GET
DA:1,0
DA:2,0
DA:4,0
DA:5,0
DA:6,0
DA:7,0
DA:9,0
DA:10,0
DA:11,0
DA:13,0
DA:14,0
DA:17,0
DA:19,0
DA:21,0
DA:22,0
DA:27,0
DA:28,0
DA:31,0
DA:35,0
LF:19
LH:0
BRDA:7,0,0,0
BRDA:7,0,1,0
BRDA:9,1,0,0
BRDA:13,2,0,0
BRDA:13,3,0,0
BRDA:13,3,1,0
BRDA:21,4,0,0
BRDA:28,5,0,0
BRF:8
BRH:0
end_of_record
TN:
SF:components/edit-food-dialog.tsx
FN:23,EditFoodDialog
FN:40,(anonymous_2)
FN:56,(anonymous_3)
FN:74,(anonymous_4)
FNF:4
FNH:2
FNDA:19,EditFoodDialog
FNDA:10,(anonymous_2)
FNDA:0,(anonymous_3)
FNDA:0,(anonymous_4)
DA:5,1
DA:6,1
DA:7,1
DA:8,1
DA:9,1
DA:10,1
DA:11,1
DA:12,1
DA:13,1
DA:23,19
DA:24,19
DA:25,19
DA:27,19
DA:40,19
DA:41,10
DA:42,0
DA:56,19
DA:57,0
DA:58,0
DA:68,0
DA:74,19
DA:75,0
DA:77,0
DA:79,0
DA:81,0
DA:82,0
DA:84,0
DA:86,0
DA:92,0
DA:97,0
DA:99,0
DA:105,0
LF:32
LH:17
BRDA:28,0,0,19
BRDA:28,0,1,19
BRDA:29,1,0,19
BRDA:29,1,1,19
BRDA:30,2,0,19
BRDA:30,2,1,19
BRDA:31,3,0,19
BRDA:31,3,1,19
BRDA:32,4,0,19
BRDA:32,4,1,19
BRDA:33,5,0,19
BRDA:33,5,1,19
BRDA:34,6,0,19
BRDA:34,6,1,19
BRDA:35,7,0,19
BRDA:35,7,1,19
BRDA:36,8,0,19
BRDA:36,8,1,19
BRDA:41,9,0,0
BRDA:70,10,0,0
BRDA:70,10,1,0
BRDA:77,11,0,0
BRDA:84,12,0,0
BRDA:101,13,0,0
BRDA:101,13,1,0
BRDA:127,14,0,19
BRDA:127,14,1,19
BRDA:194,15,0,19
BRDA:194,15,1,19
BRDA:206,16,0,19
BRDA:206,16,1,19
BRDA:219,17,0,19
BRDA:219,17,1,19
BRDA:230,18,0,0
BRDA:230,18,1,19
BRF:35
BRH:27
end_of_record
TN:
SF:components/highlight-match.tsx
FN:1,HighlightMatch
FN:12,(anonymous_2)
FNF:2
FNH:2
FNDA:6,HighlightMatch
FNDA:15,(anonymous_2)
DA:1,6
DA:2,6
DA:6,5
DA:7,5
DA:8,5
DA:13,15
DA:14,5
DA:20,10
LF:8
LH:8
BRDA:2,0,0,1
BRDA:2,1,0,6
BRDA:2,1,1,5
BRDA:13,2,0,5
BRDA:13,3,0,15
BRDA:13,3,1,10
BRF:6
BRH:6
end_of_record
TN:
SF:components/logo.tsx
FN:11,Logo
FNF:1
FNH:1
FNDA:12,Logo
DA:1,1
DA:3,1
DA:11,12
DA:12,12
DA:15,12
LF:5
LH:5
BRDA:11,0,0,4
BRDA:11,1,0,10
BRDA:11,2,0,9
BRDA:26,3,0,12
BRDA:26,3,1,0
BRF:5
BRH:4
end_of_record
TN:
SF:components/mobile-nav.tsx
FN:11,MobileNav
FN:16,(anonymous_3)
FN:75,(anonymous_4)
FN:79,(anonymous_5)
FN:94,(anonymous_6)
FN:103,(anonymous_7)
FNF:6
FNH:2
FNDA:9,MobileNav
FNDA:0,(anonymous_3)
FNDA:32,(anonymous_4)
FNDA:0,(anonymous_5)
FNDA:0,(anonymous_6)
FNDA:0,(anonymous_7)
DA:3,1
DA:4,1
DA:5,1
DA:6,1
DA:7,1
DA:8,1
DA:9,1
DA:11,4
DA:12,9
DA:13,8
DA:14,8
DA:16,8
DA:17,0
DA:18,0
DA:21,8
DA:76,32
DA:79,0
DA:94,0
DA:104,0
DA:105,0
LF:20
LH:14
BRDA:81,0,0,0
BRDA:81,0,1,32
BRF:2
BRH:1
end_of_record
TN:
SF:components/sidebar-nav.tsx
FN:18,SidebarNav
FN:22,(anonymous_3)
FN:67,(anonymous_4)
FNF:3
FNH:2
FNDA:15,SidebarNav
FNDA:0,(anonymous_3)
FNDA:60,(anonymous_4)
DA:3,1
DA:4,1
DA:5,1
DA:7,1
DA:16,1
DA:18,7
DA:19,15
DA:20,15
DA:22,15
DA:23,0
DA:24,0
DA:27,15
DA:68,60
DA:69,60
DA:70,60
LF:15
LH:13
BRF:0
BRH:0
end_of_record
TN:
SF:components/vibe-badge.tsx
FN:5,VibeBadge
FNF:1
FNH:0
FNDA:0,VibeBadge
DA:2,0
DA:3,0
DA:5,0
LF:3
LH:0
BRF:0
BRH:0
end_of_record
TN:
SF:components/vibe-logo.tsx
FN:3,VibeLogo
FNF:1
FNH:0
FNDA:0,VibeLogo
DA:1,0
DA:3,0
DA:4,0
DA:10,0
LF:4
LH:0
BRDA:3,0,0,0
BRDA:3,1,0,0
BRDA:24,2,0,0
BRF:3
BRH:0
end_of_record
TN:
SF:components/vibe-mascot.tsx
FN:11,VibeMascot
FNF:1
FNH:0
FNDA:0,VibeMascot
DA:1,0
DA:3,0
DA:11,0
DA:12,0
LF:4
LH:0
BRDA:11,0,0,0
BRDA:11,1,0,0
BRDA:11,2,0,0
BRDA:22,3,0,0
BRDA:25,4,0,0
BRDA:25,4,1,0
BRF:6
BRH:0
end_of_record
TN:
SF:components/yolo-day-dialog.tsx
FN:14,YoloDayDialog
FN:15,(anonymous_2)
FN:19,(anonymous_3)
FNF:3
FNH:3
FNDA:23,YoloDayDialog
FNDA:1,(anonymous_2)
FNDA:23,(anonymous_3)
DA:3,2
DA:4,2
DA:5,2
DA:14,23
DA:15,23
DA:16,1
DA:19,23
DA:20,23
LF:8
LH:8
BRF:0
BRH:0
end_of_record
TN:
SF:components/yolo-day-display.tsx
FN:14,YoloDayDisplay
FN:15,(anonymous_2)
FNF:2
FNH:2
FNDA:23,YoloDayDisplay
FNDA:23,(anonymous_2)
DA:3,3
DA:4,3
DA:5,3
DA:14,14
DA:15,23
DA:16,23
LF:6
LH:6
BRF:0
BRH:0
end_of_record
TN:
SF:components/ui/accordion.tsx
FNF:0
FNH:0
DA:3,0
DA:4,0
DA:5,0
DA:7,0
DA:9,0
DA:21,0
DA:41,0
DA:56,0
DA:58,0
LF:9
LH:0
BRF:0
BRH:0
end_of_record
TN:
SF:components/ui/alert-dialog.tsx
FNF:0
FNH:0
DA:3,1
DA:4,1
DA:6,1
DA:7,1
DA:9,1
DA:11,1
DA:13,1
DA:28,1
DA:46,1
DA:60,1
DA:74,1
DA:86,1
DA:98,1
DA:111,1
DA:127,1
DA:130,12
DA:131,0
DA:132,0
DA:133,12
DA:134,12
DA:135,12
DA:136,12
DA:137,12
DA:138,12
DA:139,12
DA:140,12
LF:26
LH:24
BRF:0
BRH:0
end_of_record
TN:
SF:components/ui/alert.tsx
FNF:0
FNH:0
DA:1,5
DA:2,5
DA:4,5
DA:6,5
DA:33,5
DA:45,5
DA:57,5
DA:59,5
LF:8
LH:8
BRF:0
BRH:0
end_of_record
TN:
SF:components/ui/aspect-ratio.tsx
FNF:0
FNH:0
DA:3,0
DA:5,0
DA:7,0
LF:3
LH:0
BRF:0
BRH:0
end_of_record
TN:
SF:components/ui/avatar.tsx
FNF:0
FNH:0
DA:3,0
DA:4,0
DA:6,0
DA:21,0
DA:33,0
DA:48,0
DA:50,0
LF:7
LH:0
BRF:0
BRH:0
end_of_record
TN:
SF:components/ui/badge.tsx
FN:30,Badge
FNF:1
FNH:1
FNDA:52,Badge
DA:1,3
DA:2,3
DA:4,3
DA:6,3
DA:36,56
LF:5
LH:5
BRF:0
BRH:0
end_of_record
TN:
SF:components/ui/breadcrumb.tsx
FN:47,(anonymous_14)
FNF:1
FNH:0
FNDA:0,(anonymous_14)
DA:1,0
DA:2,0
DA:3,0
DA:5,0
DA:13,0
DA:28,0
DA:40,0
DA:42,0
DA:48,0
DA:58,0
DA:73,0
DA:89,0
DA:105,0
DA:108,0
DA:109,0
DA:110,0
DA:111,0
DA:112,0
DA:113,0
DA:114,0
LF:20
LH:0
BRDA:48,0,0,0
BRDA:48,0,1,0
BRDA:86,1,0,0
BRDA:86,1,1,0
BRF:4
BRH:0
end_of_record
TN:
SF:components/ui/button.tsx
FN:43,(anonymous_6)
FNF:1
FNH:1
FNDA:487,(anonymous_6)
DA:1,10
DA:2,10
DA:3,10
DA:5,10
DA:7,10
DA:42,10
DA:44,487
DA:54,10
DA:56,1008
LF:9
LH:9
BRDA:43,0,0,487
BRDA:44,1,0,0
BRDA:44,1,1,487
BRF:3
BRH:2
end_of_record
TN:
SF:components/ui/calendar.tsx
FN:12,Calendar
FNF:1
FNH:0
FNDA:0,Calendar
DA:3,5
DA:4,5
DA:5,5
DA:7,5
DA:8,5
DA:68,5
DA:70,158
LF:7
LH:7
BRDA:15,0,0,0
BRDA:59,1,0,0
BRF:2
BRH:0
end_of_record
TN:
SF:components/ui/card.tsx
FNF:0
FNH:0
DA:1,10
DA:3,10
DA:18,10
DA:30,10
DA:45,10
DA:57,10
DA:65,10
DA:77,10
DA:79,815
LF:9
LH:9
BRF:0
BRH:0
end_of_record
TN:
SF:components/ui/carousel.tsx
FN:35,useCarousel
FN:49,(anonymous_11)
FN:71,(anonymous_12)
FN:80,(anonymous_13)
FN:84,(anonymous_14)
FN:89,(anonymous_15)
FN:101,(anonymous_16)
FN:109,(anonymous_17)
FN:118,(anonymous_18)
FN:156,(anonymous_19)
FN:178,(anonymous_20)
FN:200,(anonymous_21)
FN:229,(anonymous_22)
FNF:13
FNH:0
FNDA:0,useCarousel
FNDA:0,(anonymous_11)
FNDA:0,(anonymous_12)
FNDA:0,(anonymous_13)
FNDA:0,(anonymous_14)
FNDA:0,(anonymous_15)
FNDA:0,(anonymous_16)
FNDA:0,(anonymous_17)
FNDA:0,(anonymous_18)
FNDA:0,(anonymous_19)
FNDA:0,(anonymous_20)
FNDA:0,(anonymous_21)
FNDA:0,(anonymous_22)
DA:3,0
DA:6,0
DA:7,0
DA:9,0
DA:10,0
DA:33,0
DA:36,0
DA:38,0
DA:39,0
DA:42,0
DA:45,0
DA:61,0
DA:68,0
DA:69,0
DA:71,0
DA:72,0
DA:73,0
DA:76,0
DA:77,0
DA:80,0
DA:81,0
DA:84,0
DA:85,0
DA:88,0
DA:90,0
DA:91,0
DA:92,0
DA:93,0
DA:94,0
DA:95,0
DA:101,0
DA:102,0
DA:103,0
DA:106,0
DA:109,0
DA:110,0
DA:111,0
DA:114,0
DA:115,0
DA:116,0
DA:118,0
DA:119,0
DA:151,0
DA:153,0
DA:157,0
DA:173,0
DA:175,0
DA:179,0
DA:195,0
DA:197,0
DA:201,0
DA:224,0
DA:226,0
DA:230,0
DA:253,0
DA:257,0
DA:258,0
DA:259,0
DA:260,0
DA:261,0
LF:60
LH:0
BRDA:38,0,0,0
BRDA:51,1,0,0
BRDA:64,2,0,0
BRDA:64,2,1,0
BRDA:72,3,0,0
BRDA:90,4,0,0
BRDA:90,4,1,0
BRDA:93,5,0,0
BRDA:102,6,0,0
BRDA:102,7,0,0
BRDA:102,7,1,0
BRDA:110,8,0,0
BRDA:130,9,0,0
BRDA:130,9,1,0
BRDA:130,10,0,0
BRDA:130,10,1,0
BRDA:165,11,0,0
BRDA:165,11,1,0
BRDA:188,12,0,0
BRDA:188,12,1,0
BRDA:200,13,0,0
BRDA:200,14,0,0
BRDA:210,15,0,0
BRDA:210,15,1,0
BRDA:229,16,0,0
BRDA:229,17,0,0
BRDA:239,18,0,0
BRDA:239,18,1,0
BRF:28
BRH:0
end_of_record
TN:
SF:components/ui/chart.tsx
FN:27,useChart
FN:45,(anonymous_11)
FN:70,(anonymous_12)
FN:72,(anonymous_13)
FN:84,(anonymous_14)
FN:87,(anonymous_15)
FN:116,(anonymous_16)
FN:136,(anonymous_17)
FN:188,(anonymous_18)
FN:269,(anonymous_19)
FN:288,(anonymous_20)
FN:320,getPayloadConfigFromPayload
FNF:12
FNH:5
FNDA:0,useChart
FNDA:6,(anonymous_11)
FNDA:6,(anonymous_12)
FNDA:12,(anonymous_13)
FNDA:12,(anonymous_14)
FNDA:24,(anonymous_15)
FNDA:0,(anonymous_16)
FNDA:0,(anonymous_17)
FNDA:0,(anonymous_18)
FNDA:0,(anonymous_19)
FNDA:0,(anonymous_20)
FNDA:0,getPayloadConfigFromPayload
DA:3,1
DA:4,1
DA:6,1
DA:9,1
DA:25,1
DA:28,0
DA:30,0
DA:31,0
DA:34,0
DA:37,1
DA:46,6
DA:47,6
DA:68,1
DA:70,1
DA:71,6
DA:72,12
DA:75,6
DA:76,0
DA:84,12
DA:89,24
DA:91,24
DA:103,1
DA:105,1
DA:134,0
DA:136,0
DA:137,0
DA:138,0
DA:141,0
DA:142,0
DA:143,0
DA:145,0
DA:149,0
DA:157,0
DA:158,0
DA:172,0
DA:173,0
DA:176,0
DA:189,0
DA:190,0
DA:191,0
DA:193,0
DA:257,1
DA:259,1
DA:261,1
DA:273,0
DA:275,0
DA:276,0
DA:289,0
DA:290,0
DA:292,0
DA:317,1
DA:325,0
DA:326,0
DA:330,0
DA:336,0
DA:338,0
DA:342,0
DA:343,0
DA:348,0
DA:353,0
DA:359,6
DA:360,6
DA:361,0
DA:362,0
DA:363,0
DA:364,0
LF:66
LH:24
BRDA:30,0,0,0
BRDA:47,1,0,6
BRDA:47,1,1,6
BRDA:72,2,0,12
BRDA:72,2,1,12
BRDA:75,3,0,0
BRDA:89,4,0,24
BRDA:89,4,1,24
BRDA:91,5,0,24
BRDA:91,5,1,0
BRDA:121,6,0,0
BRDA:122,7,0,0
BRDA:123,8,0,0
BRDA:137,9,0,0
BRDA:137,10,0,0
BRDA:137,10,1,0
BRDA:142,11,0,0
BRDA:142,11,1,0
BRDA:142,11,2,0
BRDA:142,11,3,0
BRDA:145,12,0,0
BRDA:145,12,1,0
BRDA:145,13,0,0
BRDA:145,13,1,0
BRDA:146,14,0,0
BRDA:146,14,1,0
BRDA:149,15,0,0
BRDA:157,16,0,0
BRDA:172,17,0,0
BRDA:172,18,0,0
BRDA:172,18,1,0
BRDA:176,19,0,0
BRDA:176,19,1,0
BRDA:186,20,0,0
BRDA:186,20,1,0
BRDA:189,21,0,0
BRDA:189,21,1,0
BRDA:189,21,2,0
BRDA:189,21,3,0
BRDA:191,22,0,0
BRDA:191,22,1,0
BRDA:191,22,2,0
BRDA:198,23,0,0
BRDA:198,23,1,0
BRDA:202,24,0,0
BRDA:201,25,0,0
BRDA:201,25,1,0
BRDA:201,25,2,0
BRDA:206,26,0,0
BRDA:208,27,0,0
BRDA:217,28,0,0
BRDA:217,28,1,0
BRDA:232,29,0,0
BRDA:232,29,1,0
BRDA:236,30,0,0
BRDA:236,30,1,0
BRDA:238,31,0,0
BRDA:238,31,1,0
BRDA:241,32,0,0
BRDA:270,33,0,0
BRDA:270,34,0,0
BRDA:275,35,0,0
BRDA:284,36,0,0
BRDA:284,36,1,0
BRDA:289,37,0,0
BRDA:289,37,1,0
BRDA:289,37,2,0
BRDA:300,38,0,0
BRDA:299,39,0,0
BRDA:299,39,1,0
BRDA:325,40,0,0
BRDA:325,41,0,0
BRDA:325,41,1,0
BRDA:330,42,0,0
BRDA:330,42,1,0
BRDA:330,43,0,0
BRDA:330,43,1,0
BRDA:330,43,2,0
BRDA:338,44,0,0
BRDA:338,44,1,0
BRDA:339,45,0,0
BRDA:339,45,1,0
BRDA:343,46,0,0
BRDA:344,47,0,0
BRDA:344,47,1,0
BRDA:344,47,2,0
BRDA:353,48,0,0
BRDA:353,48,1,0
BRF:88
BRH:7
end_of_record
TN:
SF:components/ui/checkbox.tsx
FNF:0
FNH:0
DA:3,0
DA:4,0
DA:5,0
DA:7,0
DA:28,0
DA:30,0
LF:6
LH:0
BRF:0
BRH:0
end_of_record
TN:
SF:components/ui/collapsible.tsx
FNF:0
FNH:0
DA:3,0
DA:5,0
DA:7,0
DA:9,0
DA:11,0
LF:5
LH:0
BRF:0
BRH:0
end_of_record
TN:
SF:components/ui/command.tsx
FN:26,(anonymous_14)
FN:127,(anonymous_21)
FNF:2
FNH:0
FNDA:0,(anonymous_14)
FNDA:0,(anonymous_21)
DA:3,0
DA:5,0
DA:6,0
DA:8,0
DA:9,0
DA:24,0
DA:26,0
DA:55,0
DA:68,0
DA:81,0
DA:97,0
DA:109,0
DA:125,0
DA:127,0
DA:141,0
DA:144,0
DA:145,0
DA:146,0
DA:147,0
DA:148,0
DA:149,0
DA:150,0
DA:151,0
DA:152,0
LF:24
LH:0
BRF:0
BRH:0
end_of_record
TN:
SF:components/ui/context-menu.tsx
FN:168,(anonymous_27)
FNF:1
FNH:0
FNDA:0,(anonymous_27)
DA:3,0
DA:4,0
DA:5,0
DA:7,0
DA:9,0
DA:11,0
DA:13,0
DA:15,0
DA:17,0
DA:19,0
DA:40,0
DA:55,0
DA:72,0
DA:90,0
DA:113,0
DA:136,0
DA:154,0
DA:166,0
DA:168,0
DA:182,0
DA:185,0
DA:186,0
DA:187,0
DA:188,0
DA:189,0
DA:190,0
DA:191,0
DA:192,0
DA:193,0
DA:194,0
DA:195,0
DA:196,0
DA:197,0
DA:198,0
DA:199,0
LF:35
LH:0
BRDA:31,0,0,0
BRDA:31,0,1,0
BRDA:84,1,0,0
BRDA:84,1,1,0
BRDA:148,2,0,0
BRDA:148,2,1,0
BRF:6
BRH:0
end_of_record
TN:
SF:components/ui/dialog.tsx
FNF:0
FNH:0
DA:3,1
DA:4,1
DA:5,1
DA:7,1
DA:9,1
DA:11,1
DA:13,1
DA:15,1
DA:30,1
DA:54,1
DA:68,1
DA:82,1
DA:97,1
DA:109,1
DA:112,38
DA:113,0
DA:114,0
DA:115,0
DA:116,0
DA:117,38
DA:118,38
DA:119,38
DA:120,38
DA:121,0
LF:24
LH:19
BRF:0
BRH:0
end_of_record
TN:
SF:components/ui/drawer.tsx
FNF:0
FNH:0
DA:3,0
DA:4,0
DA:6,0
DA:17,0
DA:19,0
DA:21,0
DA:23,0
DA:35,0
DA:56,0
DA:67,0
DA:78,0
DA:93,0
DA:105,0
DA:108,0
DA:109,0
DA:110,0
DA:111,0
DA:112,0
DA:113,0
DA:114,0
DA:115,0
DA:116,0
DA:117,0
LF:23
LH:0
BRDA:9,0,0,0
BRF:1
BRH:0
end_of_record
TN:
SF:components/ui/dropdown-menu.tsx
FN:171,(anonymous_27)
FNF:1
FNH:0
FNDA:0,(anonymous_27)
DA:3,0
DA:4,0
DA:5,0
DA:7,0
DA:9,0
DA:11,0
DA:13,0
DA:15,0
DA:17,0
DA:19,0
DA:40,0
DA:56,0
DA:75,0
DA:93,0
DA:116,0
DA:139,0
DA:157,0
DA:169,0
DA:171,0
DA:182,0
DA:185,0
DA:186,0
DA:187,0
DA:188,0
DA:189,0
DA:190,0
DA:191,0
DA:192,0
DA:193,0
DA:194,0
DA:195,0
DA:196,0
DA:197,0
DA:198,0
DA:199,0
LF:35
LH:0
BRDA:31,0,0,0
BRDA:31,0,1,0
BRDA:62,1,0,0
BRDA:87,2,0,0
BRDA:87,2,1,0
BRDA:151,3,0,0
BRDA:151,3,1,0
BRF:7
BRH:0
end_of_record
TN:
SF:components/ui/form.tsx
FN:31,(anonymous_12)
FN:44,(anonymous_13)
FN:78,(anonymous_14)
FN:92,(anonymous_15)
FN:109,(anonymous_16)
FN:131,(anonymous_17)
FN:148,(anonymous_18)
FNF:7
FNH:0
FNDA:0,(anonymous_12)
FNDA:0,(anonymous_13)
FNDA:0,(anonymous_14)
FNDA:0,(anonymous_15)
FNDA:0,(anonymous_16)
FNDA:0,(anonymous_17)
FNDA:0,(anonymous_18)
DA:3,0
DA:5,0
DA:13,0
DA:15,0
DA:16,0
DA:18,0
DA:27,0
DA:31,0
DA:44,0
DA:45,0
DA:46,0
DA:47,0
DA:49,0
DA:51,0
DA:52,0
DA:55,0
DA:57,0
DA:71,0
DA:75,0
DA:79,0
DA:87,0
DA:89,0
DA:93,0
DA:104,0
DA:106,0
DA:110,0
DA:126,0
DA:128,0
DA:132,0
DA:143,0
DA:145,0
DA:149,0
DA:150,0
DA:152,0
DA:153,0
DA:167,0
DA:170,0
DA:171,0
DA:172,0
DA:173,0
DA:174,0
DA:175,0
DA:176,0
DA:177,0
LF:44
LH:0
BRDA:51,0,0,0
BRDA:98,1,0,0
BRDA:98,1,1,0
BRDA:117,2,0,0
BRDA:117,2,1,0
BRDA:150,3,0,0
BRDA:150,3,1,0
BRDA:152,4,0,0
BRF:8
BRH:0
end_of_record
TN:
SF:components/ui/hover-card.tsx
FNF:0
FNH:0
DA:3,0
DA:4,0
DA:6,0
DA:8,0
DA:10,0
DA:27,0
DA:29,0
LF:7
LH:0
BRDA:15,0,0,0
BRDA:15,1,0,0
BRF:2
BRH:0
end_of_record
TN:
SF:components/ui/input-otp.tsx
FN:36,(anonymous_10)
FNF:1
FNH:0
FNDA:0,(anonymous_10)
DA:3,0
DA:4,0
DA:5,0
DA:7,0
DA:23,0
DA:31,0
DA:33,0
DA:37,0
DA:38,0
DA:59,0
DA:69,0
DA:71,0
LF:12
LH:0
BRDA:45,0,0,0
BRDA:45,0,1,0
BRDA:51,1,0,0
BRF:3
BRH:0
end_of_record
TN:
SF:components/ui/input.tsx
FN:6,(anonymous_4)
FNF:1
FNH:1
FNDA:170,(anonymous_4)
DA:1,7
DA:3,7
DA:5,7
DA:20,7
DA:22,1079
LF:5
LH:5
BRF:0
BRH:0
end_of_record
TN:
SF:components/ui/label.tsx
FNF:0
FNH:0
DA:3,7
DA:4,7
DA:5,7
DA:7,7
DA:9,7
DA:24,7
DA:26,1059
LF:7
LH:7
BRF:0
BRH:0
end_of_record
TN:
SF:components/ui/loading-spinner.tsx
FN:3,LoadingSpinner
FN:21,LoadingPage
FNF:2
FNH:2
FNDA:33,LoadingSpinner
FNDA:7,LoadingPage
DA:1,4
DA:3,47
DA:4,33
DA:21,7
LF:4
LH:4
BRDA:3,0,0,3
BRF:1
BRH:1
end_of_record
TN:
SF:components/ui/logo-showcase.tsx
FN:4,LogoShowcase
FNF:1
FNH:0
FNDA:0,LogoShowcase
DA:1,0
DA:2,0
DA:4,0
LF:3
LH:0
BRF:0
BRH:0
end_of_record
TN:
SF:components/ui/menubar.tsx
FN:203,(anonymous_30)
FNF:1
FNH:0
FNDA:0,(anonymous_30)
DA:3,0
DA:4,0
DA:5,0
DA:7,0
DA:9,0
DA:11,0
DA:13,0
DA:15,0
DA:17,0
DA:32,0
DA:47,0
DA:68,0
DA:83,0
DA:108,0
DA:126,0
DA:149,0
DA:171,0
DA:189,0
DA:201,0
DA:203,0
DA:217,0
DA:220,0
DA:221,0
DA:222,0
DA:223,0
DA:224,0
DA:225,0
DA:226,0
DA:227,0
DA:228,0
DA:229,0
DA:230,0
DA:231,0
DA:232,0
DA:233,0
DA:234,0
DA:235,0
LF:37
LH:0
BRDA:59,0,0,0
BRDA:59,0,1,0
BRDA:90,1,0,0
BRDA:90,2,0,0
BRDA:90,3,0,0
BRDA:120,4,0,0
BRDA:120,4,1,0
BRDA:183,5,0,0
BRDA:183,5,1,0
BRF:9
BRH:0
end_of_record
TN:
SF:components/ui/navigation-menu.tsx
FNF:0
FNH:0
DA:1,0
DA:2,0
DA:3,0
DA:4,0
DA:6,0
DA:24,0
DA:39,0
DA:41,0
DA:43,0
DA:63,0
DA:78,0
DA:80,0
DA:97,0
DA:115,0
DA:119,0
DA:120,0
DA:121,0
DA:122,0
DA:123,0
DA:124,0
DA:125,0
DA:126,0
DA:127,0
LF:23
LH:0
BRF:0
BRH:0
end_of_record
TN:
SF:components/ui/pagination.tsx
FNF:0
FNH:0
DA:1,0
DA:2,0
DA:4,0
DA:5,0
DA:15,0
DA:27,0
DA:35,0
DA:60,0
DA:76,0
DA:92,0
DA:107,0
DA:110,0
DA:111,0
DA:112,0
DA:113,0
DA:114,0
DA:115,0
DA:116,0
LF:18
LH:0
BRDA:45,0,0,0
BRDA:49,1,0,0
BRDA:49,1,1,0
BRDA:52,2,0,0
BRDA:52,2,1,0
BRF:5
BRH:0
end_of_record
TN:
SF:components/ui/popover.tsx
FNF:0
FNH:0
DA:3,5
DA:4,5
DA:6,5
DA:8,5
DA:10,5
DA:29,5
DA:31,158
LF:7
LH:7
BRDA:15,0,0,0
BRDA:15,1,0,116
BRF:2
BRH:1
end_of_record
TN:
SF:components/ui/progress.tsx
FNF:0
FNH:0
DA:3,0
DA:4,0
DA:6,0
DA:26,0
DA:28,0
LF:5
LH:0
BRDA:22,0,0,0
BRDA:22,0,1,0
BRF:2
BRH:0
end_of_record
TN:
SF:components/ui/radio-group.tsx
FN:12,(anonymous_6)
FN:26,(anonymous_7)
FNF:2
FNH:0
FNDA:0,(anonymous_6)
FNDA:0,(anonymous_7)
DA:3,0
DA:4,0
DA:5,0
DA:7,0
DA:9,0
DA:21,0
DA:23,0
DA:42,0
DA:44,0
LF:9
LH:0
BRF:0
BRH:0
end_of_record
TN:
SF:components/ui/resizable.tsx
FNF:0
FNH:0
DA:3,0
DA:4,0
DA:6,0
DA:21,0
DA:45,0
LF:5
LH:0
BRDA:37,0,0,0
BRF:1
BRH:0
end_of_record
TN:
SF:components/ui/scroll-area.tsx
FNF:0
FNH:0
DA:3,3
DA:4,3
DA:6,3
DA:24,3
DA:46,3
DA:48,9
LF:6
LH:6
BRDA:29,0,0,8
BRDA:35,1,0,8
BRDA:35,1,1,8
BRDA:37,2,0,8
BRDA:37,2,1,0
BRF:5
BRH:4
end_of_record
TN:
SF:components/ui/select.tsx
FNF:0
FNH:0
DA:3,2
DA:4,2
DA:5,2
DA:7,2
DA:9,2
DA:11,2
DA:13,2
DA:33,2
DA:50,2
DA:67,2
DA:100,2
DA:112,2
DA:135,2
DA:147,2
DA:150,13
DA:151,0
DA:152,13
DA:153,13
DA:154,13
DA:155,0
DA:156,39
DA:157,0
DA:158,0
DA:159,0
LF:24
LH:19
BRDA:73,0,0,13
BRDA:79,1,0,13
BRDA:79,1,1,13
BRDA:90,2,0,13
BRDA:90,2,1,13
BRF:5
BRH:5
end_of_record
TN:
SF:components/ui/separator.tsx
FNF:0
FNH:0
DA:3,2
DA:4,2
DA:6,2
DA:29,2
DA:31,0
LF:5
LH:4
BRDA:13,0,0,0
BRDA:13,1,0,0
BRDA:22,2,0,0
BRDA:22,2,1,0
BRF:4
BRH:0
end_of_record
TN:
SF:components/ui/sheet.tsx
FNF:0
FNH:0
DA:3,0
DA:4,0
DA:5,0
DA:6,0
DA:8,0
DA:10,0
DA:12,0
DA:14,0
DA:16,0
DA:31,0
DA:33,0
DA:75,0
DA:89,0
DA:103,0
DA:115,0
DA:127,0
DA:130,0
DA:131,0
DA:132,0
DA:133,0
DA:134,0
DA:135,0
DA:136,0
DA:137,0
DA:138,0
DA:139,0
LF:26
LH:0
BRDA:59,0,0,0
BRF:1
BRH:0
end_of_record
TN:
SF:components/ui/sidebar.tsx
FN:36,useSidebar
FN:52,(anonymous_29)
FN:61,(anonymous_30)
FN:76,(anonymous_31)
FN:77,(anonymous_32)
FN:77,(anonymous_33)
FN:81,(anonymous_34)
FN:82,(anonymous_35)
FN:90,(anonymous_36)
FN:98,(anonymous_37)
FN:140,(anonymous_38)
FN:222,(anonymous_39)
FN:232,(anonymous_40)
FN:247,(anonymous_41)
FN:274,(anonymous_42)
FN:290,(anonymous_43)
FN:306,(anonymous_44)
FN:311,(anonymous_45)
FN:317,(anonymous_46)
FN:330,(anonymous_47)
FN:345,(anonymous_48)
FN:358,(anonymous_49)
FN:378,(anonymous_50)
FN:450,(anonymous_54)
FN:490,(anonymous_55)
FN:540,(anonymous_57)
FN:542,(anonymous_58)
FN:596,(anonymous_61)
FNF:28
FNH:0
FNDA:0,useSidebar
FNDA:0,(anonymous_29)
FNDA:0,(anonymous_30)
FNDA:0,(anonymous_31)
FNDA:0,(anonymous_32)
FNDA:0,(anonymous_33)
FNDA:0,(anonymous_34)
FNDA:0,(anonymous_35)
FNDA:0,(anonymous_36)
FNDA:0,(anonymous_37)
FNDA:0,(anonymous_38)
FNDA:0,(anonymous_39)
FNDA:0,(anonymous_40)
FNDA:0,(anonymous_41)
FNDA:0,(anonymous_42)
FNDA:0,(anonymous_43)
FNDA:0,(anonymous_44)
FNDA:0,(anonymous_45)
FNDA:0,(anonymous_46)
FNDA:0,(anonymous_47)
FNDA:0,(anonymous_48)
FNDA:0,(anonymous_49)
FNDA:0,(anonymous_50)
FNDA:0,(anonymous_54)
FNDA:0,(anonymous_55)
FNDA:0,(anonymous_57)
FNDA:0,(anonymous_58)
FNDA:0,(anonymous_61)
DA:3,0
DA:4,0
DA:5,0
DA:6,0
DA:8,0
DA:9,0
DA:10,0
DA:11,0
DA:12,0
DA:13,0
DA:14,0
DA:15,0
DA:17,0
DA:18,0
DA:19,0
DA:20,0
DA:21,0
DA:22,0
DA:34,0
DA:37,0
DA:38,0
DA:39,0
DA:42,0
DA:45,0
DA:53,0
DA:54,0
DA:58,0
DA:59,0
DA:60,0
DA:62,0
DA:63,0
DA:64,0
DA:66,0
DA:70,0
DA:76,0
DA:77,0
DA:81,0
DA:82,0
DA:83,0
DA:84,0
DA:85,0
DA:89,0
DA:90,0
DA:95,0
DA:97,0
DA:98,0
DA:131,0
DA:133,0
DA:141,0
DA:143,0
DA:155,0
DA:219,0
DA:221,0
DA:223,0
DA:233,0
DA:234,0
DA:244,0
DA:246,0
DA:248,0
DA:272,0
DA:274,0
DA:287,0
DA:289,0
DA:304,0
DA:306,0
DA:309,0
DA:311,0
DA:314,0
DA:316,0
DA:328,0
DA:330,0
DA:343,0
DA:345,0
DA:355,0
DA:357,0
DA:359,0
DA:375,0
DA:377,0
DA:379,0
DA:397,0
DA:404,0
DA:414,0
DA:419,0
DA:421,0
DA:443,0
DA:451,0
DA:452,0
DA:465,0
DA:466,0
DA:469,0
DA:470,0
DA:482,0
DA:484,0
DA:491,0
DA:513,0
DA:533,0
DA:535,0
DA:542,0
DA:543,0
DA:566,0
DA:582,0
DA:587,0
DA:589,0
DA:597,0
DA:617,0
DA:620,0
DA:621,0
DA:622,0
DA:623,0
DA:624,0
DA:625,0
DA:626,0
DA:627,0
DA:628,0
DA:629,0
DA:630,0
DA:631,0
DA:632,0
DA:633,0
DA:634,0
DA:635,0
DA:636,0
DA:637,0
DA:638,0
DA:639,0
DA:640,0
DA:641,0
DA:642,0
DA:643,0
LF:129
LH:0
BRDA:38,0,0,0
BRDA:52,1,0,0
BRDA:59,2,0,0
BRDA:59,2,1,0
BRDA:62,3,0,0
BRDA:62,3,1,0
BRDA:63,4,0,0
BRDA:63,4,1,0
BRDA:77,5,0,0
BRDA:77,5,1,0
BRDA:83,6,0,0
BRDA:83,7,0,0
BRDA:83,7,1,0
BRDA:83,7,2,0
BRDA:95,8,0,0
BRDA:95,8,1,0
BRDA:140,9,0,0
BRDA:140,10,0,0
BRDA:140,11,0,0
BRDA:143,12,0,0
BRDA:155,13,0,0
BRDA:180,14,0,0
BRDA:180,14,1,0
BRDA:190,15,0,0
BRDA:190,15,1,0
BRDA:190,16,0,0
BRDA:190,16,1,0
BRDA:198,17,0,0
BRDA:198,17,1,0
BRDA:202,18,0,0
BRDA:202,18,1,0
BRDA:202,19,0,0
BRDA:202,19,1,0
BRDA:358,20,0,0
BRDA:359,21,0,0
BRDA:359,21,1,0
BRDA:378,22,0,0
BRDA:379,23,0,0
BRDA:379,23,1,0
BRDA:450,24,0,0
BRDA:450,25,0,0
BRDA:450,26,0,0
BRDA:450,27,0,0
BRDA:451,28,0,0
BRDA:451,28,1,0
BRDA:465,29,0,0
BRDA:469,30,0,0
BRDA:478,31,0,0
BRDA:478,31,1,0
BRDA:490,32,0,0
BRDA:490,33,0,0
BRDA:491,34,0,0
BRDA:491,34,1,0
BRDA:505,35,0,0
BRDA:505,35,1,0
BRDA:540,36,0,0
BRDA:553,37,0,0
BRDA:596,38,0,0
BRDA:596,39,0,0
BRDA:597,40,0,0
BRDA:597,40,1,0
BRDA:608,41,0,0
BRDA:608,41,1,0
BRDA:609,42,0,0
BRDA:609,42,1,0
BRF:65
BRH:0
end_of_record
TN:
SF:components/ui/skeleton.tsx
FN:3,Skeleton
FNF:1
FNH:1
FNDA:54,Skeleton
DA:1,1
DA:15,54
LF:2
LH:2
BRF:0
BRH:0
end_of_record
TN:
SF:components/ui/slider.tsx
FNF:0
FNH:0
DA:3,1
DA:4,1
DA:6,1
DA:26,1
DA:28,120
LF:5
LH:5
BRF:0
BRH:0
end_of_record
TN:
SF:components/ui/sonner.tsx
FN:8,(anonymous_1)
FNF:1
FNH:0
FNDA:0,(anonymous_1)
DA:3,0
DA:4,0
DA:8,0
DA:9,0
DA:31,0
LF:5
LH:0
BRDA:9,0,0,0
BRF:1
BRH:0
end_of_record
TN:
SF:components/ui/switch.tsx
FNF:0
FNH:0
DA:3,0
DA:4,0
DA:6,0
DA:27,0
DA:29,0
LF:5
LH:0
BRF:0
BRH:0
end_of_record
TN:
SF:components/ui/table.tsx
FNF:0
FNH:0
DA:1,0
DA:3,0
DA:17,0
DA:25,0
DA:37,0
DA:52,0
DA:67,0
DA:82,0
DA:94,0
DA:106,0
DA:109,0
DA:110,0
DA:111,0
DA:112,0
DA:113,0
DA:114,0
DA:115,0
DA:116,0
LF:18
LH:0
BRF:0
BRH:0
end_of_record
TN:
SF:components/ui/tabs.tsx
FNF:0
FNH:0
DA:3,4
DA:4,4
DA:6,4
DA:8,4
DA:23,4
DA:38,4
DA:53,4
DA:55,556
LF:8
LH:8
BRF:0
BRH:0
end_of_record
TN:
SF:components/ui/textarea.tsx
FN:7,(anonymous_4)
FNF:1
FNH:0
FNDA:0,(anonymous_4)
DA:1,1
DA:3,1
DA:7,1
DA:19,1
DA:21,19
LF:5
LH:5
BRF:0
BRH:0
end_of_record
TN:
SF:components/ui/toast.tsx
FN:47,(anonymous_12)
FNF:1
FNH:0
FNDA:0,(anonymous_12)
DA:3,0
DA:4,0
DA:5,0
DA:6,0
DA:8,0
DA:10,0
DA:25,0
DA:27,0
DA:43,0
DA:56,0
DA:71,0
DA:89,0
DA:101,0
DA:113,0
DA:122,0
DA:123,0
DA:124,0
DA:125,0
DA:126,0
DA:127,0
DA:128,0
LF:21
LH:0
BRF:0
BRH:0
end_of_record
TN:
SF:components/ui/toaster.tsx
FN:13,Toaster
FN:18,(anonymous_2)
FNF:2
FNH:0
FNDA:0,Toaster
FNDA:0,(anonymous_2)
DA:3,0
DA:11,0
DA:13,0
DA:14,0
DA:19,0
LF:5
LH:0
BRDA:22,0,0,0
BRDA:23,1,0,0
BRF:2
BRH:0
end_of_record
TN:
SF:components/ui/toggle-group.tsx
FN:39,(anonymous_7)
FNF:1
FNH:0
FNDA:0,(anonymous_7)
DA:3,0
DA:4,0
DA:7,0
DA:8,0
DA:10,0
DA:33,0
DA:35,0
DA:40,0
DA:59,0
DA:61,0
LF:10
LH:0
BRDA:47,0,0,0
BRDA:47,0,1,0
BRDA:48,1,0,0
BRDA:48,1,1,0
BRF:4
BRH:0
end_of_record
TN:
SF:components/ui/toggle.tsx
FNF:0
FNH:0
DA:3,0
DA:4,0
DA:5,0
DA:7,0
DA:9,0
DA:43,0
DA:45,0
LF:7
LH:0
BRF:0
BRH:0
end_of_record
TN:
SF:components/ui/tooltip.tsx
FNF:0
FNH:0
DA:3,0
DA:4,0
DA:6,0
DA:8,0
DA:10,0
DA:12,0
DA:28,0
DA:30,0
LF:8
LH:0
BRDA:17,0,0,0
BRF:1
BRH:0
end_of_record
TN:
SF:components/ui/use-mobile.tsx
FN:5,useIsMobile
FN:8,(anonymous_5)
FN:10,(anonymous_6)
FN:15,(anonymous_7)
FNF:4
FNH:0
FNDA:0,useIsMobile
FNDA:0,(anonymous_5)
FNDA:0,(anonymous_6)
FNDA:0,(anonymous_7)
DA:1,0
DA:3,0
DA:5,0
DA:6,0
DA:8,0
DA:9,0
DA:10,0
DA:11,0
DA:13,0
DA:14,0
DA:15,0
DA:18,0
LF:12
LH:0
BRF:0
BRH:0
end_of_record
TN:
SF:components/ui/use-toast.ts
FN:30,genId
FN:61,(anonymous_8)
FN:66,(anonymous_9)
FN:77,(anonymous_10)
FN:88,(anonymous_11)
FN:101,(anonymous_12)
FN:108,(anonymous_13)
FN:127,(anonymous_14)
FN:136,dispatch
FN:138,(anonymous_16)
FN:145,toast
FN:148,(anonymous_18)
FN:153,(anonymous_19)
FN:161,(anonymous_20)
FN:174,useToast
FN:177,(anonymous_22)
FN:179,(anonymous_23)
FN:190,(anonymous_24)
FNF:18
FNH:8
FNDA:9,genId
FNDA:0,(anonymous_8)
FNDA:0,(anonymous_9)
FNDA:9,(anonymous_10)
FNDA:0,(anonymous_11)
FNDA:0,(anonymous_12)
FNDA:0,(anonymous_13)
FNDA:0,(anonymous_14)
FNDA:9,dispatch
FNDA:9,(anonymous_16)
FNDA:9,toast
FNDA:0,(anonymous_18)
FNDA:0,(anonymous_19)
FNDA:0,(anonymous_20)
FNDA:207,useToast
FNDA:68,(anonymous_22)
FNDA:68,(anonymous_23)
FNDA:0,(anonymous_24)
DA:4,6
DA:11,6
DA:12,6
DA:21,6
DA:28,6
DA:31,9
DA:32,9
DA:59,6
DA:61,6
DA:62,0
DA:63,0
DA:66,0
DA:67,0
DA:68,0
DA:74,0
DA:77,6
DA:78,9
DA:80,9
DA:86,0
DA:89,0
DA:94,0
DA:98,0
DA:99,0
DA:101,0
DA:102,0
DA:106,0
DA:109,0
DA:119,0
DA:120,0
DA:125,0
DA:127,0
DA:132,6
DA:134,6
DA:137,9
DA:138,9
DA:139,9
DA:146,9
DA:148,9
DA:149,0
DA:153,9
DA:155,9
DA:162,0
DA:167,9
DA:175,207
DA:177,207
DA:178,68
DA:179,68
DA:180,68
DA:181,68
DA:182,68
DA:187,207
DA:190,0
DA:194,207
LF:53
LH:31
BRDA:62,0,0,0
BRDA:78,1,0,9
BRDA:78,1,1,0
BRDA:78,1,2,0
BRDA:78,1,3,0
BRDA:89,2,0,0
BRDA:89,2,1,0
BRDA:98,3,0,0
BRDA:98,3,1,0
BRDA:109,4,0,0
BRDA:109,4,1,0
BRDA:109,5,0,0
BRDA:109,5,1,0
BRDA:119,6,0,0
BRDA:162,7,0,0
BRDA:181,8,0,68
BRF:16
BRH:2
end_of_record
TN:
SF:lib/auth-api.ts
FN:4,authenticateRequest
FN:53,unauthorizedResponse
FNF:2
FNH:0
FNDA:0,authenticateRequest
FNDA:0,unauthorizedResponse
DA:1,0
DA:2,0
DA:4,0
DA:5,0
DA:6,0
DA:8,0
DA:9,0
DA:15,0
DA:17,0
DA:32,0
DA:34,0
DA:35,0
DA:41,0
DA:46,0
DA:53,0
DA:54,0
LF:16
LH:0
BRDA:8,0,0,0
BRDA:8,1,0,0
BRDA:8,1,1,0
BRDA:34,2,0,0
BRDA:34,3,0,0
BRDA:34,3,1,0
BRDA:37,4,0,0
BRDA:37,4,1,0
BRDA:53,5,0,0
BRF:9
BRH:0
end_of_record
TN:
SF:lib/supabase.ts
FN:4,(anonymous_3)
FN:18,(anonymous_4)
FNF:2
FNH:0
FNDA:0,(anonymous_3)
FNDA:0,(anonymous_4)
DA:1,0
DA:4,0
DA:5,0
DA:6,0
DA:8,0
DA:10,0
DA:13,0
DA:18,0
DA:19,0
DA:20,0
DA:22,0
DA:23,0
DA:26,0
LF:13
LH:0
BRDA:8,0,0,0
BRDA:8,1,0,0
BRDA:8,1,1,0
BRDA:8,1,2,0
BRDA:22,2,0,0
BRDA:22,3,0,0
BRDA:22,3,1,0
BRDA:22,3,2,0
BRF:8
BRH:0
end_of_record
TN:
SF:lib/utils.ts
FN:4,cn
FNF:1
FNH:1
FNDA:4121,cn
DA:1,14
DA:2,14
DA:4,4121
DA:5,4121
LF:4
LH:4
BRF:0
BRH:0
end_of_record
TN:
SF:lib/validations.ts
FN:66,(anonymous_8)
FN:127,(anonymous_9)
FN:139,(anonymous_10)
FN:151,(anonymous_11)
FN:185,(anonymous_12)
FN:199,(anonymous_13)
FN:201,(anonymous_14)
FNF:7
FNH:7
FNDA:3,(anonymous_8)
FNDA:9,(anonymous_9)
FNDA:9,(anonymous_10)
FNDA:9,(anonymous_11)
FNDA:8,(anonymous_12)
FNDA:6,(anonymous_13)
FNDA:6,(anonymous_14)
DA:1,4
DA:4,10
DA:16,12
DA:41,4
DA:66,3
DA:72,5
DA:81,9
DA:128,9
DA:129,1
DA:131,8
DA:140,9
DA:141,1
DA:143,8
DA:152,9
DA:153,1
DA:155,8
DA:164,8
DA:186,8
DA:196,6
DA:199,6
DA:201,6
LF:21
LH:21
BRDA:128,0,0,1
BRDA:128,1,0,9
BRDA:128,1,1,2
BRDA:140,2,0,1
BRDA:140,3,0,9
BRDA:140,3,1,2
BRDA:152,4,0,1
BRDA:152,5,0,9
BRDA:152,5,1,2
BRF:9
BRH:9
end_of_record
